[2025-05-20 13:00:23,764] {processor.py:163} INFO - Started process (PID=112) to work on /opt/airflow/dags/01-ETLWeatherPrint.py
[2025-05-20 13:00:23,765] {processor.py:642} INFO - Processing file /opt/airflow/dags/01-ETLWeatherPrint.py for tasks to queue
[2025-05-20 13:00:23,766] {logging_mixin.py:109} INFO - [2025-05-20 13:00:23,766] {dagbag.py:500} INFO - Filling up the DagBag from /opt/airflow/dags/01-ETLWeatherPrint.py
[2025-05-20 13:00:24,376] {processor.py:654} INFO - DAG(s) dict_keys(['ETLWeatherPrint']) retrieved from /opt/airflow/dags/01-ETLWeatherPrint.py
[2025-05-20 13:00:25,802] {logging_mixin.py:109} INFO - [2025-05-20 13:00:25,802] {manager.py:496} INFO - Created Permission View: can edit on DAG:ETLWeatherPrint
[2025-05-20 13:00:25,811] {logging_mixin.py:109} INFO - [2025-05-20 13:00:25,811] {manager.py:496} INFO - Created Permission View: can read on DAG:ETLWeatherPrint
[2025-05-20 13:00:25,813] {logging_mixin.py:109} INFO - [2025-05-20 13:00:25,811] {dag.py:2398} INFO - Sync 1 DAGs
[2025-05-20 13:00:25,822] {logging_mixin.py:109} INFO - [2025-05-20 13:00:25,821] {dag.py:2417} INFO - Creating ORM DAG for ETLWeatherPrint
[2025-05-20 13:00:25,828] {logging_mixin.py:109} INFO - [2025-05-20 13:00:25,828] {dag.py:2937} INFO - Setting next_dagrun for ETLWeatherPrint to None
[2025-05-20 13:00:25,839] {processor.py:171} INFO - Processing /opt/airflow/dags/01-ETLWeatherPrint.py took 2.083 seconds
[2025-05-20 13:00:56,449] {processor.py:163} INFO - Started process (PID=265) to work on /opt/airflow/dags/01-ETLWeatherPrint.py
[2025-05-20 13:00:56,451] {processor.py:642} INFO - Processing file /opt/airflow/dags/01-ETLWeatherPrint.py for tasks to queue
[2025-05-20 13:00:56,451] {logging_mixin.py:109} INFO - [2025-05-20 13:00:56,451] {dagbag.py:500} INFO - Filling up the DagBag from /opt/airflow/dags/01-ETLWeatherPrint.py
[2025-05-20 13:00:56,905] {processor.py:654} INFO - DAG(s) dict_keys(['ETLWeatherPrint']) retrieved from /opt/airflow/dags/01-ETLWeatherPrint.py
[2025-05-20 13:00:57,063] {logging_mixin.py:109} INFO - [2025-05-20 13:00:57,063] {dag.py:2398} INFO - Sync 1 DAGs
[2025-05-20 13:00:57,073] {logging_mixin.py:109} INFO - [2025-05-20 13:00:57,073] {dag.py:2937} INFO - Setting next_dagrun for ETLWeatherPrint to None
[2025-05-20 13:00:57,080] {processor.py:171} INFO - Processing /opt/airflow/dags/01-ETLWeatherPrint.py took 0.634 seconds
[2025-05-20 13:01:27,881] {processor.py:163} INFO - Started process (PID=402) to work on /opt/airflow/dags/01-ETLWeatherPrint.py
[2025-05-20 13:01:27,882] {processor.py:642} INFO - Processing file /opt/airflow/dags/01-ETLWeatherPrint.py for tasks to queue
[2025-05-20 13:01:27,883] {logging_mixin.py:109} INFO - [2025-05-20 13:01:27,883] {dagbag.py:500} INFO - Filling up the DagBag from /opt/airflow/dags/01-ETLWeatherPrint.py
[2025-05-20 13:01:28,258] {processor.py:654} INFO - DAG(s) dict_keys(['ETLWeatherPrint']) retrieved from /opt/airflow/dags/01-ETLWeatherPrint.py
[2025-05-20 13:01:28,265] {logging_mixin.py:109} INFO - [2025-05-20 13:01:28,265] {dag.py:2398} INFO - Sync 1 DAGs
[2025-05-20 13:01:28,275] {logging_mixin.py:109} INFO - [2025-05-20 13:01:28,275] {dag.py:2937} INFO - Setting next_dagrun for ETLWeatherPrint to None
[2025-05-20 13:01:28,280] {processor.py:171} INFO - Processing /opt/airflow/dags/01-ETLWeatherPrint.py took 0.401 seconds
[2025-05-20 13:01:59,082] {processor.py:163} INFO - Started process (PID=534) to work on /opt/airflow/dags/01-ETLWeatherPrint.py
[2025-05-20 13:01:59,083] {processor.py:642} INFO - Processing file /opt/airflow/dags/01-ETLWeatherPrint.py for tasks to queue
[2025-05-20 13:01:59,083] {logging_mixin.py:109} INFO - [2025-05-20 13:01:59,083] {dagbag.py:500} INFO - Filling up the DagBag from /opt/airflow/dags/01-ETLWeatherPrint.py
[2025-05-20 13:01:59,488] {processor.py:654} INFO - DAG(s) dict_keys(['ETLWeatherPrint']) retrieved from /opt/airflow/dags/01-ETLWeatherPrint.py
[2025-05-20 13:01:59,496] {logging_mixin.py:109} INFO - [2025-05-20 13:01:59,496] {dag.py:2398} INFO - Sync 1 DAGs
[2025-05-20 13:01:59,506] {logging_mixin.py:109} INFO - [2025-05-20 13:01:59,506] {dag.py:2937} INFO - Setting next_dagrun for ETLWeatherPrint to None
[2025-05-20 13:01:59,513] {processor.py:171} INFO - Processing /opt/airflow/dags/01-ETLWeatherPrint.py took 0.434 seconds
[2025-05-20 13:02:30,125] {processor.py:163} INFO - Started process (PID=676) to work on /opt/airflow/dags/01-ETLWeatherPrint.py
[2025-05-20 13:02:30,126] {processor.py:642} INFO - Processing file /opt/airflow/dags/01-ETLWeatherPrint.py for tasks to queue
[2025-05-20 13:02:30,126] {logging_mixin.py:109} INFO - [2025-05-20 13:02:30,126] {dagbag.py:500} INFO - Filling up the DagBag from /opt/airflow/dags/01-ETLWeatherPrint.py
[2025-05-20 13:02:30,512] {processor.py:654} INFO - DAG(s) dict_keys(['ETLWeatherPrint']) retrieved from /opt/airflow/dags/01-ETLWeatherPrint.py
[2025-05-20 13:02:30,518] {logging_mixin.py:109} INFO - [2025-05-20 13:02:30,518] {dag.py:2398} INFO - Sync 1 DAGs
[2025-05-20 13:02:30,529] {logging_mixin.py:109} INFO - [2025-05-20 13:02:30,529] {dag.py:2937} INFO - Setting next_dagrun for ETLWeatherPrint to None
[2025-05-20 13:02:30,535] {processor.py:171} INFO - Processing /opt/airflow/dags/01-ETLWeatherPrint.py took 0.412 seconds
[2025-05-20 13:03:00,947] {processor.py:163} INFO - Started process (PID=808) to work on /opt/airflow/dags/01-ETLWeatherPrint.py
[2025-05-20 13:03:00,949] {processor.py:642} INFO - Processing file /opt/airflow/dags/01-ETLWeatherPrint.py for tasks to queue
[2025-05-20 13:03:00,949] {logging_mixin.py:109} INFO - [2025-05-20 13:03:00,949] {dagbag.py:500} INFO - Filling up the DagBag from /opt/airflow/dags/01-ETLWeatherPrint.py
[2025-05-20 13:03:01,385] {processor.py:654} INFO - DAG(s) dict_keys(['ETLWeatherPrint']) retrieved from /opt/airflow/dags/01-ETLWeatherPrint.py
[2025-05-20 13:03:01,391] {logging_mixin.py:109} INFO - [2025-05-20 13:03:01,391] {dag.py:2398} INFO - Sync 1 DAGs
[2025-05-20 13:03:01,403] {logging_mixin.py:109} INFO - [2025-05-20 13:03:01,403] {dag.py:2937} INFO - Setting next_dagrun for ETLWeatherPrint to None
[2025-05-20 13:03:01,409] {processor.py:171} INFO - Processing /opt/airflow/dags/01-ETLWeatherPrint.py took 0.464 seconds
[2025-05-20 13:03:31,898] {processor.py:163} INFO - Started process (PID=947) to work on /opt/airflow/dags/01-ETLWeatherPrint.py
[2025-05-20 13:03:31,899] {processor.py:642} INFO - Processing file /opt/airflow/dags/01-ETLWeatherPrint.py for tasks to queue
[2025-05-20 13:03:31,900] {logging_mixin.py:109} INFO - [2025-05-20 13:03:31,900] {dagbag.py:500} INFO - Filling up the DagBag from /opt/airflow/dags/01-ETLWeatherPrint.py
[2025-05-20 13:03:32,371] {processor.py:654} INFO - DAG(s) dict_keys(['ETLWeatherPrint']) retrieved from /opt/airflow/dags/01-ETLWeatherPrint.py
[2025-05-20 13:03:32,379] {logging_mixin.py:109} INFO - [2025-05-20 13:03:32,379] {dag.py:2398} INFO - Sync 1 DAGs
[2025-05-20 13:03:32,391] {logging_mixin.py:109} INFO - [2025-05-20 13:03:32,391] {dag.py:2937} INFO - Setting next_dagrun for ETLWeatherPrint to None
[2025-05-20 13:03:32,399] {processor.py:171} INFO - Processing /opt/airflow/dags/01-ETLWeatherPrint.py took 0.504 seconds
[2025-05-20 13:04:02,981] {processor.py:163} INFO - Started process (PID=1082) to work on /opt/airflow/dags/01-ETLWeatherPrint.py
[2025-05-20 13:04:02,982] {processor.py:642} INFO - Processing file /opt/airflow/dags/01-ETLWeatherPrint.py for tasks to queue
[2025-05-20 13:04:02,982] {logging_mixin.py:109} INFO - [2025-05-20 13:04:02,982] {dagbag.py:500} INFO - Filling up the DagBag from /opt/airflow/dags/01-ETLWeatherPrint.py
[2025-05-20 13:04:03,366] {processor.py:654} INFO - DAG(s) dict_keys(['ETLWeatherPrint']) retrieved from /opt/airflow/dags/01-ETLWeatherPrint.py
[2025-05-20 13:04:03,374] {logging_mixin.py:109} INFO - [2025-05-20 13:04:03,374] {dag.py:2398} INFO - Sync 1 DAGs
[2025-05-20 13:04:03,386] {logging_mixin.py:109} INFO - [2025-05-20 13:04:03,386] {dag.py:2937} INFO - Setting next_dagrun for ETLWeatherPrint to None
[2025-05-20 13:04:03,394] {processor.py:171} INFO - Processing /opt/airflow/dags/01-ETLWeatherPrint.py took 0.415 seconds
[2025-05-20 13:04:33,463] {processor.py:163} INFO - Started process (PID=1219) to work on /opt/airflow/dags/01-ETLWeatherPrint.py
[2025-05-20 13:04:33,464] {processor.py:642} INFO - Processing file /opt/airflow/dags/01-ETLWeatherPrint.py for tasks to queue
[2025-05-20 13:04:33,464] {logging_mixin.py:109} INFO - [2025-05-20 13:04:33,464] {dagbag.py:500} INFO - Filling up the DagBag from /opt/airflow/dags/01-ETLWeatherPrint.py
[2025-05-20 13:04:33,827] {processor.py:654} INFO - DAG(s) dict_keys(['ETLWeatherPrint']) retrieved from /opt/airflow/dags/01-ETLWeatherPrint.py
[2025-05-20 13:04:33,968] {logging_mixin.py:109} INFO - [2025-05-20 13:04:33,967] {dag.py:2398} INFO - Sync 1 DAGs
[2025-05-20 13:04:33,979] {logging_mixin.py:109} INFO - [2025-05-20 13:04:33,979] {dag.py:2937} INFO - Setting next_dagrun for ETLWeatherPrint to None
[2025-05-20 13:04:33,988] {processor.py:171} INFO - Processing /opt/airflow/dags/01-ETLWeatherPrint.py took 0.528 seconds
[2025-05-20 13:05:04,293] {processor.py:163} INFO - Started process (PID=1356) to work on /opt/airflow/dags/01-ETLWeatherPrint.py
[2025-05-20 13:05:04,295] {processor.py:642} INFO - Processing file /opt/airflow/dags/01-ETLWeatherPrint.py for tasks to queue
[2025-05-20 13:05:04,295] {logging_mixin.py:109} INFO - [2025-05-20 13:05:04,295] {dagbag.py:500} INFO - Filling up the DagBag from /opt/airflow/dags/01-ETLWeatherPrint.py
[2025-05-20 13:05:04,795] {processor.py:654} INFO - DAG(s) dict_keys(['ETLWeatherPrint']) retrieved from /opt/airflow/dags/01-ETLWeatherPrint.py
[2025-05-20 13:05:04,949] {logging_mixin.py:109} INFO - [2025-05-20 13:05:04,949] {dag.py:2398} INFO - Sync 1 DAGs
[2025-05-20 13:05:04,959] {logging_mixin.py:109} INFO - [2025-05-20 13:05:04,959] {dag.py:2937} INFO - Setting next_dagrun for ETLWeatherPrint to None
[2025-05-20 13:05:04,966] {processor.py:171} INFO - Processing /opt/airflow/dags/01-ETLWeatherPrint.py took 0.675 seconds
[2025-05-20 13:05:35,075] {processor.py:163} INFO - Started process (PID=1491) to work on /opt/airflow/dags/01-ETLWeatherPrint.py
[2025-05-20 13:05:35,076] {processor.py:642} INFO - Processing file /opt/airflow/dags/01-ETLWeatherPrint.py for tasks to queue
[2025-05-20 13:05:35,076] {logging_mixin.py:109} INFO - [2025-05-20 13:05:35,076] {dagbag.py:500} INFO - Filling up the DagBag from /opt/airflow/dags/01-ETLWeatherPrint.py
[2025-05-20 13:05:35,815] {processor.py:654} INFO - DAG(s) dict_keys(['ETLWeatherPrint']) retrieved from /opt/airflow/dags/01-ETLWeatherPrint.py
[2025-05-20 13:05:35,958] {logging_mixin.py:109} INFO - [2025-05-20 13:05:35,958] {dag.py:2398} INFO - Sync 1 DAGs
[2025-05-20 13:05:35,969] {logging_mixin.py:109} INFO - [2025-05-20 13:05:35,969] {dag.py:2937} INFO - Setting next_dagrun for ETLWeatherPrint to None
[2025-05-20 13:05:35,976] {processor.py:171} INFO - Processing /opt/airflow/dags/01-ETLWeatherPrint.py took 0.903 seconds
[2025-05-20 13:06:06,482] {processor.py:163} INFO - Started process (PID=1625) to work on /opt/airflow/dags/01-ETLWeatherPrint.py
[2025-05-20 13:06:06,483] {processor.py:642} INFO - Processing file /opt/airflow/dags/01-ETLWeatherPrint.py for tasks to queue
[2025-05-20 13:06:06,483] {logging_mixin.py:109} INFO - [2025-05-20 13:06:06,483] {dagbag.py:500} INFO - Filling up the DagBag from /opt/airflow/dags/01-ETLWeatherPrint.py
[2025-05-20 13:06:06,849] {processor.py:654} INFO - DAG(s) dict_keys(['ETLWeatherPrint']) retrieved from /opt/airflow/dags/01-ETLWeatherPrint.py
[2025-05-20 13:06:06,856] {logging_mixin.py:109} INFO - [2025-05-20 13:06:06,856] {dag.py:2398} INFO - Sync 1 DAGs
[2025-05-20 13:06:06,866] {logging_mixin.py:109} INFO - [2025-05-20 13:06:06,866] {dag.py:2937} INFO - Setting next_dagrun for ETLWeatherPrint to None
[2025-05-20 13:06:06,872] {processor.py:171} INFO - Processing /opt/airflow/dags/01-ETLWeatherPrint.py took 0.392 seconds
[2025-05-20 13:06:37,419] {processor.py:163} INFO - Started process (PID=1766) to work on /opt/airflow/dags/01-ETLWeatherPrint.py
[2025-05-20 13:06:37,420] {processor.py:642} INFO - Processing file /opt/airflow/dags/01-ETLWeatherPrint.py for tasks to queue
[2025-05-20 13:06:37,420] {logging_mixin.py:109} INFO - [2025-05-20 13:06:37,420] {dagbag.py:500} INFO - Filling up the DagBag from /opt/airflow/dags/01-ETLWeatherPrint.py
[2025-05-20 13:06:37,804] {processor.py:654} INFO - DAG(s) dict_keys(['ETLWeatherPrint']) retrieved from /opt/airflow/dags/01-ETLWeatherPrint.py
[2025-05-20 13:06:37,810] {logging_mixin.py:109} INFO - [2025-05-20 13:06:37,810] {dag.py:2398} INFO - Sync 1 DAGs
[2025-05-20 13:06:37,820] {logging_mixin.py:109} INFO - [2025-05-20 13:06:37,820] {dag.py:2937} INFO - Setting next_dagrun for ETLWeatherPrint to None
[2025-05-20 13:06:37,825] {processor.py:171} INFO - Processing /opt/airflow/dags/01-ETLWeatherPrint.py took 0.408 seconds
[2025-05-20 13:07:07,992] {processor.py:163} INFO - Started process (PID=1899) to work on /opt/airflow/dags/01-ETLWeatherPrint.py
[2025-05-20 13:07:07,993] {processor.py:642} INFO - Processing file /opt/airflow/dags/01-ETLWeatherPrint.py for tasks to queue
[2025-05-20 13:07:07,993] {logging_mixin.py:109} INFO - [2025-05-20 13:07:07,993] {dagbag.py:500} INFO - Filling up the DagBag from /opt/airflow/dags/01-ETLWeatherPrint.py
[2025-05-20 13:07:08,382] {processor.py:654} INFO - DAG(s) dict_keys(['ETLWeatherPrint']) retrieved from /opt/airflow/dags/01-ETLWeatherPrint.py
[2025-05-20 13:07:08,389] {logging_mixin.py:109} INFO - [2025-05-20 13:07:08,389] {dag.py:2398} INFO - Sync 1 DAGs
[2025-05-20 13:07:08,400] {logging_mixin.py:109} INFO - [2025-05-20 13:07:08,399] {dag.py:2937} INFO - Setting next_dagrun for ETLWeatherPrint to None
[2025-05-20 13:07:08,405] {processor.py:171} INFO - Processing /opt/airflow/dags/01-ETLWeatherPrint.py took 0.415 seconds
[2025-05-20 13:07:38,550] {processor.py:163} INFO - Started process (PID=2031) to work on /opt/airflow/dags/01-ETLWeatherPrint.py
[2025-05-20 13:07:38,551] {processor.py:642} INFO - Processing file /opt/airflow/dags/01-ETLWeatherPrint.py for tasks to queue
[2025-05-20 13:07:38,552] {logging_mixin.py:109} INFO - [2025-05-20 13:07:38,552] {dagbag.py:500} INFO - Filling up the DagBag from /opt/airflow/dags/01-ETLWeatherPrint.py
[2025-05-20 13:07:38,934] {processor.py:654} INFO - DAG(s) dict_keys(['ETLWeatherPrint']) retrieved from /opt/airflow/dags/01-ETLWeatherPrint.py
[2025-05-20 13:07:39,075] {logging_mixin.py:109} INFO - [2025-05-20 13:07:39,075] {dag.py:2398} INFO - Sync 1 DAGs
[2025-05-20 13:07:39,087] {logging_mixin.py:109} INFO - [2025-05-20 13:07:39,087] {dag.py:2937} INFO - Setting next_dagrun for ETLWeatherPrint to None
[2025-05-20 13:07:39,095] {processor.py:171} INFO - Processing /opt/airflow/dags/01-ETLWeatherPrint.py took 0.547 seconds
[2025-05-20 13:08:11,199] {processor.py:163} INFO - Started process (PID=2178) to work on /opt/airflow/dags/01-ETLWeatherPrint.py
[2025-05-20 13:08:11,200] {processor.py:642} INFO - Processing file /opt/airflow/dags/01-ETLWeatherPrint.py for tasks to queue
[2025-05-20 13:08:11,200] {logging_mixin.py:109} INFO - [2025-05-20 13:08:11,200] {dagbag.py:500} INFO - Filling up the DagBag from /opt/airflow/dags/01-ETLWeatherPrint.py
[2025-05-20 13:08:11,575] {processor.py:654} INFO - DAG(s) dict_keys(['ETLWeatherPrint']) retrieved from /opt/airflow/dags/01-ETLWeatherPrint.py
[2025-05-20 13:08:11,581] {logging_mixin.py:109} INFO - [2025-05-20 13:08:11,581] {dag.py:2398} INFO - Sync 1 DAGs
[2025-05-20 13:08:11,591] {logging_mixin.py:109} INFO - [2025-05-20 13:08:11,591] {dag.py:2937} INFO - Setting next_dagrun for ETLWeatherPrint to None
[2025-05-20 13:08:11,597] {processor.py:171} INFO - Processing /opt/airflow/dags/01-ETLWeatherPrint.py took 0.400 seconds
[2025-05-20 13:08:43,191] {processor.py:163} INFO - Started process (PID=2306) to work on /opt/airflow/dags/01-ETLWeatherPrint.py
[2025-05-20 13:08:43,192] {processor.py:642} INFO - Processing file /opt/airflow/dags/01-ETLWeatherPrint.py for tasks to queue
[2025-05-20 13:08:43,192] {logging_mixin.py:109} INFO - [2025-05-20 13:08:43,192] {dagbag.py:500} INFO - Filling up the DagBag from /opt/airflow/dags/01-ETLWeatherPrint.py
[2025-05-20 13:08:43,572] {processor.py:654} INFO - DAG(s) dict_keys(['ETLWeatherPrint']) retrieved from /opt/airflow/dags/01-ETLWeatherPrint.py
[2025-05-20 13:08:43,711] {logging_mixin.py:109} INFO - [2025-05-20 13:08:43,711] {dag.py:2398} INFO - Sync 1 DAGs
[2025-05-20 13:08:43,722] {logging_mixin.py:109} INFO - [2025-05-20 13:08:43,722] {dag.py:2937} INFO - Setting next_dagrun for ETLWeatherPrint to None
[2025-05-20 13:08:43,730] {processor.py:171} INFO - Processing /opt/airflow/dags/01-ETLWeatherPrint.py took 0.541 seconds
[2025-05-20 13:09:15,633] {processor.py:163} INFO - Started process (PID=2449) to work on /opt/airflow/dags/01-ETLWeatherPrint.py
[2025-05-20 13:09:15,634] {processor.py:642} INFO - Processing file /opt/airflow/dags/01-ETLWeatherPrint.py for tasks to queue
[2025-05-20 13:09:15,634] {logging_mixin.py:109} INFO - [2025-05-20 13:09:15,634] {dagbag.py:500} INFO - Filling up the DagBag from /opt/airflow/dags/01-ETLWeatherPrint.py
[2025-05-20 13:09:15,991] {processor.py:654} INFO - DAG(s) dict_keys(['ETLWeatherPrint']) retrieved from /opt/airflow/dags/01-ETLWeatherPrint.py
[2025-05-20 13:09:15,997] {logging_mixin.py:109} INFO - [2025-05-20 13:09:15,996] {dag.py:2398} INFO - Sync 1 DAGs
[2025-05-20 13:09:16,007] {logging_mixin.py:109} INFO - [2025-05-20 13:09:16,007] {dag.py:2937} INFO - Setting next_dagrun for ETLWeatherPrint to None
[2025-05-20 13:09:16,013] {processor.py:171} INFO - Processing /opt/airflow/dags/01-ETLWeatherPrint.py took 0.383 seconds
[2025-05-20 13:09:47,486] {processor.py:163} INFO - Started process (PID=2581) to work on /opt/airflow/dags/01-ETLWeatherPrint.py
[2025-05-20 13:09:47,487] {processor.py:642} INFO - Processing file /opt/airflow/dags/01-ETLWeatherPrint.py for tasks to queue
[2025-05-20 13:09:47,488] {logging_mixin.py:109} INFO - [2025-05-20 13:09:47,487] {dagbag.py:500} INFO - Filling up the DagBag from /opt/airflow/dags/01-ETLWeatherPrint.py
[2025-05-20 13:09:47,845] {processor.py:654} INFO - DAG(s) dict_keys(['ETLWeatherPrint']) retrieved from /opt/airflow/dags/01-ETLWeatherPrint.py
[2025-05-20 13:09:47,982] {logging_mixin.py:109} INFO - [2025-05-20 13:09:47,982] {dag.py:2398} INFO - Sync 1 DAGs
[2025-05-20 13:09:47,994] {logging_mixin.py:109} INFO - [2025-05-20 13:09:47,994] {dag.py:2937} INFO - Setting next_dagrun for ETLWeatherPrint to None
[2025-05-20 13:09:48,001] {processor.py:171} INFO - Processing /opt/airflow/dags/01-ETLWeatherPrint.py took 0.517 seconds
[2025-05-20 13:10:19,498] {processor.py:163} INFO - Started process (PID=2701) to work on /opt/airflow/dags/01-ETLWeatherPrint.py
[2025-05-20 13:10:19,499] {processor.py:642} INFO - Processing file /opt/airflow/dags/01-ETLWeatherPrint.py for tasks to queue
[2025-05-20 13:10:19,500] {logging_mixin.py:109} INFO - [2025-05-20 13:10:19,500] {dagbag.py:500} INFO - Filling up the DagBag from /opt/airflow/dags/01-ETLWeatherPrint.py
[2025-05-20 13:10:20,089] {processor.py:654} INFO - DAG(s) dict_keys(['ETLWeatherPrint']) retrieved from /opt/airflow/dags/01-ETLWeatherPrint.py
[2025-05-20 13:10:20,282] {logging_mixin.py:109} INFO - [2025-05-20 13:10:20,282] {dag.py:2398} INFO - Sync 1 DAGs
[2025-05-20 13:10:20,298] {logging_mixin.py:109} INFO - [2025-05-20 13:10:20,298] {dag.py:2937} INFO - Setting next_dagrun for ETLWeatherPrint to None
[2025-05-20 13:10:20,308] {processor.py:171} INFO - Processing /opt/airflow/dags/01-ETLWeatherPrint.py took 0.814 seconds
[2025-05-20 13:10:51,430] {processor.py:163} INFO - Started process (PID=2836) to work on /opt/airflow/dags/01-ETLWeatherPrint.py
[2025-05-20 13:10:51,431] {processor.py:642} INFO - Processing file /opt/airflow/dags/01-ETLWeatherPrint.py for tasks to queue
[2025-05-20 13:10:51,431] {logging_mixin.py:109} INFO - [2025-05-20 13:10:51,431] {dagbag.py:500} INFO - Filling up the DagBag from /opt/airflow/dags/01-ETLWeatherPrint.py
[2025-05-20 13:10:51,842] {processor.py:654} INFO - DAG(s) dict_keys(['ETLWeatherPrint']) retrieved from /opt/airflow/dags/01-ETLWeatherPrint.py
[2025-05-20 13:10:51,980] {logging_mixin.py:109} INFO - [2025-05-20 13:10:51,980] {dag.py:2398} INFO - Sync 1 DAGs
[2025-05-20 13:10:51,992] {logging_mixin.py:109} INFO - [2025-05-20 13:10:51,992] {dag.py:2937} INFO - Setting next_dagrun for ETLWeatherPrint to None
[2025-05-20 13:10:52,000] {processor.py:171} INFO - Processing /opt/airflow/dags/01-ETLWeatherPrint.py took 0.572 seconds
[2025-05-20 13:11:23,355] {processor.py:163} INFO - Started process (PID=2950) to work on /opt/airflow/dags/01-ETLWeatherPrint.py
[2025-05-20 13:11:23,356] {processor.py:642} INFO - Processing file /opt/airflow/dags/01-ETLWeatherPrint.py for tasks to queue
[2025-05-20 13:11:23,356] {logging_mixin.py:109} INFO - [2025-05-20 13:11:23,356] {dagbag.py:500} INFO - Filling up the DagBag from /opt/airflow/dags/01-ETLWeatherPrint.py
[2025-05-20 13:11:23,776] {processor.py:654} INFO - DAG(s) dict_keys(['ETLWeatherPrint']) retrieved from /opt/airflow/dags/01-ETLWeatherPrint.py
[2025-05-20 13:11:23,784] {logging_mixin.py:109} INFO - [2025-05-20 13:11:23,784] {dag.py:2398} INFO - Sync 1 DAGs
[2025-05-20 13:11:23,796] {logging_mixin.py:109} INFO - [2025-05-20 13:11:23,796] {dag.py:2937} INFO - Setting next_dagrun for ETLWeatherPrint to None
[2025-05-20 13:11:23,803] {processor.py:171} INFO - Processing /opt/airflow/dags/01-ETLWeatherPrint.py took 0.450 seconds
[2025-05-20 13:11:55,755] {processor.py:163} INFO - Started process (PID=3107) to work on /opt/airflow/dags/01-ETLWeatherPrint.py
[2025-05-20 13:11:55,755] {processor.py:642} INFO - Processing file /opt/airflow/dags/01-ETLWeatherPrint.py for tasks to queue
[2025-05-20 13:11:55,756] {logging_mixin.py:109} INFO - [2025-05-20 13:11:55,756] {dagbag.py:500} INFO - Filling up the DagBag from /opt/airflow/dags/01-ETLWeatherPrint.py
[2025-05-20 13:11:56,168] {processor.py:654} INFO - DAG(s) dict_keys(['ETLWeatherPrint']) retrieved from /opt/airflow/dags/01-ETLWeatherPrint.py
[2025-05-20 13:11:56,179] {logging_mixin.py:109} INFO - [2025-05-20 13:11:56,179] {dag.py:2398} INFO - Sync 1 DAGs
[2025-05-20 13:11:56,196] {logging_mixin.py:109} INFO - [2025-05-20 13:11:56,196] {dag.py:2937} INFO - Setting next_dagrun for ETLWeatherPrint to None
[2025-05-20 13:11:56,208] {processor.py:171} INFO - Processing /opt/airflow/dags/01-ETLWeatherPrint.py took 0.456 seconds
[2025-05-20 13:12:28,133] {processor.py:163} INFO - Started process (PID=3239) to work on /opt/airflow/dags/01-ETLWeatherPrint.py
[2025-05-20 13:12:28,134] {processor.py:642} INFO - Processing file /opt/airflow/dags/01-ETLWeatherPrint.py for tasks to queue
[2025-05-20 13:12:28,134] {logging_mixin.py:109} INFO - [2025-05-20 13:12:28,134] {dagbag.py:500} INFO - Filling up the DagBag from /opt/airflow/dags/01-ETLWeatherPrint.py
[2025-05-20 13:12:28,510] {processor.py:654} INFO - DAG(s) dict_keys(['ETLWeatherPrint']) retrieved from /opt/airflow/dags/01-ETLWeatherPrint.py
[2025-05-20 13:12:28,652] {logging_mixin.py:109} INFO - [2025-05-20 13:12:28,652] {dag.py:2398} INFO - Sync 1 DAGs
[2025-05-20 13:12:28,662] {logging_mixin.py:109} INFO - [2025-05-20 13:12:28,662] {dag.py:2937} INFO - Setting next_dagrun for ETLWeatherPrint to None
[2025-05-20 13:12:28,670] {processor.py:171} INFO - Processing /opt/airflow/dags/01-ETLWeatherPrint.py took 0.539 seconds
[2025-05-20 13:13:01,111] {processor.py:163} INFO - Started process (PID=3381) to work on /opt/airflow/dags/01-ETLWeatherPrint.py
[2025-05-20 13:13:01,112] {processor.py:642} INFO - Processing file /opt/airflow/dags/01-ETLWeatherPrint.py for tasks to queue
[2025-05-20 13:13:01,112] {logging_mixin.py:109} INFO - [2025-05-20 13:13:01,112] {dagbag.py:500} INFO - Filling up the DagBag from /opt/airflow/dags/01-ETLWeatherPrint.py
[2025-05-20 13:13:01,530] {processor.py:654} INFO - DAG(s) dict_keys(['ETLWeatherPrint']) retrieved from /opt/airflow/dags/01-ETLWeatherPrint.py
[2025-05-20 13:13:01,538] {logging_mixin.py:109} INFO - [2025-05-20 13:13:01,538] {dag.py:2398} INFO - Sync 1 DAGs
[2025-05-20 13:13:01,549] {logging_mixin.py:109} INFO - [2025-05-20 13:13:01,549] {dag.py:2937} INFO - Setting next_dagrun for ETLWeatherPrint to None
[2025-05-20 13:13:01,555] {processor.py:171} INFO - Processing /opt/airflow/dags/01-ETLWeatherPrint.py took 0.447 seconds
[2025-05-20 13:13:32,965] {processor.py:163} INFO - Started process (PID=3498) to work on /opt/airflow/dags/01-ETLWeatherPrint.py
[2025-05-20 13:13:32,966] {processor.py:642} INFO - Processing file /opt/airflow/dags/01-ETLWeatherPrint.py for tasks to queue
[2025-05-20 13:13:32,966] {logging_mixin.py:109} INFO - [2025-05-20 13:13:32,966] {dagbag.py:500} INFO - Filling up the DagBag from /opt/airflow/dags/01-ETLWeatherPrint.py
[2025-05-20 13:13:33,352] {processor.py:654} INFO - DAG(s) dict_keys(['ETLWeatherPrint']) retrieved from /opt/airflow/dags/01-ETLWeatherPrint.py
[2025-05-20 13:13:33,484] {logging_mixin.py:109} INFO - [2025-05-20 13:13:33,484] {dag.py:2398} INFO - Sync 1 DAGs
[2025-05-20 13:13:33,494] {logging_mixin.py:109} INFO - [2025-05-20 13:13:33,494] {dag.py:2937} INFO - Setting next_dagrun for ETLWeatherPrint to None
[2025-05-20 13:13:33,500] {processor.py:171} INFO - Processing /opt/airflow/dags/01-ETLWeatherPrint.py took 0.537 seconds
[2025-05-20 13:14:05,340] {processor.py:163} INFO - Started process (PID=3655) to work on /opt/airflow/dags/01-ETLWeatherPrint.py
[2025-05-20 13:14:05,341] {processor.py:642} INFO - Processing file /opt/airflow/dags/01-ETLWeatherPrint.py for tasks to queue
[2025-05-20 13:14:05,342] {logging_mixin.py:109} INFO - [2025-05-20 13:14:05,342] {dagbag.py:500} INFO - Filling up the DagBag from /opt/airflow/dags/01-ETLWeatherPrint.py
[2025-05-20 13:14:05,701] {processor.py:654} INFO - DAG(s) dict_keys(['ETLWeatherPrint']) retrieved from /opt/airflow/dags/01-ETLWeatherPrint.py
[2025-05-20 13:14:05,834] {logging_mixin.py:109} INFO - [2025-05-20 13:14:05,834] {dag.py:2398} INFO - Sync 1 DAGs
[2025-05-20 13:14:05,844] {logging_mixin.py:109} INFO - [2025-05-20 13:14:05,844] {dag.py:2937} INFO - Setting next_dagrun for ETLWeatherPrint to None
[2025-05-20 13:14:05,851] {processor.py:171} INFO - Processing /opt/airflow/dags/01-ETLWeatherPrint.py took 0.512 seconds
[2025-05-20 13:14:38,433] {processor.py:163} INFO - Started process (PID=3787) to work on /opt/airflow/dags/01-ETLWeatherPrint.py
[2025-05-20 13:14:38,434] {processor.py:642} INFO - Processing file /opt/airflow/dags/01-ETLWeatherPrint.py for tasks to queue
[2025-05-20 13:14:38,435] {logging_mixin.py:109} INFO - [2025-05-20 13:14:38,435] {dagbag.py:500} INFO - Filling up the DagBag from /opt/airflow/dags/01-ETLWeatherPrint.py
[2025-05-20 13:14:38,827] {processor.py:654} INFO - DAG(s) dict_keys(['ETLWeatherPrint']) retrieved from /opt/airflow/dags/01-ETLWeatherPrint.py
[2025-05-20 13:14:38,834] {logging_mixin.py:109} INFO - [2025-05-20 13:14:38,834] {dag.py:2398} INFO - Sync 1 DAGs
[2025-05-20 13:14:38,847] {logging_mixin.py:109} INFO - [2025-05-20 13:14:38,847] {dag.py:2937} INFO - Setting next_dagrun for ETLWeatherPrint to None
[2025-05-20 13:14:38,856] {processor.py:171} INFO - Processing /opt/airflow/dags/01-ETLWeatherPrint.py took 0.425 seconds
[2025-05-20 13:15:10,270] {processor.py:163} INFO - Started process (PID=3929) to work on /opt/airflow/dags/01-ETLWeatherPrint.py
[2025-05-20 13:15:10,271] {processor.py:642} INFO - Processing file /opt/airflow/dags/01-ETLWeatherPrint.py for tasks to queue
[2025-05-20 13:15:10,271] {logging_mixin.py:109} INFO - [2025-05-20 13:15:10,271] {dagbag.py:500} INFO - Filling up the DagBag from /opt/airflow/dags/01-ETLWeatherPrint.py
[2025-05-20 13:15:10,636] {processor.py:654} INFO - DAG(s) dict_keys(['ETLWeatherPrint']) retrieved from /opt/airflow/dags/01-ETLWeatherPrint.py
[2025-05-20 13:15:10,643] {logging_mixin.py:109} INFO - [2025-05-20 13:15:10,643] {dag.py:2398} INFO - Sync 1 DAGs
[2025-05-20 13:15:10,654] {logging_mixin.py:109} INFO - [2025-05-20 13:15:10,654] {dag.py:2937} INFO - Setting next_dagrun for ETLWeatherPrint to None
[2025-05-20 13:15:10,660] {processor.py:171} INFO - Processing /opt/airflow/dags/01-ETLWeatherPrint.py took 0.392 seconds
[2025-05-20 13:15:43,275] {processor.py:163} INFO - Started process (PID=4061) to work on /opt/airflow/dags/01-ETLWeatherPrint.py
[2025-05-20 13:15:43,276] {processor.py:642} INFO - Processing file /opt/airflow/dags/01-ETLWeatherPrint.py for tasks to queue
[2025-05-20 13:15:43,277] {logging_mixin.py:109} INFO - [2025-05-20 13:15:43,277] {dagbag.py:500} INFO - Filling up the DagBag from /opt/airflow/dags/01-ETLWeatherPrint.py
[2025-05-20 13:15:43,622] {processor.py:654} INFO - DAG(s) dict_keys(['ETLWeatherPrint']) retrieved from /opt/airflow/dags/01-ETLWeatherPrint.py
[2025-05-20 13:15:43,752] {logging_mixin.py:109} INFO - [2025-05-20 13:15:43,752] {dag.py:2398} INFO - Sync 1 DAGs
[2025-05-20 13:15:43,763] {logging_mixin.py:109} INFO - [2025-05-20 13:15:43,763] {dag.py:2937} INFO - Setting next_dagrun for ETLWeatherPrint to None
[2025-05-20 13:15:43,769] {processor.py:171} INFO - Processing /opt/airflow/dags/01-ETLWeatherPrint.py took 0.495 seconds
[2025-05-20 13:44:22,810] {processor.py:163} INFO - Started process (PID=4200) to work on /opt/airflow/dags/01-ETLWeatherPrint.py
[2025-05-20 13:44:22,811] {processor.py:642} INFO - Processing file /opt/airflow/dags/01-ETLWeatherPrint.py for tasks to queue
[2025-05-20 13:44:22,811] {logging_mixin.py:109} INFO - [2025-05-20 13:44:22,811] {dagbag.py:500} INFO - Filling up the DagBag from /opt/airflow/dags/01-ETLWeatherPrint.py
[2025-05-20 14:21:13,398] {processor.py:654} INFO - DAG(s) dict_keys(['ETLWeatherPrint']) retrieved from /opt/airflow/dags/01-ETLWeatherPrint.py
[2025-05-20 14:21:13,414] {logging_mixin.py:109} INFO - [2025-05-20 14:21:13,413] {dag.py:2398} INFO - Sync 1 DAGs
[2025-05-20 14:21:20,310] {processor.py:163} INFO - Started process (PID=4285) to work on /opt/airflow/dags/01-ETLWeatherPrint.py
[2025-05-20 14:21:20,312] {processor.py:642} INFO - Processing file /opt/airflow/dags/01-ETLWeatherPrint.py for tasks to queue
[2025-05-20 14:21:20,313] {logging_mixin.py:109} INFO - [2025-05-20 14:21:20,313] {dagbag.py:500} INFO - Filling up the DagBag from /opt/airflow/dags/01-ETLWeatherPrint.py
[2025-05-20 14:21:21,184] {processor.py:654} INFO - DAG(s) dict_keys(['ETLWeatherPrint']) retrieved from /opt/airflow/dags/01-ETLWeatherPrint.py
[2025-05-20 14:21:21,491] {logging_mixin.py:109} INFO - [2025-05-20 14:21:21,491] {dag.py:2398} INFO - Sync 1 DAGs
[2025-05-20 14:21:21,530] {logging_mixin.py:109} INFO - [2025-05-20 14:21:21,530] {dag.py:2937} INFO - Setting next_dagrun for ETLWeatherPrint to None
[2025-05-20 14:21:21,558] {processor.py:171} INFO - Processing /opt/airflow/dags/01-ETLWeatherPrint.py took 1.262 seconds
[2025-05-20 14:21:51,715] {processor.py:163} INFO - Started process (PID=4407) to work on /opt/airflow/dags/01-ETLWeatherPrint.py
[2025-05-20 14:21:51,716] {processor.py:642} INFO - Processing file /opt/airflow/dags/01-ETLWeatherPrint.py for tasks to queue
[2025-05-20 14:21:51,717] {logging_mixin.py:109} INFO - [2025-05-20 14:21:51,717] {dagbag.py:500} INFO - Filling up the DagBag from /opt/airflow/dags/01-ETLWeatherPrint.py
[2025-05-20 14:21:52,155] {processor.py:654} INFO - DAG(s) dict_keys(['ETLWeatherPrint']) retrieved from /opt/airflow/dags/01-ETLWeatherPrint.py
[2025-05-20 14:21:52,309] {logging_mixin.py:109} INFO - [2025-05-20 14:21:52,309] {dag.py:2398} INFO - Sync 1 DAGs
[2025-05-20 14:21:52,328] {logging_mixin.py:109} INFO - [2025-05-20 14:21:52,328] {dag.py:2937} INFO - Setting next_dagrun for ETLWeatherPrint to None
[2025-05-20 14:21:52,340] {processor.py:171} INFO - Processing /opt/airflow/dags/01-ETLWeatherPrint.py took 0.627 seconds
[2025-05-20 14:22:22,735] {processor.py:163} INFO - Started process (PID=4539) to work on /opt/airflow/dags/01-ETLWeatherPrint.py
[2025-05-20 14:22:22,736] {processor.py:642} INFO - Processing file /opt/airflow/dags/01-ETLWeatherPrint.py for tasks to queue
[2025-05-20 14:22:22,736] {logging_mixin.py:109} INFO - [2025-05-20 14:22:22,736] {dagbag.py:500} INFO - Filling up the DagBag from /opt/airflow/dags/01-ETLWeatherPrint.py
[2025-05-20 14:22:23,146] {processor.py:654} INFO - DAG(s) dict_keys(['ETLWeatherPrint']) retrieved from /opt/airflow/dags/01-ETLWeatherPrint.py
[2025-05-20 14:22:23,294] {logging_mixin.py:109} INFO - [2025-05-20 14:22:23,294] {dag.py:2398} INFO - Sync 1 DAGs
[2025-05-20 14:22:23,305] {logging_mixin.py:109} INFO - [2025-05-20 14:22:23,305] {dag.py:2937} INFO - Setting next_dagrun for ETLWeatherPrint to None
[2025-05-20 14:22:23,313] {processor.py:171} INFO - Processing /opt/airflow/dags/01-ETLWeatherPrint.py took 0.581 seconds
[2025-05-20 14:22:53,652] {processor.py:163} INFO - Started process (PID=4686) to work on /opt/airflow/dags/01-ETLWeatherPrint.py
[2025-05-20 14:22:53,653] {processor.py:642} INFO - Processing file /opt/airflow/dags/01-ETLWeatherPrint.py for tasks to queue
[2025-05-20 14:22:53,654] {logging_mixin.py:109} INFO - [2025-05-20 14:22:53,654] {dagbag.py:500} INFO - Filling up the DagBag from /opt/airflow/dags/01-ETLWeatherPrint.py
[2025-05-20 14:22:54,091] {processor.py:654} INFO - DAG(s) dict_keys(['ETLWeatherPrint']) retrieved from /opt/airflow/dags/01-ETLWeatherPrint.py
[2025-05-20 14:22:54,251] {logging_mixin.py:109} INFO - [2025-05-20 14:22:54,251] {dag.py:2398} INFO - Sync 1 DAGs
[2025-05-20 14:22:54,265] {logging_mixin.py:109} INFO - [2025-05-20 14:22:54,265] {dag.py:2937} INFO - Setting next_dagrun for ETLWeatherPrint to None
[2025-05-20 14:22:54,274] {processor.py:171} INFO - Processing /opt/airflow/dags/01-ETLWeatherPrint.py took 0.624 seconds
[2025-05-20 14:23:24,433] {processor.py:163} INFO - Started process (PID=4818) to work on /opt/airflow/dags/01-ETLWeatherPrint.py
[2025-05-20 14:23:24,434] {processor.py:642} INFO - Processing file /opt/airflow/dags/01-ETLWeatherPrint.py for tasks to queue
[2025-05-20 14:23:24,434] {logging_mixin.py:109} INFO - [2025-05-20 14:23:24,434] {dagbag.py:500} INFO - Filling up the DagBag from /opt/airflow/dags/01-ETLWeatherPrint.py
[2025-05-20 14:23:24,848] {processor.py:654} INFO - DAG(s) dict_keys(['ETLWeatherPrint']) retrieved from /opt/airflow/dags/01-ETLWeatherPrint.py
[2025-05-20 14:23:24,996] {logging_mixin.py:109} INFO - [2025-05-20 14:23:24,996] {dag.py:2398} INFO - Sync 1 DAGs
[2025-05-20 14:23:25,006] {logging_mixin.py:109} INFO - [2025-05-20 14:23:25,006] {dag.py:2937} INFO - Setting next_dagrun for ETLWeatherPrint to None
[2025-05-20 14:23:25,015] {processor.py:171} INFO - Processing /opt/airflow/dags/01-ETLWeatherPrint.py took 0.584 seconds
[2025-05-20 14:23:55,561] {processor.py:163} INFO - Started process (PID=4950) to work on /opt/airflow/dags/01-ETLWeatherPrint.py
[2025-05-20 14:23:55,562] {processor.py:642} INFO - Processing file /opt/airflow/dags/01-ETLWeatherPrint.py for tasks to queue
[2025-05-20 14:23:55,562] {logging_mixin.py:109} INFO - [2025-05-20 14:23:55,562] {dagbag.py:500} INFO - Filling up the DagBag from /opt/airflow/dags/01-ETLWeatherPrint.py
[2025-05-20 14:23:56,016] {processor.py:654} INFO - DAG(s) dict_keys(['ETLWeatherPrint']) retrieved from /opt/airflow/dags/01-ETLWeatherPrint.py
[2025-05-20 14:23:56,028] {logging_mixin.py:109} INFO - [2025-05-20 14:23:56,028] {dag.py:2398} INFO - Sync 1 DAGs
[2025-05-20 14:23:56,044] {logging_mixin.py:109} INFO - [2025-05-20 14:23:56,044] {dag.py:2937} INFO - Setting next_dagrun for ETLWeatherPrint to None
[2025-05-20 14:23:56,053] {processor.py:171} INFO - Processing /opt/airflow/dags/01-ETLWeatherPrint.py took 0.494 seconds
[2025-05-20 14:24:26,197] {processor.py:163} INFO - Started process (PID=5096) to work on /opt/airflow/dags/01-ETLWeatherPrint.py
[2025-05-20 14:24:26,198] {processor.py:642} INFO - Processing file /opt/airflow/dags/01-ETLWeatherPrint.py for tasks to queue
[2025-05-20 14:24:26,199] {logging_mixin.py:109} INFO - [2025-05-20 14:24:26,199] {dagbag.py:500} INFO - Filling up the DagBag from /opt/airflow/dags/01-ETLWeatherPrint.py
[2025-05-20 14:24:26,740] {processor.py:654} INFO - DAG(s) dict_keys(['ETLWeatherPrint']) retrieved from /opt/airflow/dags/01-ETLWeatherPrint.py
[2025-05-20 14:24:27,004] {logging_mixin.py:109} INFO - [2025-05-20 14:24:27,004] {dag.py:2398} INFO - Sync 1 DAGs
[2025-05-20 14:24:27,020] {logging_mixin.py:109} INFO - [2025-05-20 14:24:27,020] {dag.py:2937} INFO - Setting next_dagrun for ETLWeatherPrint to None
[2025-05-20 14:24:27,033] {processor.py:171} INFO - Processing /opt/airflow/dags/01-ETLWeatherPrint.py took 0.839 seconds
[2025-05-20 14:24:57,355] {processor.py:163} INFO - Started process (PID=5238) to work on /opt/airflow/dags/01-ETLWeatherPrint.py
[2025-05-20 14:24:57,356] {processor.py:642} INFO - Processing file /opt/airflow/dags/01-ETLWeatherPrint.py for tasks to queue
[2025-05-20 14:24:57,357] {logging_mixin.py:109} INFO - [2025-05-20 14:24:57,356] {dagbag.py:500} INFO - Filling up the DagBag from /opt/airflow/dags/01-ETLWeatherPrint.py
[2025-05-20 14:24:58,039] {processor.py:654} INFO - DAG(s) dict_keys(['ETLWeatherPrint']) retrieved from /opt/airflow/dags/01-ETLWeatherPrint.py
[2025-05-20 14:24:58,047] {logging_mixin.py:109} INFO - [2025-05-20 14:24:58,047] {dag.py:2398} INFO - Sync 1 DAGs
[2025-05-20 14:24:58,057] {logging_mixin.py:109} INFO - [2025-05-20 14:24:58,057] {dag.py:2937} INFO - Setting next_dagrun for ETLWeatherPrint to None
[2025-05-20 14:24:58,064] {processor.py:171} INFO - Processing /opt/airflow/dags/01-ETLWeatherPrint.py took 0.711 seconds
[2025-05-20 14:25:28,221] {processor.py:163} INFO - Started process (PID=5373) to work on /opt/airflow/dags/01-ETLWeatherPrint.py
[2025-05-20 14:25:28,222] {processor.py:642} INFO - Processing file /opt/airflow/dags/01-ETLWeatherPrint.py for tasks to queue
[2025-05-20 14:25:28,222] {logging_mixin.py:109} INFO - [2025-05-20 14:25:28,222] {dagbag.py:500} INFO - Filling up the DagBag from /opt/airflow/dags/01-ETLWeatherPrint.py
[2025-05-20 14:25:28,795] {processor.py:654} INFO - DAG(s) dict_keys(['ETLWeatherPrint']) retrieved from /opt/airflow/dags/01-ETLWeatherPrint.py
[2025-05-20 14:25:28,942] {logging_mixin.py:109} INFO - [2025-05-20 14:25:28,942] {dag.py:2398} INFO - Sync 1 DAGs
[2025-05-20 14:25:28,952] {logging_mixin.py:109} INFO - [2025-05-20 14:25:28,952] {dag.py:2937} INFO - Setting next_dagrun for ETLWeatherPrint to None
[2025-05-20 14:25:28,960] {processor.py:171} INFO - Processing /opt/airflow/dags/01-ETLWeatherPrint.py took 0.741 seconds
[2025-05-20 14:25:59,878] {processor.py:163} INFO - Started process (PID=5518) to work on /opt/airflow/dags/01-ETLWeatherPrint.py
[2025-05-20 14:25:59,881] {processor.py:642} INFO - Processing file /opt/airflow/dags/01-ETLWeatherPrint.py for tasks to queue
[2025-05-20 14:25:59,881] {logging_mixin.py:109} INFO - [2025-05-20 14:25:59,881] {dagbag.py:500} INFO - Filling up the DagBag from /opt/airflow/dags/01-ETLWeatherPrint.py
[2025-05-20 14:26:00,389] {processor.py:654} INFO - DAG(s) dict_keys(['ETLWeatherPrint']) retrieved from /opt/airflow/dags/01-ETLWeatherPrint.py
[2025-05-20 14:26:00,530] {logging_mixin.py:109} INFO - [2025-05-20 14:26:00,530] {dag.py:2398} INFO - Sync 1 DAGs
[2025-05-20 14:26:00,541] {logging_mixin.py:109} INFO - [2025-05-20 14:26:00,541] {dag.py:2937} INFO - Setting next_dagrun for ETLWeatherPrint to None
[2025-05-20 14:26:00,548] {processor.py:171} INFO - Processing /opt/airflow/dags/01-ETLWeatherPrint.py took 0.673 seconds
[2025-05-20 14:26:30,749] {processor.py:163} INFO - Started process (PID=5651) to work on /opt/airflow/dags/01-ETLWeatherPrint.py
[2025-05-20 14:26:30,751] {processor.py:642} INFO - Processing file /opt/airflow/dags/01-ETLWeatherPrint.py for tasks to queue
[2025-05-20 14:26:30,752] {logging_mixin.py:109} INFO - [2025-05-20 14:26:30,752] {dagbag.py:500} INFO - Filling up the DagBag from /opt/airflow/dags/01-ETLWeatherPrint.py
[2025-05-20 14:26:31,310] {processor.py:654} INFO - DAG(s) dict_keys(['ETLWeatherPrint']) retrieved from /opt/airflow/dags/01-ETLWeatherPrint.py
[2025-05-20 14:26:31,514] {logging_mixin.py:109} INFO - [2025-05-20 14:26:31,514] {dag.py:2398} INFO - Sync 1 DAGs
[2025-05-20 14:26:31,524] {logging_mixin.py:109} INFO - [2025-05-20 14:26:31,524] {dag.py:2937} INFO - Setting next_dagrun for ETLWeatherPrint to None
[2025-05-20 14:26:31,533] {processor.py:171} INFO - Processing /opt/airflow/dags/01-ETLWeatherPrint.py took 0.787 seconds
[2025-05-20 14:27:02,224] {processor.py:163} INFO - Started process (PID=5783) to work on /opt/airflow/dags/01-ETLWeatherPrint.py
[2025-05-20 14:27:02,225] {processor.py:642} INFO - Processing file /opt/airflow/dags/01-ETLWeatherPrint.py for tasks to queue
[2025-05-20 14:27:02,226] {logging_mixin.py:109} INFO - [2025-05-20 14:27:02,226] {dagbag.py:500} INFO - Filling up the DagBag from /opt/airflow/dags/01-ETLWeatherPrint.py
[2025-05-20 14:27:02,635] {processor.py:654} INFO - DAG(s) dict_keys(['ETLWeatherPrint']) retrieved from /opt/airflow/dags/01-ETLWeatherPrint.py
[2025-05-20 14:27:02,642] {logging_mixin.py:109} INFO - [2025-05-20 14:27:02,642] {dag.py:2398} INFO - Sync 1 DAGs
[2025-05-20 14:27:02,652] {logging_mixin.py:109} INFO - [2025-05-20 14:27:02,652] {dag.py:2937} INFO - Setting next_dagrun for ETLWeatherPrint to None
[2025-05-20 14:27:02,659] {processor.py:171} INFO - Processing /opt/airflow/dags/01-ETLWeatherPrint.py took 0.438 seconds
[2025-05-20 14:27:33,062] {processor.py:163} INFO - Started process (PID=5915) to work on /opt/airflow/dags/01-ETLWeatherPrint.py
[2025-05-20 14:27:33,063] {processor.py:642} INFO - Processing file /opt/airflow/dags/01-ETLWeatherPrint.py for tasks to queue
[2025-05-20 14:27:33,064] {logging_mixin.py:109} INFO - [2025-05-20 14:27:33,064] {dagbag.py:500} INFO - Filling up the DagBag from /opt/airflow/dags/01-ETLWeatherPrint.py
[2025-05-20 14:27:33,534] {processor.py:654} INFO - DAG(s) dict_keys(['ETLWeatherPrint']) retrieved from /opt/airflow/dags/01-ETLWeatherPrint.py
[2025-05-20 14:27:33,542] {logging_mixin.py:109} INFO - [2025-05-20 14:27:33,542] {dag.py:2398} INFO - Sync 1 DAGs
[2025-05-20 14:27:33,555] {logging_mixin.py:109} INFO - [2025-05-20 14:27:33,555] {dag.py:2937} INFO - Setting next_dagrun for ETLWeatherPrint to None
[2025-05-20 14:27:33,564] {processor.py:171} INFO - Processing /opt/airflow/dags/01-ETLWeatherPrint.py took 0.504 seconds
[2025-05-20 14:28:03,678] {processor.py:163} INFO - Started process (PID=6057) to work on /opt/airflow/dags/01-ETLWeatherPrint.py
[2025-05-20 14:28:03,681] {processor.py:642} INFO - Processing file /opt/airflow/dags/01-ETLWeatherPrint.py for tasks to queue
[2025-05-20 14:28:03,681] {logging_mixin.py:109} INFO - [2025-05-20 14:28:03,681] {dagbag.py:500} INFO - Filling up the DagBag from /opt/airflow/dags/01-ETLWeatherPrint.py
[2025-05-20 14:28:04,071] {processor.py:654} INFO - DAG(s) dict_keys(['ETLWeatherPrint']) retrieved from /opt/airflow/dags/01-ETLWeatherPrint.py
[2025-05-20 14:28:04,077] {logging_mixin.py:109} INFO - [2025-05-20 14:28:04,077] {dag.py:2398} INFO - Sync 1 DAGs
[2025-05-20 14:28:04,087] {logging_mixin.py:109} INFO - [2025-05-20 14:28:04,087] {dag.py:2937} INFO - Setting next_dagrun for ETLWeatherPrint to None
[2025-05-20 14:28:04,093] {processor.py:171} INFO - Processing /opt/airflow/dags/01-ETLWeatherPrint.py took 0.417 seconds
[2025-05-20 14:28:34,824] {processor.py:163} INFO - Started process (PID=6189) to work on /opt/airflow/dags/01-ETLWeatherPrint.py
[2025-05-20 14:28:34,826] {processor.py:642} INFO - Processing file /opt/airflow/dags/01-ETLWeatherPrint.py for tasks to queue
[2025-05-20 14:28:34,827] {logging_mixin.py:109} INFO - [2025-05-20 14:28:34,827] {dagbag.py:500} INFO - Filling up the DagBag from /opt/airflow/dags/01-ETLWeatherPrint.py
[2025-05-20 14:28:35,226] {processor.py:654} INFO - DAG(s) dict_keys(['ETLWeatherPrint']) retrieved from /opt/airflow/dags/01-ETLWeatherPrint.py
[2025-05-20 14:28:35,234] {logging_mixin.py:109} INFO - [2025-05-20 14:28:35,234] {dag.py:2398} INFO - Sync 1 DAGs
[2025-05-20 14:28:35,245] {logging_mixin.py:109} INFO - [2025-05-20 14:28:35,245] {dag.py:2937} INFO - Setting next_dagrun for ETLWeatherPrint to None
[2025-05-20 14:28:35,253] {processor.py:171} INFO - Processing /opt/airflow/dags/01-ETLWeatherPrint.py took 0.431 seconds
[2025-05-20 14:29:05,679] {processor.py:163} INFO - Started process (PID=6321) to work on /opt/airflow/dags/01-ETLWeatherPrint.py
[2025-05-20 14:29:05,680] {processor.py:642} INFO - Processing file /opt/airflow/dags/01-ETLWeatherPrint.py for tasks to queue
[2025-05-20 14:29:05,681] {logging_mixin.py:109} INFO - [2025-05-20 14:29:05,681] {dagbag.py:500} INFO - Filling up the DagBag from /opt/airflow/dags/01-ETLWeatherPrint.py
[2025-05-20 14:29:06,224] {processor.py:654} INFO - DAG(s) dict_keys(['ETLWeatherPrint']) retrieved from /opt/airflow/dags/01-ETLWeatherPrint.py
[2025-05-20 14:29:06,231] {logging_mixin.py:109} INFO - [2025-05-20 14:29:06,231] {dag.py:2398} INFO - Sync 1 DAGs
[2025-05-20 14:29:06,242] {logging_mixin.py:109} INFO - [2025-05-20 14:29:06,242] {dag.py:2937} INFO - Setting next_dagrun for ETLWeatherPrint to None
[2025-05-20 14:29:06,248] {processor.py:171} INFO - Processing /opt/airflow/dags/01-ETLWeatherPrint.py took 0.572 seconds
[2025-05-20 14:29:36,548] {processor.py:163} INFO - Started process (PID=6453) to work on /opt/airflow/dags/01-ETLWeatherPrint.py
[2025-05-20 14:29:36,551] {processor.py:642} INFO - Processing file /opt/airflow/dags/01-ETLWeatherPrint.py for tasks to queue
[2025-05-20 14:29:36,552] {logging_mixin.py:109} INFO - [2025-05-20 14:29:36,552] {dagbag.py:500} INFO - Filling up the DagBag from /opt/airflow/dags/01-ETLWeatherPrint.py
[2025-05-20 14:29:36,972] {processor.py:654} INFO - DAG(s) dict_keys(['ETLWeatherPrint']) retrieved from /opt/airflow/dags/01-ETLWeatherPrint.py
[2025-05-20 14:29:36,979] {logging_mixin.py:109} INFO - [2025-05-20 14:29:36,979] {dag.py:2398} INFO - Sync 1 DAGs
[2025-05-20 14:29:36,990] {logging_mixin.py:109} INFO - [2025-05-20 14:29:36,990] {dag.py:2937} INFO - Setting next_dagrun for ETLWeatherPrint to None
[2025-05-20 14:29:36,996] {processor.py:171} INFO - Processing /opt/airflow/dags/01-ETLWeatherPrint.py took 0.452 seconds
[2025-05-20 14:30:07,459] {processor.py:163} INFO - Started process (PID=6570) to work on /opt/airflow/dags/01-ETLWeatherPrint.py
[2025-05-20 14:30:07,460] {processor.py:642} INFO - Processing file /opt/airflow/dags/01-ETLWeatherPrint.py for tasks to queue
[2025-05-20 14:30:07,461] {logging_mixin.py:109} INFO - [2025-05-20 14:30:07,461] {dagbag.py:500} INFO - Filling up the DagBag from /opt/airflow/dags/01-ETLWeatherPrint.py
[2025-05-20 14:30:07,964] {processor.py:654} INFO - DAG(s) dict_keys(['ETLWeatherPrint']) retrieved from /opt/airflow/dags/01-ETLWeatherPrint.py
[2025-05-20 14:30:08,164] {logging_mixin.py:109} INFO - [2025-05-20 14:30:08,164] {dag.py:2398} INFO - Sync 1 DAGs
[2025-05-20 14:30:08,177] {logging_mixin.py:109} INFO - [2025-05-20 14:30:08,177] {dag.py:2937} INFO - Setting next_dagrun for ETLWeatherPrint to None
[2025-05-20 14:30:08,186] {processor.py:171} INFO - Processing /opt/airflow/dags/01-ETLWeatherPrint.py took 0.730 seconds
[2025-05-20 14:30:38,900] {processor.py:163} INFO - Started process (PID=6694) to work on /opt/airflow/dags/01-ETLWeatherPrint.py
[2025-05-20 14:30:38,901] {processor.py:642} INFO - Processing file /opt/airflow/dags/01-ETLWeatherPrint.py for tasks to queue
[2025-05-20 14:30:38,901] {logging_mixin.py:109} INFO - [2025-05-20 14:30:38,901] {dagbag.py:500} INFO - Filling up the DagBag from /opt/airflow/dags/01-ETLWeatherPrint.py
[2025-05-20 14:30:39,511] {processor.py:654} INFO - DAG(s) dict_keys(['ETLWeatherPrint']) retrieved from /opt/airflow/dags/01-ETLWeatherPrint.py
[2025-05-20 14:30:39,518] {logging_mixin.py:109} INFO - [2025-05-20 14:30:39,518] {dag.py:2398} INFO - Sync 1 DAGs
[2025-05-20 14:30:39,530] {logging_mixin.py:109} INFO - [2025-05-20 14:30:39,530] {dag.py:2937} INFO - Setting next_dagrun for ETLWeatherPrint to None
[2025-05-20 14:30:39,541] {processor.py:171} INFO - Processing /opt/airflow/dags/01-ETLWeatherPrint.py took 0.643 seconds
[2025-05-20 14:31:10,832] {processor.py:163} INFO - Started process (PID=6839) to work on /opt/airflow/dags/01-ETLWeatherPrint.py
[2025-05-20 14:31:10,836] {processor.py:642} INFO - Processing file /opt/airflow/dags/01-ETLWeatherPrint.py for tasks to queue
[2025-05-20 14:31:10,836] {logging_mixin.py:109} INFO - [2025-05-20 14:31:10,836] {dagbag.py:500} INFO - Filling up the DagBag from /opt/airflow/dags/01-ETLWeatherPrint.py
[2025-05-20 14:31:11,845] {processor.py:654} INFO - DAG(s) dict_keys(['ETLWeatherPrint']) retrieved from /opt/airflow/dags/01-ETLWeatherPrint.py
[2025-05-20 14:31:11,855] {logging_mixin.py:109} INFO - [2025-05-20 14:31:11,855] {dag.py:2398} INFO - Sync 1 DAGs
[2025-05-20 14:31:11,869] {logging_mixin.py:109} INFO - [2025-05-20 14:31:11,869] {dag.py:2937} INFO - Setting next_dagrun for ETLWeatherPrint to None
[2025-05-20 14:31:11,879] {processor.py:171} INFO - Processing /opt/airflow/dags/01-ETLWeatherPrint.py took 1.050 seconds
[2025-05-20 14:31:43,439] {processor.py:163} INFO - Started process (PID=6983) to work on /opt/airflow/dags/01-ETLWeatherPrint.py
[2025-05-20 14:31:43,446] {processor.py:642} INFO - Processing file /opt/airflow/dags/01-ETLWeatherPrint.py for tasks to queue
[2025-05-20 14:31:43,446] {logging_mixin.py:109} INFO - [2025-05-20 14:31:43,446] {dagbag.py:500} INFO - Filling up the DagBag from /opt/airflow/dags/01-ETLWeatherPrint.py
[2025-05-20 14:31:43,923] {processor.py:654} INFO - DAG(s) dict_keys(['ETLWeatherPrint']) retrieved from /opt/airflow/dags/01-ETLWeatherPrint.py
[2025-05-20 14:31:44,071] {logging_mixin.py:109} INFO - [2025-05-20 14:31:44,071] {dag.py:2398} INFO - Sync 1 DAGs
[2025-05-20 14:31:44,082] {logging_mixin.py:109} INFO - [2025-05-20 14:31:44,082] {dag.py:2937} INFO - Setting next_dagrun for ETLWeatherPrint to None
[2025-05-20 14:31:44,090] {processor.py:171} INFO - Processing /opt/airflow/dags/01-ETLWeatherPrint.py took 0.653 seconds
[2025-05-20 14:32:15,509] {processor.py:163} INFO - Started process (PID=7100) to work on /opt/airflow/dags/01-ETLWeatherPrint.py
[2025-05-20 14:32:15,510] {processor.py:642} INFO - Processing file /opt/airflow/dags/01-ETLWeatherPrint.py for tasks to queue
[2025-05-20 14:32:15,511] {logging_mixin.py:109} INFO - [2025-05-20 14:32:15,511] {dagbag.py:500} INFO - Filling up the DagBag from /opt/airflow/dags/01-ETLWeatherPrint.py
[2025-05-20 14:32:16,043] {processor.py:654} INFO - DAG(s) dict_keys(['ETLWeatherPrint']) retrieved from /opt/airflow/dags/01-ETLWeatherPrint.py
[2025-05-20 14:32:16,052] {logging_mixin.py:109} INFO - [2025-05-20 14:32:16,051] {dag.py:2398} INFO - Sync 1 DAGs
[2025-05-20 14:32:16,065] {logging_mixin.py:109} INFO - [2025-05-20 14:32:16,064] {dag.py:2937} INFO - Setting next_dagrun for ETLWeatherPrint to None
[2025-05-20 14:32:16,075] {processor.py:171} INFO - Processing /opt/airflow/dags/01-ETLWeatherPrint.py took 0.568 seconds
[2025-05-20 14:32:48,516] {processor.py:163} INFO - Started process (PID=7257) to work on /opt/airflow/dags/01-ETLWeatherPrint.py
[2025-05-20 14:32:48,517] {processor.py:642} INFO - Processing file /opt/airflow/dags/01-ETLWeatherPrint.py for tasks to queue
[2025-05-20 14:32:48,518] {logging_mixin.py:109} INFO - [2025-05-20 14:32:48,517] {dagbag.py:500} INFO - Filling up the DagBag from /opt/airflow/dags/01-ETLWeatherPrint.py
[2025-05-20 14:32:48,962] {processor.py:654} INFO - DAG(s) dict_keys(['ETLWeatherPrint']) retrieved from /opt/airflow/dags/01-ETLWeatherPrint.py
[2025-05-20 14:32:49,134] {logging_mixin.py:109} INFO - [2025-05-20 14:32:49,134] {dag.py:2398} INFO - Sync 1 DAGs
[2025-05-20 14:32:49,148] {logging_mixin.py:109} INFO - [2025-05-20 14:32:49,148] {dag.py:2937} INFO - Setting next_dagrun for ETLWeatherPrint to None
[2025-05-20 14:32:49,157] {processor.py:171} INFO - Processing /opt/airflow/dags/01-ETLWeatherPrint.py took 0.643 seconds
[2025-05-20 14:33:20,279] {processor.py:163} INFO - Started process (PID=7374) to work on /opt/airflow/dags/01-ETLWeatherPrint.py
[2025-05-20 14:33:20,281] {processor.py:642} INFO - Processing file /opt/airflow/dags/01-ETLWeatherPrint.py for tasks to queue
[2025-05-20 14:33:20,281] {logging_mixin.py:109} INFO - [2025-05-20 14:33:20,281] {dagbag.py:500} INFO - Filling up the DagBag from /opt/airflow/dags/01-ETLWeatherPrint.py
[2025-05-20 14:33:20,775] {processor.py:654} INFO - DAG(s) dict_keys(['ETLWeatherPrint']) retrieved from /opt/airflow/dags/01-ETLWeatherPrint.py
[2025-05-20 14:33:20,990] {logging_mixin.py:109} INFO - [2025-05-20 14:33:20,990] {dag.py:2398} INFO - Sync 1 DAGs
[2025-05-20 14:33:21,002] {logging_mixin.py:109} INFO - [2025-05-20 14:33:21,002] {dag.py:2937} INFO - Setting next_dagrun for ETLWeatherPrint to None
[2025-05-20 14:33:21,032] {processor.py:171} INFO - Processing /opt/airflow/dags/01-ETLWeatherPrint.py took 0.755 seconds
[2025-05-20 14:33:53,040] {processor.py:163} INFO - Started process (PID=7521) to work on /opt/airflow/dags/01-ETLWeatherPrint.py
[2025-05-20 14:33:53,042] {processor.py:642} INFO - Processing file /opt/airflow/dags/01-ETLWeatherPrint.py for tasks to queue
[2025-05-20 14:33:53,042] {logging_mixin.py:109} INFO - [2025-05-20 14:33:53,042] {dagbag.py:500} INFO - Filling up the DagBag from /opt/airflow/dags/01-ETLWeatherPrint.py
[2025-05-20 14:33:53,520] {processor.py:654} INFO - DAG(s) dict_keys(['ETLWeatherPrint']) retrieved from /opt/airflow/dags/01-ETLWeatherPrint.py
[2025-05-20 14:33:53,792] {logging_mixin.py:109} INFO - [2025-05-20 14:33:53,792] {dag.py:2398} INFO - Sync 1 DAGs
[2025-05-20 14:33:53,802] {logging_mixin.py:109} INFO - [2025-05-20 14:33:53,802] {dag.py:2937} INFO - Setting next_dagrun for ETLWeatherPrint to None
[2025-05-20 14:33:53,810] {processor.py:171} INFO - Processing /opt/airflow/dags/01-ETLWeatherPrint.py took 0.772 seconds
[2025-05-20 14:34:26,060] {processor.py:163} INFO - Started process (PID=7665) to work on /opt/airflow/dags/01-ETLWeatherPrint.py
[2025-05-20 14:34:26,061] {processor.py:642} INFO - Processing file /opt/airflow/dags/01-ETLWeatherPrint.py for tasks to queue
[2025-05-20 14:34:26,062] {logging_mixin.py:109} INFO - [2025-05-20 14:34:26,061] {dagbag.py:500} INFO - Filling up the DagBag from /opt/airflow/dags/01-ETLWeatherPrint.py
[2025-05-20 14:34:26,652] {processor.py:654} INFO - DAG(s) dict_keys(['ETLWeatherPrint']) retrieved from /opt/airflow/dags/01-ETLWeatherPrint.py
[2025-05-20 14:34:26,663] {logging_mixin.py:109} INFO - [2025-05-20 14:34:26,663] {dag.py:2398} INFO - Sync 1 DAGs
[2025-05-20 14:34:26,676] {logging_mixin.py:109} INFO - [2025-05-20 14:34:26,676] {dag.py:2937} INFO - Setting next_dagrun for ETLWeatherPrint to None
[2025-05-20 14:34:26,705] {processor.py:171} INFO - Processing /opt/airflow/dags/01-ETLWeatherPrint.py took 0.648 seconds
[2025-05-20 14:34:57,248] {processor.py:163} INFO - Started process (PID=7790) to work on /opt/airflow/dags/01-ETLWeatherPrint.py
[2025-05-20 14:34:57,249] {processor.py:642} INFO - Processing file /opt/airflow/dags/01-ETLWeatherPrint.py for tasks to queue
[2025-05-20 14:34:57,250] {logging_mixin.py:109} INFO - [2025-05-20 14:34:57,250] {dagbag.py:500} INFO - Filling up the DagBag from /opt/airflow/dags/01-ETLWeatherPrint.py
[2025-05-20 14:34:57,701] {processor.py:654} INFO - DAG(s) dict_keys(['ETLWeatherPrint']) retrieved from /opt/airflow/dags/01-ETLWeatherPrint.py
[2025-05-20 14:34:57,872] {logging_mixin.py:109} INFO - [2025-05-20 14:34:57,872] {dag.py:2398} INFO - Sync 1 DAGs
[2025-05-20 14:34:57,885] {logging_mixin.py:109} INFO - [2025-05-20 14:34:57,885] {dag.py:2937} INFO - Setting next_dagrun for ETLWeatherPrint to None
[2025-05-20 14:34:57,895] {processor.py:171} INFO - Processing /opt/airflow/dags/01-ETLWeatherPrint.py took 0.649 seconds
[2025-05-20 14:35:29,498] {processor.py:163} INFO - Started process (PID=7913) to work on /opt/airflow/dags/01-ETLWeatherPrint.py
[2025-05-20 14:35:29,500] {processor.py:642} INFO - Processing file /opt/airflow/dags/01-ETLWeatherPrint.py for tasks to queue
[2025-05-20 14:35:29,500] {logging_mixin.py:109} INFO - [2025-05-20 14:35:29,500] {dagbag.py:500} INFO - Filling up the DagBag from /opt/airflow/dags/01-ETLWeatherPrint.py
[2025-05-20 14:35:29,964] {processor.py:654} INFO - DAG(s) dict_keys(['ETLWeatherPrint']) retrieved from /opt/airflow/dags/01-ETLWeatherPrint.py
[2025-05-20 14:35:29,971] {logging_mixin.py:109} INFO - [2025-05-20 14:35:29,971] {dag.py:2398} INFO - Sync 1 DAGs
[2025-05-20 14:35:29,983] {logging_mixin.py:109} INFO - [2025-05-20 14:35:29,983] {dag.py:2937} INFO - Setting next_dagrun for ETLWeatherPrint to None
[2025-05-20 14:35:29,991] {processor.py:171} INFO - Processing /opt/airflow/dags/01-ETLWeatherPrint.py took 0.495 seconds
[2025-05-20 14:36:01,373] {processor.py:163} INFO - Started process (PID=8056) to work on /opt/airflow/dags/01-ETLWeatherPrint.py
[2025-05-20 14:36:01,374] {processor.py:642} INFO - Processing file /opt/airflow/dags/01-ETLWeatherPrint.py for tasks to queue
[2025-05-20 14:36:01,374] {logging_mixin.py:109} INFO - [2025-05-20 14:36:01,374] {dagbag.py:500} INFO - Filling up the DagBag from /opt/airflow/dags/01-ETLWeatherPrint.py
[2025-05-20 14:36:01,944] {processor.py:654} INFO - DAG(s) dict_keys(['ETLWeatherPrint']) retrieved from /opt/airflow/dags/01-ETLWeatherPrint.py
[2025-05-20 14:36:02,277] {logging_mixin.py:109} INFO - [2025-05-20 14:36:02,277] {dag.py:2398} INFO - Sync 1 DAGs
[2025-05-20 14:36:02,290] {logging_mixin.py:109} INFO - [2025-05-20 14:36:02,290] {dag.py:2937} INFO - Setting next_dagrun for ETLWeatherPrint to None
[2025-05-20 14:36:02,298] {processor.py:171} INFO - Processing /opt/airflow/dags/01-ETLWeatherPrint.py took 0.928 seconds
[2025-05-20 14:36:33,897] {processor.py:163} INFO - Started process (PID=8192) to work on /opt/airflow/dags/01-ETLWeatherPrint.py
[2025-05-20 14:36:33,898] {processor.py:642} INFO - Processing file /opt/airflow/dags/01-ETLWeatherPrint.py for tasks to queue
[2025-05-20 14:36:33,899] {logging_mixin.py:109} INFO - [2025-05-20 14:36:33,899] {dagbag.py:500} INFO - Filling up the DagBag from /opt/airflow/dags/01-ETLWeatherPrint.py
[2025-05-20 14:36:34,339] {processor.py:654} INFO - DAG(s) dict_keys(['ETLWeatherPrint']) retrieved from /opt/airflow/dags/01-ETLWeatherPrint.py
[2025-05-20 14:36:34,504] {logging_mixin.py:109} INFO - [2025-05-20 14:36:34,504] {dag.py:2398} INFO - Sync 1 DAGs
[2025-05-20 14:36:34,537] {logging_mixin.py:109} INFO - [2025-05-20 14:36:34,537] {dag.py:2937} INFO - Setting next_dagrun for ETLWeatherPrint to None
[2025-05-20 14:36:34,547] {processor.py:171} INFO - Processing /opt/airflow/dags/01-ETLWeatherPrint.py took 0.652 seconds
[2025-05-20 14:37:06,116] {processor.py:163} INFO - Started process (PID=8327) to work on /opt/airflow/dags/01-ETLWeatherPrint.py
[2025-05-20 14:37:06,118] {processor.py:642} INFO - Processing file /opt/airflow/dags/01-ETLWeatherPrint.py for tasks to queue
[2025-05-20 14:37:06,118] {logging_mixin.py:109} INFO - [2025-05-20 14:37:06,118] {dagbag.py:500} INFO - Filling up the DagBag from /opt/airflow/dags/01-ETLWeatherPrint.py
[2025-05-20 14:37:06,485] {processor.py:654} INFO - DAG(s) dict_keys(['ETLWeatherPrint']) retrieved from /opt/airflow/dags/01-ETLWeatherPrint.py
[2025-05-20 14:37:06,491] {logging_mixin.py:109} INFO - [2025-05-20 14:37:06,491] {dag.py:2398} INFO - Sync 1 DAGs
[2025-05-20 14:37:06,504] {logging_mixin.py:109} INFO - [2025-05-20 14:37:06,503] {dag.py:2937} INFO - Setting next_dagrun for ETLWeatherPrint to None
[2025-05-20 14:37:06,510] {processor.py:171} INFO - Processing /opt/airflow/dags/01-ETLWeatherPrint.py took 0.396 seconds
[2025-05-20 14:37:38,067] {processor.py:163} INFO - Started process (PID=8462) to work on /opt/airflow/dags/01-ETLWeatherPrint.py
[2025-05-20 14:37:38,068] {processor.py:642} INFO - Processing file /opt/airflow/dags/01-ETLWeatherPrint.py for tasks to queue
[2025-05-20 14:37:38,068] {logging_mixin.py:109} INFO - [2025-05-20 14:37:38,068] {dagbag.py:500} INFO - Filling up the DagBag from /opt/airflow/dags/01-ETLWeatherPrint.py
[2025-05-20 14:37:38,664] {processor.py:654} INFO - DAG(s) dict_keys(['ETLWeatherPrint']) retrieved from /opt/airflow/dags/01-ETLWeatherPrint.py
[2025-05-20 14:37:38,673] {logging_mixin.py:109} INFO - [2025-05-20 14:37:38,673] {dag.py:2398} INFO - Sync 1 DAGs
[2025-05-20 14:37:38,687] {logging_mixin.py:109} INFO - [2025-05-20 14:37:38,686] {dag.py:2937} INFO - Setting next_dagrun for ETLWeatherPrint to None
[2025-05-20 14:37:38,693] {processor.py:171} INFO - Processing /opt/airflow/dags/01-ETLWeatherPrint.py took 0.629 seconds
[2025-05-20 14:38:10,589] {processor.py:163} INFO - Started process (PID=8594) to work on /opt/airflow/dags/01-ETLWeatherPrint.py
[2025-05-20 14:38:10,591] {processor.py:642} INFO - Processing file /opt/airflow/dags/01-ETLWeatherPrint.py for tasks to queue
[2025-05-20 14:38:10,591] {logging_mixin.py:109} INFO - [2025-05-20 14:38:10,591] {dagbag.py:500} INFO - Filling up the DagBag from /opt/airflow/dags/01-ETLWeatherPrint.py
[2025-05-20 14:38:10,979] {processor.py:654} INFO - DAG(s) dict_keys(['ETLWeatherPrint']) retrieved from /opt/airflow/dags/01-ETLWeatherPrint.py
[2025-05-20 14:38:11,119] {logging_mixin.py:109} INFO - [2025-05-20 14:38:11,119] {dag.py:2398} INFO - Sync 1 DAGs
[2025-05-20 14:38:11,130] {logging_mixin.py:109} INFO - [2025-05-20 14:38:11,130] {dag.py:2937} INFO - Setting next_dagrun for ETLWeatherPrint to None
[2025-05-20 14:38:11,137] {processor.py:171} INFO - Processing /opt/airflow/dags/01-ETLWeatherPrint.py took 0.550 seconds
[2025-05-20 14:38:42,780] {processor.py:163} INFO - Started process (PID=8736) to work on /opt/airflow/dags/01-ETLWeatherPrint.py
[2025-05-20 14:38:42,781] {processor.py:642} INFO - Processing file /opt/airflow/dags/01-ETLWeatherPrint.py for tasks to queue
[2025-05-20 14:38:42,782] {logging_mixin.py:109} INFO - [2025-05-20 14:38:42,782] {dagbag.py:500} INFO - Filling up the DagBag from /opt/airflow/dags/01-ETLWeatherPrint.py
[2025-05-20 14:38:43,171] {processor.py:654} INFO - DAG(s) dict_keys(['ETLWeatherPrint']) retrieved from /opt/airflow/dags/01-ETLWeatherPrint.py
[2025-05-20 14:38:43,179] {logging_mixin.py:109} INFO - [2025-05-20 14:38:43,179] {dag.py:2398} INFO - Sync 1 DAGs
[2025-05-20 14:38:43,189] {logging_mixin.py:109} INFO - [2025-05-20 14:38:43,189] {dag.py:2937} INFO - Setting next_dagrun for ETLWeatherPrint to None
[2025-05-20 14:38:43,195] {processor.py:171} INFO - Processing /opt/airflow/dags/01-ETLWeatherPrint.py took 0.417 seconds
[2025-05-20 14:39:15,293] {processor.py:163} INFO - Started process (PID=8868) to work on /opt/airflow/dags/01-ETLWeatherPrint.py
[2025-05-20 14:39:15,295] {processor.py:642} INFO - Processing file /opt/airflow/dags/01-ETLWeatherPrint.py for tasks to queue
[2025-05-20 14:39:15,295] {logging_mixin.py:109} INFO - [2025-05-20 14:39:15,295] {dagbag.py:500} INFO - Filling up the DagBag from /opt/airflow/dags/01-ETLWeatherPrint.py
[2025-05-20 14:39:15,679] {processor.py:654} INFO - DAG(s) dict_keys(['ETLWeatherPrint']) retrieved from /opt/airflow/dags/01-ETLWeatherPrint.py
[2025-05-20 14:39:15,686] {logging_mixin.py:109} INFO - [2025-05-20 14:39:15,686] {dag.py:2398} INFO - Sync 1 DAGs
[2025-05-20 14:39:15,697] {logging_mixin.py:109} INFO - [2025-05-20 14:39:15,697] {dag.py:2937} INFO - Setting next_dagrun for ETLWeatherPrint to None
[2025-05-20 14:39:15,703] {processor.py:171} INFO - Processing /opt/airflow/dags/01-ETLWeatherPrint.py took 0.413 seconds
[2025-05-20 14:39:47,743] {processor.py:163} INFO - Started process (PID=9010) to work on /opt/airflow/dags/01-ETLWeatherPrint.py
[2025-05-20 14:39:47,744] {processor.py:642} INFO - Processing file /opt/airflow/dags/01-ETLWeatherPrint.py for tasks to queue
[2025-05-20 14:39:47,745] {logging_mixin.py:109} INFO - [2025-05-20 14:39:47,745] {dagbag.py:500} INFO - Filling up the DagBag from /opt/airflow/dags/01-ETLWeatherPrint.py
[2025-05-20 14:39:48,204] {processor.py:654} INFO - DAG(s) dict_keys(['ETLWeatherPrint']) retrieved from /opt/airflow/dags/01-ETLWeatherPrint.py
[2025-05-20 14:39:48,368] {logging_mixin.py:109} INFO - [2025-05-20 14:39:48,368] {dag.py:2398} INFO - Sync 1 DAGs
[2025-05-20 14:39:48,380] {logging_mixin.py:109} INFO - [2025-05-20 14:39:48,380] {dag.py:2937} INFO - Setting next_dagrun for ETLWeatherPrint to None
[2025-05-20 14:39:48,388] {processor.py:171} INFO - Processing /opt/airflow/dags/01-ETLWeatherPrint.py took 0.648 seconds
[2025-05-20 14:40:16,007] {processor.py:163} INFO - Started process (PID=9078) to work on /opt/airflow/dags/01-ETLWeatherPrint.py
[2025-05-20 14:40:16,008] {processor.py:642} INFO - Processing file /opt/airflow/dags/01-ETLWeatherPrint.py for tasks to queue
[2025-05-20 14:40:16,009] {logging_mixin.py:109} INFO - [2025-05-20 14:40:16,009] {dagbag.py:500} INFO - Filling up the DagBag from /opt/airflow/dags/01-ETLWeatherPrint.py
[2025-05-20 14:40:18,933] {processor.py:654} INFO - DAG(s) dict_keys(['ETLWeatherPrint']) retrieved from /opt/airflow/dags/01-ETLWeatherPrint.py
[2025-05-20 14:40:19,092] {logging_mixin.py:109} INFO - [2025-05-20 14:40:19,092] {dag.py:2398} INFO - Sync 1 DAGs
[2025-05-20 14:40:19,105] {logging_mixin.py:109} INFO - [2025-05-20 14:40:19,105] {dag.py:2937} INFO - Setting next_dagrun for ETLWeatherPrint to None
[2025-05-20 14:40:19,115] {processor.py:171} INFO - Processing /opt/airflow/dags/01-ETLWeatherPrint.py took 0.675 seconds
[2025-05-20 14:40:24,613] {processor.py:163} INFO - Started process (PID=9190) to work on /opt/airflow/dags/01-ETLWeatherPrint.py
[2025-05-20 14:40:24,614] {processor.py:642} INFO - Processing file /opt/airflow/dags/01-ETLWeatherPrint.py for tasks to queue
[2025-05-20 14:40:24,615] {logging_mixin.py:109} INFO - [2025-05-20 14:40:24,615] {dagbag.py:500} INFO - Filling up the DagBag from /opt/airflow/dags/01-ETLWeatherPrint.py
[2025-05-20 14:40:25,134] {processor.py:654} INFO - DAG(s) dict_keys(['ETLWeatherPrint']) retrieved from /opt/airflow/dags/01-ETLWeatherPrint.py
[2025-05-20 14:40:25,137] {logging_mixin.py:109} INFO - [2025-05-20 14:40:25,137] {dag.py:2398} INFO - Sync 1 DAGs
[2025-05-20 14:40:25,153] {logging_mixin.py:109} INFO - [2025-05-20 14:40:25,153] {dag.py:2937} INFO - Setting next_dagrun for ETLWeatherPrint to None
[2025-05-20 14:40:25,165] {processor.py:171} INFO - Processing /opt/airflow/dags/01-ETLWeatherPrint.py took 0.554 seconds
[2025-05-20 14:40:55,309] {processor.py:163} INFO - Started process (PID=9333) to work on /opt/airflow/dags/01-ETLWeatherPrint.py
[2025-05-20 14:40:55,311] {processor.py:642} INFO - Processing file /opt/airflow/dags/01-ETLWeatherPrint.py for tasks to queue
[2025-05-20 14:40:55,312] {logging_mixin.py:109} INFO - [2025-05-20 14:40:55,312] {dagbag.py:500} INFO - Filling up the DagBag from /opt/airflow/dags/01-ETLWeatherPrint.py
[2025-05-20 14:40:55,716] {processor.py:654} INFO - DAG(s) dict_keys(['ETLWeatherPrint']) retrieved from /opt/airflow/dags/01-ETLWeatherPrint.py
[2025-05-20 14:40:55,871] {logging_mixin.py:109} INFO - [2025-05-20 14:40:55,871] {dag.py:2398} INFO - Sync 1 DAGs
[2025-05-20 14:40:55,884] {logging_mixin.py:109} INFO - [2025-05-20 14:40:55,884] {dag.py:2937} INFO - Setting next_dagrun for ETLWeatherPrint to None
[2025-05-20 14:40:55,897] {processor.py:171} INFO - Processing /opt/airflow/dags/01-ETLWeatherPrint.py took 0.591 seconds
[2025-05-20 14:41:26,105] {processor.py:163} INFO - Started process (PID=9465) to work on /opt/airflow/dags/01-ETLWeatherPrint.py
[2025-05-20 14:41:26,107] {processor.py:642} INFO - Processing file /opt/airflow/dags/01-ETLWeatherPrint.py for tasks to queue
[2025-05-20 14:41:26,107] {logging_mixin.py:109} INFO - [2025-05-20 14:41:26,107] {dagbag.py:500} INFO - Filling up the DagBag from /opt/airflow/dags/01-ETLWeatherPrint.py
[2025-05-20 14:41:26,506] {processor.py:654} INFO - DAG(s) dict_keys(['ETLWeatherPrint']) retrieved from /opt/airflow/dags/01-ETLWeatherPrint.py
[2025-05-20 14:41:26,646] {logging_mixin.py:109} INFO - [2025-05-20 14:41:26,646] {dag.py:2398} INFO - Sync 1 DAGs
[2025-05-20 14:41:26,656] {logging_mixin.py:109} INFO - [2025-05-20 14:41:26,656] {dag.py:2937} INFO - Setting next_dagrun for ETLWeatherPrint to None
[2025-05-20 14:41:26,665] {processor.py:171} INFO - Processing /opt/airflow/dags/01-ETLWeatherPrint.py took 0.561 seconds
[2025-05-20 14:41:56,738] {processor.py:163} INFO - Started process (PID=9549) to work on /opt/airflow/dags/01-ETLWeatherPrint.py
[2025-05-20 14:41:56,739] {processor.py:642} INFO - Processing file /opt/airflow/dags/01-ETLWeatherPrint.py for tasks to queue
[2025-05-20 14:41:56,740] {logging_mixin.py:109} INFO - [2025-05-20 14:41:56,740] {dagbag.py:500} INFO - Filling up the DagBag from /opt/airflow/dags/01-ETLWeatherPrint.py
[2025-05-20 14:41:57,135] {processor.py:654} INFO - DAG(s) dict_keys(['ETLWeatherPrint']) retrieved from /opt/airflow/dags/01-ETLWeatherPrint.py
[2025-05-20 14:41:57,278] {logging_mixin.py:109} INFO - [2025-05-20 14:41:57,277] {dag.py:2398} INFO - Sync 1 DAGs
[2025-05-20 14:41:57,288] {logging_mixin.py:109} INFO - [2025-05-20 14:41:57,288] {dag.py:2937} INFO - Setting next_dagrun for ETLWeatherPrint to None
[2025-05-20 14:41:57,295] {processor.py:171} INFO - Processing /opt/airflow/dags/01-ETLWeatherPrint.py took 0.559 seconds
[2025-05-20 14:42:28,556] {processor.py:163} INFO - Started process (PID=9691) to work on /opt/airflow/dags/01-ETLWeatherPrint.py
[2025-05-20 14:42:28,559] {processor.py:642} INFO - Processing file /opt/airflow/dags/01-ETLWeatherPrint.py for tasks to queue
[2025-05-20 14:42:28,560] {logging_mixin.py:109} INFO - [2025-05-20 14:42:28,560] {dagbag.py:500} INFO - Filling up the DagBag from /opt/airflow/dags/01-ETLWeatherPrint.py
[2025-05-20 14:42:29,080] {processor.py:654} INFO - DAG(s) dict_keys(['ETLWeatherPrint']) retrieved from /opt/airflow/dags/01-ETLWeatherPrint.py
[2025-05-20 14:42:29,088] {logging_mixin.py:109} INFO - [2025-05-20 14:42:29,088] {dag.py:2398} INFO - Sync 1 DAGs
[2025-05-20 14:42:29,098] {logging_mixin.py:109} INFO - [2025-05-20 14:42:29,098] {dag.py:2937} INFO - Setting next_dagrun for ETLWeatherPrint to None
[2025-05-20 14:42:29,106] {processor.py:171} INFO - Processing /opt/airflow/dags/01-ETLWeatherPrint.py took 0.553 seconds
[2025-05-20 14:43:00,967] {processor.py:163} INFO - Started process (PID=9823) to work on /opt/airflow/dags/01-ETLWeatherPrint.py
[2025-05-20 14:43:00,968] {processor.py:642} INFO - Processing file /opt/airflow/dags/01-ETLWeatherPrint.py for tasks to queue
[2025-05-20 14:43:00,968] {logging_mixin.py:109} INFO - [2025-05-20 14:43:00,968] {dagbag.py:500} INFO - Filling up the DagBag from /opt/airflow/dags/01-ETLWeatherPrint.py
[2025-05-20 14:43:01,478] {processor.py:654} INFO - DAG(s) dict_keys(['ETLWeatherPrint']) retrieved from /opt/airflow/dags/01-ETLWeatherPrint.py
[2025-05-20 14:43:01,485] {logging_mixin.py:109} INFO - [2025-05-20 14:43:01,485] {dag.py:2398} INFO - Sync 1 DAGs
[2025-05-20 14:43:01,496] {logging_mixin.py:109} INFO - [2025-05-20 14:43:01,496] {dag.py:2937} INFO - Setting next_dagrun for ETLWeatherPrint to None
[2025-05-20 14:43:01,507] {processor.py:171} INFO - Processing /opt/airflow/dags/01-ETLWeatherPrint.py took 0.542 seconds
[2025-05-20 14:43:33,816] {processor.py:163} INFO - Started process (PID=9962) to work on /opt/airflow/dags/01-ETLWeatherPrint.py
[2025-05-20 14:43:33,817] {processor.py:642} INFO - Processing file /opt/airflow/dags/01-ETLWeatherPrint.py for tasks to queue
[2025-05-20 14:43:33,818] {logging_mixin.py:109} INFO - [2025-05-20 14:43:33,818] {dagbag.py:500} INFO - Filling up the DagBag from /opt/airflow/dags/01-ETLWeatherPrint.py
[2025-05-20 14:43:34,501] {processor.py:654} INFO - DAG(s) dict_keys(['ETLWeatherPrint']) retrieved from /opt/airflow/dags/01-ETLWeatherPrint.py
[2025-05-20 14:43:34,510] {logging_mixin.py:109} INFO - [2025-05-20 14:43:34,509] {dag.py:2398} INFO - Sync 1 DAGs
[2025-05-20 14:43:34,523] {logging_mixin.py:109} INFO - [2025-05-20 14:43:34,523] {dag.py:2937} INFO - Setting next_dagrun for ETLWeatherPrint to None
[2025-05-20 14:43:34,531] {processor.py:171} INFO - Processing /opt/airflow/dags/01-ETLWeatherPrint.py took 0.718 seconds
[2025-05-20 14:44:06,334] {processor.py:163} INFO - Started process (PID=10097) to work on /opt/airflow/dags/01-ETLWeatherPrint.py
[2025-05-20 14:44:06,337] {processor.py:642} INFO - Processing file /opt/airflow/dags/01-ETLWeatherPrint.py for tasks to queue
[2025-05-20 14:44:06,337] {logging_mixin.py:109} INFO - [2025-05-20 14:44:06,337] {dagbag.py:500} INFO - Filling up the DagBag from /opt/airflow/dags/01-ETLWeatherPrint.py
[2025-05-20 14:44:06,791] {processor.py:654} INFO - DAG(s) dict_keys(['ETLWeatherPrint']) retrieved from /opt/airflow/dags/01-ETLWeatherPrint.py
[2025-05-20 14:44:06,956] {logging_mixin.py:109} INFO - [2025-05-20 14:44:06,955] {dag.py:2398} INFO - Sync 1 DAGs
[2025-05-20 14:44:06,967] {logging_mixin.py:109} INFO - [2025-05-20 14:44:06,967] {dag.py:2937} INFO - Setting next_dagrun for ETLWeatherPrint to None
[2025-05-20 14:44:06,975] {processor.py:171} INFO - Processing /opt/airflow/dags/01-ETLWeatherPrint.py took 0.643 seconds
[2025-05-20 14:44:38,731] {processor.py:163} INFO - Started process (PID=10229) to work on /opt/airflow/dags/01-ETLWeatherPrint.py
[2025-05-20 14:44:38,733] {processor.py:642} INFO - Processing file /opt/airflow/dags/01-ETLWeatherPrint.py for tasks to queue
[2025-05-20 14:44:38,734] {logging_mixin.py:109} INFO - [2025-05-20 14:44:38,734] {dagbag.py:500} INFO - Filling up the DagBag from /opt/airflow/dags/01-ETLWeatherPrint.py
[2025-05-20 14:44:39,291] {processor.py:654} INFO - DAG(s) dict_keys(['ETLWeatherPrint']) retrieved from /opt/airflow/dags/01-ETLWeatherPrint.py
[2025-05-20 14:44:39,301] {logging_mixin.py:109} INFO - [2025-05-20 14:44:39,301] {dag.py:2398} INFO - Sync 1 DAGs
[2025-05-20 14:44:39,315] {logging_mixin.py:109} INFO - [2025-05-20 14:44:39,315] {dag.py:2937} INFO - Setting next_dagrun for ETLWeatherPrint to None
[2025-05-20 14:44:39,326] {processor.py:171} INFO - Processing /opt/airflow/dags/01-ETLWeatherPrint.py took 0.597 seconds
[2025-05-20 14:45:11,076] {processor.py:163} INFO - Started process (PID=10371) to work on /opt/airflow/dags/01-ETLWeatherPrint.py
[2025-05-20 14:45:11,079] {processor.py:642} INFO - Processing file /opt/airflow/dags/01-ETLWeatherPrint.py for tasks to queue
[2025-05-20 14:45:11,079] {logging_mixin.py:109} INFO - [2025-05-20 14:45:11,079] {dagbag.py:500} INFO - Filling up the DagBag from /opt/airflow/dags/01-ETLWeatherPrint.py
[2025-05-20 14:45:11,510] {processor.py:654} INFO - DAG(s) dict_keys(['ETLWeatherPrint']) retrieved from /opt/airflow/dags/01-ETLWeatherPrint.py
[2025-05-20 14:45:11,517] {logging_mixin.py:109} INFO - [2025-05-20 14:45:11,517] {dag.py:2398} INFO - Sync 1 DAGs
[2025-05-20 14:45:11,530] {logging_mixin.py:109} INFO - [2025-05-20 14:45:11,530] {dag.py:2937} INFO - Setting next_dagrun for ETLWeatherPrint to None
[2025-05-20 14:45:11,537] {processor.py:171} INFO - Processing /opt/airflow/dags/01-ETLWeatherPrint.py took 0.463 seconds
[2025-05-20 14:45:44,131] {processor.py:163} INFO - Started process (PID=10504) to work on /opt/airflow/dags/01-ETLWeatherPrint.py
[2025-05-20 14:45:44,133] {processor.py:642} INFO - Processing file /opt/airflow/dags/01-ETLWeatherPrint.py for tasks to queue
[2025-05-20 14:45:44,134] {logging_mixin.py:109} INFO - [2025-05-20 14:45:44,134] {dagbag.py:500} INFO - Filling up the DagBag from /opt/airflow/dags/01-ETLWeatherPrint.py
[2025-05-20 14:45:44,690] {processor.py:654} INFO - DAG(s) dict_keys(['ETLWeatherPrint']) retrieved from /opt/airflow/dags/01-ETLWeatherPrint.py
[2025-05-20 14:45:44,858] {logging_mixin.py:109} INFO - [2025-05-20 14:45:44,857] {dag.py:2398} INFO - Sync 1 DAGs
[2025-05-20 14:45:44,871] {logging_mixin.py:109} INFO - [2025-05-20 14:45:44,871] {dag.py:2937} INFO - Setting next_dagrun for ETLWeatherPrint to None
[2025-05-20 14:45:44,883] {processor.py:171} INFO - Processing /opt/airflow/dags/01-ETLWeatherPrint.py took 0.755 seconds
[2025-05-20 14:46:16,571] {processor.py:163} INFO - Started process (PID=10647) to work on /opt/airflow/dags/01-ETLWeatherPrint.py
[2025-05-20 14:46:16,572] {processor.py:642} INFO - Processing file /opt/airflow/dags/01-ETLWeatherPrint.py for tasks to queue
[2025-05-20 14:46:16,573] {logging_mixin.py:109} INFO - [2025-05-20 14:46:16,573] {dagbag.py:500} INFO - Filling up the DagBag from /opt/airflow/dags/01-ETLWeatherPrint.py
[2025-05-20 14:46:17,198] {processor.py:654} INFO - DAG(s) dict_keys(['ETLWeatherPrint']) retrieved from /opt/airflow/dags/01-ETLWeatherPrint.py
[2025-05-20 14:46:17,207] {logging_mixin.py:109} INFO - [2025-05-20 14:46:17,207] {dag.py:2398} INFO - Sync 1 DAGs
[2025-05-20 14:46:17,222] {logging_mixin.py:109} INFO - [2025-05-20 14:46:17,222] {dag.py:2937} INFO - Setting next_dagrun for ETLWeatherPrint to None
[2025-05-20 14:46:17,229] {processor.py:171} INFO - Processing /opt/airflow/dags/01-ETLWeatherPrint.py took 0.661 seconds
[2025-05-20 14:46:48,457] {processor.py:163} INFO - Started process (PID=10779) to work on /opt/airflow/dags/01-ETLWeatherPrint.py
[2025-05-20 14:46:48,458] {processor.py:642} INFO - Processing file /opt/airflow/dags/01-ETLWeatherPrint.py for tasks to queue
[2025-05-20 14:46:48,458] {logging_mixin.py:109} INFO - [2025-05-20 14:46:48,458] {dagbag.py:500} INFO - Filling up the DagBag from /opt/airflow/dags/01-ETLWeatherPrint.py
[2025-05-20 14:46:48,905] {processor.py:654} INFO - DAG(s) dict_keys(['ETLWeatherPrint']) retrieved from /opt/airflow/dags/01-ETLWeatherPrint.py
[2025-05-20 14:46:48,913] {logging_mixin.py:109} INFO - [2025-05-20 14:46:48,913] {dag.py:2398} INFO - Sync 1 DAGs
[2025-05-20 14:46:48,926] {logging_mixin.py:109} INFO - [2025-05-20 14:46:48,926] {dag.py:2937} INFO - Setting next_dagrun for ETLWeatherPrint to None
[2025-05-20 14:46:48,935] {processor.py:171} INFO - Processing /opt/airflow/dags/01-ETLWeatherPrint.py took 0.482 seconds
[2025-05-20 14:47:22,152] {processor.py:163} INFO - Started process (PID=10943) to work on /opt/airflow/dags/01-ETLWeatherPrint.py
[2025-05-20 14:47:22,154] {processor.py:642} INFO - Processing file /opt/airflow/dags/01-ETLWeatherPrint.py for tasks to queue
[2025-05-20 14:47:22,155] {logging_mixin.py:109} INFO - [2025-05-20 14:47:22,155] {dagbag.py:500} INFO - Filling up the DagBag from /opt/airflow/dags/01-ETLWeatherPrint.py
[2025-05-20 14:47:22,649] {processor.py:654} INFO - DAG(s) dict_keys(['ETLWeatherPrint']) retrieved from /opt/airflow/dags/01-ETLWeatherPrint.py
[2025-05-20 14:47:22,799] {logging_mixin.py:109} INFO - [2025-05-20 14:47:22,799] {dag.py:2398} INFO - Sync 1 DAGs
[2025-05-20 14:47:22,810] {logging_mixin.py:109} INFO - [2025-05-20 14:47:22,810] {dag.py:2937} INFO - Setting next_dagrun for ETLWeatherPrint to None
[2025-05-20 14:47:22,817] {processor.py:171} INFO - Processing /opt/airflow/dags/01-ETLWeatherPrint.py took 0.668 seconds
[2025-05-20 14:47:54,199] {processor.py:163} INFO - Started process (PID=11085) to work on /opt/airflow/dags/01-ETLWeatherPrint.py
[2025-05-20 14:47:54,200] {processor.py:642} INFO - Processing file /opt/airflow/dags/01-ETLWeatherPrint.py for tasks to queue
[2025-05-20 14:47:54,200] {logging_mixin.py:109} INFO - [2025-05-20 14:47:54,200] {dagbag.py:500} INFO - Filling up the DagBag from /opt/airflow/dags/01-ETLWeatherPrint.py
[2025-05-20 14:47:54,736] {processor.py:654} INFO - DAG(s) dict_keys(['ETLWeatherPrint']) retrieved from /opt/airflow/dags/01-ETLWeatherPrint.py
[2025-05-20 14:47:54,917] {logging_mixin.py:109} INFO - [2025-05-20 14:47:54,917] {dag.py:2398} INFO - Sync 1 DAGs
[2025-05-20 14:47:54,928] {logging_mixin.py:109} INFO - [2025-05-20 14:47:54,928] {dag.py:2937} INFO - Setting next_dagrun for ETLWeatherPrint to None
[2025-05-20 14:47:54,937] {processor.py:171} INFO - Processing /opt/airflow/dags/01-ETLWeatherPrint.py took 0.740 seconds
[2025-05-20 14:48:26,953] {processor.py:163} INFO - Started process (PID=11217) to work on /opt/airflow/dags/01-ETLWeatherPrint.py
[2025-05-20 14:48:26,955] {processor.py:642} INFO - Processing file /opt/airflow/dags/01-ETLWeatherPrint.py for tasks to queue
[2025-05-20 14:48:26,955] {logging_mixin.py:109} INFO - [2025-05-20 14:48:26,955] {dagbag.py:500} INFO - Filling up the DagBag from /opt/airflow/dags/01-ETLWeatherPrint.py
[2025-05-20 14:48:27,374] {processor.py:654} INFO - DAG(s) dict_keys(['ETLWeatherPrint']) retrieved from /opt/airflow/dags/01-ETLWeatherPrint.py
[2025-05-20 14:48:27,381] {logging_mixin.py:109} INFO - [2025-05-20 14:48:27,381] {dag.py:2398} INFO - Sync 1 DAGs
[2025-05-20 14:48:27,392] {logging_mixin.py:109} INFO - [2025-05-20 14:48:27,392] {dag.py:2937} INFO - Setting next_dagrun for ETLWeatherPrint to None
[2025-05-20 14:48:27,400] {processor.py:171} INFO - Processing /opt/airflow/dags/01-ETLWeatherPrint.py took 0.449 seconds
[2025-05-20 14:48:59,249] {processor.py:163} INFO - Started process (PID=11359) to work on /opt/airflow/dags/01-ETLWeatherPrint.py
[2025-05-20 14:48:59,250] {processor.py:642} INFO - Processing file /opt/airflow/dags/01-ETLWeatherPrint.py for tasks to queue
[2025-05-20 14:48:59,251] {logging_mixin.py:109} INFO - [2025-05-20 14:48:59,251] {dagbag.py:500} INFO - Filling up the DagBag from /opt/airflow/dags/01-ETLWeatherPrint.py
[2025-05-20 14:48:59,717] {processor.py:654} INFO - DAG(s) dict_keys(['ETLWeatherPrint']) retrieved from /opt/airflow/dags/01-ETLWeatherPrint.py
[2025-05-20 14:48:59,874] {logging_mixin.py:109} INFO - [2025-05-20 14:48:59,874] {dag.py:2398} INFO - Sync 1 DAGs
[2025-05-20 14:48:59,887] {logging_mixin.py:109} INFO - [2025-05-20 14:48:59,887] {dag.py:2937} INFO - Setting next_dagrun for ETLWeatherPrint to None
[2025-05-20 14:48:59,897] {processor.py:171} INFO - Processing /opt/airflow/dags/01-ETLWeatherPrint.py took 0.650 seconds
[2025-05-20 14:49:32,855] {processor.py:163} INFO - Started process (PID=11491) to work on /opt/airflow/dags/01-ETLWeatherPrint.py
[2025-05-20 14:49:32,856] {processor.py:642} INFO - Processing file /opt/airflow/dags/01-ETLWeatherPrint.py for tasks to queue
[2025-05-20 14:49:32,856] {logging_mixin.py:109} INFO - [2025-05-20 14:49:32,856] {dagbag.py:500} INFO - Filling up the DagBag from /opt/airflow/dags/01-ETLWeatherPrint.py
[2025-05-20 14:49:33,333] {processor.py:654} INFO - DAG(s) dict_keys(['ETLWeatherPrint']) retrieved from /opt/airflow/dags/01-ETLWeatherPrint.py
[2025-05-20 14:49:33,595] {logging_mixin.py:109} INFO - [2025-05-20 14:49:33,595] {dag.py:2398} INFO - Sync 1 DAGs
[2025-05-20 14:49:33,607] {logging_mixin.py:109} INFO - [2025-05-20 14:49:33,607] {dag.py:2937} INFO - Setting next_dagrun for ETLWeatherPrint to None
[2025-05-20 14:49:33,622] {processor.py:171} INFO - Processing /opt/airflow/dags/01-ETLWeatherPrint.py took 0.770 seconds
[2025-05-20 14:50:04,527] {processor.py:163} INFO - Started process (PID=11624) to work on /opt/airflow/dags/01-ETLWeatherPrint.py
[2025-05-20 14:50:04,528] {processor.py:642} INFO - Processing file /opt/airflow/dags/01-ETLWeatherPrint.py for tasks to queue
[2025-05-20 14:50:04,529] {logging_mixin.py:109} INFO - [2025-05-20 14:50:04,529] {dagbag.py:500} INFO - Filling up the DagBag from /opt/airflow/dags/01-ETLWeatherPrint.py
[2025-05-20 14:50:04,951] {processor.py:654} INFO - DAG(s) dict_keys(['ETLWeatherPrint']) retrieved from /opt/airflow/dags/01-ETLWeatherPrint.py
[2025-05-20 14:50:05,132] {logging_mixin.py:109} INFO - [2025-05-20 14:50:05,132] {dag.py:2398} INFO - Sync 1 DAGs
[2025-05-20 14:50:05,144] {logging_mixin.py:109} INFO - [2025-05-20 14:50:05,144] {dag.py:2937} INFO - Setting next_dagrun for ETLWeatherPrint to None
[2025-05-20 14:50:05,152] {processor.py:171} INFO - Processing /opt/airflow/dags/01-ETLWeatherPrint.py took 0.627 seconds
[2025-05-20 14:50:37,143] {processor.py:163} INFO - Started process (PID=11766) to work on /opt/airflow/dags/01-ETLWeatherPrint.py
[2025-05-20 14:50:37,145] {processor.py:642} INFO - Processing file /opt/airflow/dags/01-ETLWeatherPrint.py for tasks to queue
[2025-05-20 14:50:37,145] {logging_mixin.py:109} INFO - [2025-05-20 14:50:37,145] {dagbag.py:500} INFO - Filling up the DagBag from /opt/airflow/dags/01-ETLWeatherPrint.py
[2025-05-20 14:50:37,758] {processor.py:654} INFO - DAG(s) dict_keys(['ETLWeatherPrint']) retrieved from /opt/airflow/dags/01-ETLWeatherPrint.py
[2025-05-20 14:50:37,911] {logging_mixin.py:109} INFO - [2025-05-20 14:50:37,910] {dag.py:2398} INFO - Sync 1 DAGs
[2025-05-20 14:50:37,921] {logging_mixin.py:109} INFO - [2025-05-20 14:50:37,920] {dag.py:2937} INFO - Setting next_dagrun for ETLWeatherPrint to None
[2025-05-20 14:50:37,928] {processor.py:171} INFO - Processing /opt/airflow/dags/01-ETLWeatherPrint.py took 0.788 seconds
[2025-05-20 14:51:09,994] {processor.py:163} INFO - Started process (PID=11898) to work on /opt/airflow/dags/01-ETLWeatherPrint.py
[2025-05-20 14:51:09,995] {processor.py:642} INFO - Processing file /opt/airflow/dags/01-ETLWeatherPrint.py for tasks to queue
[2025-05-20 14:51:09,995] {logging_mixin.py:109} INFO - [2025-05-20 14:51:09,995] {dagbag.py:500} INFO - Filling up the DagBag from /opt/airflow/dags/01-ETLWeatherPrint.py
[2025-05-20 14:51:10,407] {processor.py:654} INFO - DAG(s) dict_keys(['ETLWeatherPrint']) retrieved from /opt/airflow/dags/01-ETLWeatherPrint.py
[2025-05-20 14:51:10,414] {logging_mixin.py:109} INFO - [2025-05-20 14:51:10,414] {dag.py:2398} INFO - Sync 1 DAGs
[2025-05-20 14:51:10,425] {logging_mixin.py:109} INFO - [2025-05-20 14:51:10,425] {dag.py:2937} INFO - Setting next_dagrun for ETLWeatherPrint to None
[2025-05-20 14:51:10,431] {processor.py:171} INFO - Processing /opt/airflow/dags/01-ETLWeatherPrint.py took 0.439 seconds
[2025-05-20 14:51:42,908] {processor.py:163} INFO - Started process (PID=12030) to work on /opt/airflow/dags/01-ETLWeatherPrint.py
[2025-05-20 14:51:42,909] {processor.py:642} INFO - Processing file /opt/airflow/dags/01-ETLWeatherPrint.py for tasks to queue
[2025-05-20 14:51:42,910] {logging_mixin.py:109} INFO - [2025-05-20 14:51:42,910] {dagbag.py:500} INFO - Filling up the DagBag from /opt/airflow/dags/01-ETLWeatherPrint.py
[2025-05-20 14:51:43,368] {processor.py:654} INFO - DAG(s) dict_keys(['ETLWeatherPrint']) retrieved from /opt/airflow/dags/01-ETLWeatherPrint.py
[2025-05-20 14:51:43,376] {logging_mixin.py:109} INFO - [2025-05-20 14:51:43,375] {dag.py:2398} INFO - Sync 1 DAGs
[2025-05-20 14:51:43,393] {logging_mixin.py:109} INFO - [2025-05-20 14:51:43,393] {dag.py:2937} INFO - Setting next_dagrun for ETLWeatherPrint to None
[2025-05-20 14:51:43,403] {processor.py:171} INFO - Processing /opt/airflow/dags/01-ETLWeatherPrint.py took 0.498 seconds
[2025-05-20 14:52:14,783] {processor.py:163} INFO - Started process (PID=12176) to work on /opt/airflow/dags/01-ETLWeatherPrint.py
[2025-05-20 14:52:14,786] {processor.py:642} INFO - Processing file /opt/airflow/dags/01-ETLWeatherPrint.py for tasks to queue
[2025-05-20 14:52:14,787] {logging_mixin.py:109} INFO - [2025-05-20 14:52:14,786] {dagbag.py:500} INFO - Filling up the DagBag from /opt/airflow/dags/01-ETLWeatherPrint.py
[2025-05-20 14:52:15,337] {processor.py:654} INFO - DAG(s) dict_keys(['ETLWeatherPrint']) retrieved from /opt/airflow/dags/01-ETLWeatherPrint.py
[2025-05-20 14:52:15,345] {logging_mixin.py:109} INFO - [2025-05-20 14:52:15,344] {dag.py:2398} INFO - Sync 1 DAGs
[2025-05-20 14:52:15,359] {logging_mixin.py:109} INFO - [2025-05-20 14:52:15,359] {dag.py:2937} INFO - Setting next_dagrun for ETLWeatherPrint to None
[2025-05-20 14:52:15,375] {processor.py:171} INFO - Processing /opt/airflow/dags/01-ETLWeatherPrint.py took 0.596 seconds
[2025-05-20 14:52:47,968] {processor.py:163} INFO - Started process (PID=12324) to work on /opt/airflow/dags/01-ETLWeatherPrint.py
[2025-05-20 14:52:47,969] {processor.py:642} INFO - Processing file /opt/airflow/dags/01-ETLWeatherPrint.py for tasks to queue
[2025-05-20 14:52:47,969] {logging_mixin.py:109} INFO - [2025-05-20 14:52:47,969] {dagbag.py:500} INFO - Filling up the DagBag from /opt/airflow/dags/01-ETLWeatherPrint.py
[2025-05-20 14:52:48,474] {processor.py:654} INFO - DAG(s) dict_keys(['ETLWeatherPrint']) retrieved from /opt/airflow/dags/01-ETLWeatherPrint.py
[2025-05-20 14:52:48,482] {logging_mixin.py:109} INFO - [2025-05-20 14:52:48,482] {dag.py:2398} INFO - Sync 1 DAGs
[2025-05-20 14:52:48,495] {logging_mixin.py:109} INFO - [2025-05-20 14:52:48,495] {dag.py:2937} INFO - Setting next_dagrun for ETLWeatherPrint to None
[2025-05-20 14:52:48,503] {processor.py:171} INFO - Processing /opt/airflow/dags/01-ETLWeatherPrint.py took 0.537 seconds
[2025-05-20 14:53:20,442] {processor.py:163} INFO - Started process (PID=12450) to work on /opt/airflow/dags/01-ETLWeatherPrint.py
[2025-05-20 14:53:20,443] {processor.py:642} INFO - Processing file /opt/airflow/dags/01-ETLWeatherPrint.py for tasks to queue
[2025-05-20 14:53:20,445] {logging_mixin.py:109} INFO - [2025-05-20 14:53:20,445] {dagbag.py:500} INFO - Filling up the DagBag from /opt/airflow/dags/01-ETLWeatherPrint.py
[2025-05-20 14:53:20,994] {processor.py:654} INFO - DAG(s) dict_keys(['ETLWeatherPrint']) retrieved from /opt/airflow/dags/01-ETLWeatherPrint.py
[2025-05-20 14:53:21,162] {logging_mixin.py:109} INFO - [2025-05-20 14:53:21,162] {dag.py:2398} INFO - Sync 1 DAGs
[2025-05-20 14:53:21,173] {logging_mixin.py:109} INFO - [2025-05-20 14:53:21,173] {dag.py:2937} INFO - Setting next_dagrun for ETLWeatherPrint to None
[2025-05-20 14:53:21,180] {processor.py:171} INFO - Processing /opt/airflow/dags/01-ETLWeatherPrint.py took 0.743 seconds
[2025-05-20 14:53:52,346] {processor.py:163} INFO - Started process (PID=12583) to work on /opt/airflow/dags/01-ETLWeatherPrint.py
[2025-05-20 14:53:52,347] {processor.py:642} INFO - Processing file /opt/airflow/dags/01-ETLWeatherPrint.py for tasks to queue
[2025-05-20 14:53:52,348] {logging_mixin.py:109} INFO - [2025-05-20 14:53:52,348] {dagbag.py:500} INFO - Filling up the DagBag from /opt/airflow/dags/01-ETLWeatherPrint.py
[2025-05-20 14:53:53,649] {processor.py:654} INFO - DAG(s) dict_keys(['ETLWeatherPrint']) retrieved from /opt/airflow/dags/01-ETLWeatherPrint.py
[2025-05-20 14:53:53,836] {logging_mixin.py:109} INFO - [2025-05-20 14:53:53,836] {dag.py:2398} INFO - Sync 1 DAGs
[2025-05-20 14:53:53,853] {logging_mixin.py:109} INFO - [2025-05-20 14:53:53,853] {dag.py:2937} INFO - Setting next_dagrun for ETLWeatherPrint to None
[2025-05-20 14:53:53,870] {processor.py:171} INFO - Processing /opt/airflow/dags/01-ETLWeatherPrint.py took 1.527 seconds
[2025-05-20 14:54:25,404] {processor.py:163} INFO - Started process (PID=12730) to work on /opt/airflow/dags/01-ETLWeatherPrint.py
[2025-05-20 14:54:25,405] {processor.py:642} INFO - Processing file /opt/airflow/dags/01-ETLWeatherPrint.py for tasks to queue
[2025-05-20 14:54:25,405] {logging_mixin.py:109} INFO - [2025-05-20 14:54:25,405] {dagbag.py:500} INFO - Filling up the DagBag from /opt/airflow/dags/01-ETLWeatherPrint.py
[2025-05-20 14:54:25,795] {processor.py:654} INFO - DAG(s) dict_keys(['ETLWeatherPrint']) retrieved from /opt/airflow/dags/01-ETLWeatherPrint.py
[2025-05-20 14:54:25,802] {logging_mixin.py:109} INFO - [2025-05-20 14:54:25,802] {dag.py:2398} INFO - Sync 1 DAGs
[2025-05-20 14:54:25,814] {logging_mixin.py:109} INFO - [2025-05-20 14:54:25,814] {dag.py:2937} INFO - Setting next_dagrun for ETLWeatherPrint to None
[2025-05-20 14:54:25,822] {processor.py:171} INFO - Processing /opt/airflow/dags/01-ETLWeatherPrint.py took 0.420 seconds
[2025-05-20 14:54:57,917] {processor.py:163} INFO - Started process (PID=12857) to work on /opt/airflow/dags/01-ETLWeatherPrint.py
[2025-05-20 14:54:57,918] {processor.py:642} INFO - Processing file /opt/airflow/dags/01-ETLWeatherPrint.py for tasks to queue
[2025-05-20 14:54:57,918] {logging_mixin.py:109} INFO - [2025-05-20 14:54:57,918] {dagbag.py:500} INFO - Filling up the DagBag from /opt/airflow/dags/01-ETLWeatherPrint.py
[2025-05-20 14:54:58,472] {processor.py:654} INFO - DAG(s) dict_keys(['ETLWeatherPrint']) retrieved from /opt/airflow/dags/01-ETLWeatherPrint.py
[2025-05-20 14:54:58,478] {logging_mixin.py:109} INFO - [2025-05-20 14:54:58,478] {dag.py:2398} INFO - Sync 1 DAGs
[2025-05-20 14:54:58,489] {logging_mixin.py:109} INFO - [2025-05-20 14:54:58,489] {dag.py:2937} INFO - Setting next_dagrun for ETLWeatherPrint to None
[2025-05-20 14:54:58,496] {processor.py:171} INFO - Processing /opt/airflow/dags/01-ETLWeatherPrint.py took 0.582 seconds
[2025-05-20 14:55:31,446] {processor.py:163} INFO - Started process (PID=13004) to work on /opt/airflow/dags/01-ETLWeatherPrint.py
[2025-05-20 14:55:31,448] {processor.py:642} INFO - Processing file /opt/airflow/dags/01-ETLWeatherPrint.py for tasks to queue
[2025-05-20 14:55:31,448] {logging_mixin.py:109} INFO - [2025-05-20 14:55:31,448] {dagbag.py:500} INFO - Filling up the DagBag from /opt/airflow/dags/01-ETLWeatherPrint.py
[2025-05-20 14:55:31,867] {processor.py:654} INFO - DAG(s) dict_keys(['ETLWeatherPrint']) retrieved from /opt/airflow/dags/01-ETLWeatherPrint.py
[2025-05-20 14:55:32,024] {logging_mixin.py:109} INFO - [2025-05-20 14:55:32,024] {dag.py:2398} INFO - Sync 1 DAGs
[2025-05-20 14:55:32,036] {logging_mixin.py:109} INFO - [2025-05-20 14:55:32,036] {dag.py:2937} INFO - Setting next_dagrun for ETLWeatherPrint to None
[2025-05-20 14:55:32,044] {processor.py:171} INFO - Processing /opt/airflow/dags/01-ETLWeatherPrint.py took 0.600 seconds
[2025-05-20 14:56:03,957] {processor.py:163} INFO - Started process (PID=13136) to work on /opt/airflow/dags/01-ETLWeatherPrint.py
[2025-05-20 14:56:03,959] {processor.py:642} INFO - Processing file /opt/airflow/dags/01-ETLWeatherPrint.py for tasks to queue
[2025-05-20 14:56:03,960] {logging_mixin.py:109} INFO - [2025-05-20 14:56:03,960] {dagbag.py:500} INFO - Filling up the DagBag from /opt/airflow/dags/01-ETLWeatherPrint.py
[2025-05-20 14:56:04,978] {processor.py:654} INFO - DAG(s) dict_keys(['ETLWeatherPrint']) retrieved from /opt/airflow/dags/01-ETLWeatherPrint.py
[2025-05-20 14:56:04,985] {logging_mixin.py:109} INFO - [2025-05-20 14:56:04,984] {dag.py:2398} INFO - Sync 1 DAGs
[2025-05-20 14:56:04,998] {logging_mixin.py:109} INFO - [2025-05-20 14:56:04,998] {dag.py:2937} INFO - Setting next_dagrun for ETLWeatherPrint to None
[2025-05-20 14:56:05,006] {processor.py:171} INFO - Processing /opt/airflow/dags/01-ETLWeatherPrint.py took 1.053 seconds
