[2025-05-20 13:00:21,783] {processor.py:163} INFO - Started process (PID=94) to work on /opt/airflow/dags/02-ETLWeatherPostgres.py
[2025-05-20 13:00:21,784] {processor.py:642} INFO - Processing file /opt/airflow/dags/02-ETLWeatherPostgres.py for tasks to queue
[2025-05-20 13:00:21,784] {logging_mixin.py:109} INFO - [2025-05-20 13:00:21,784] {dagbag.py:500} INFO - Filling up the DagBag from /opt/airflow/dags/02-ETLWeatherPostgres.py
[2025-05-20 13:00:22,313] {processor.py:654} INFO - DAG(s) dict_keys(['ETLWeatherPostgres']) retrieved from /opt/airflow/dags/02-ETLWeatherPostgres.py
[2025-05-20 13:00:24,082] {logging_mixin.py:109} INFO - [2025-05-20 13:00:24,082] {manager.py:496} INFO - Created Permission View: can edit on DAG:ETLWeatherPostgres
[2025-05-20 13:00:24,091] {logging_mixin.py:109} INFO - [2025-05-20 13:00:24,091] {manager.py:496} INFO - Created Permission View: can read on DAG:ETLWeatherPostgres
[2025-05-20 13:00:24,092] {logging_mixin.py:109} INFO - [2025-05-20 13:00:24,091] {dag.py:2398} INFO - Sync 1 DAGs
[2025-05-20 13:00:24,105] {logging_mixin.py:109} INFO - [2025-05-20 13:00:24,103] {dag.py:2417} INFO - Creating ORM DAG for ETLWeatherPostgres
[2025-05-20 13:00:24,115] {logging_mixin.py:109} INFO - [2025-05-20 13:00:24,115] {dag.py:2937} INFO - Setting next_dagrun for ETLWeatherPostgres to None
[2025-05-20 13:00:24,132] {processor.py:171} INFO - Processing /opt/airflow/dags/02-ETLWeatherPostgres.py took 2.351 seconds
[2025-05-20 13:00:54,419] {processor.py:163} INFO - Started process (PID=229) to work on /opt/airflow/dags/02-ETLWeatherPostgres.py
[2025-05-20 13:00:54,420] {processor.py:642} INFO - Processing file /opt/airflow/dags/02-ETLWeatherPostgres.py for tasks to queue
[2025-05-20 13:00:54,421] {logging_mixin.py:109} INFO - [2025-05-20 13:00:54,421] {dagbag.py:500} INFO - Filling up the DagBag from /opt/airflow/dags/02-ETLWeatherPostgres.py
[2025-05-20 13:00:54,829] {processor.py:654} INFO - DAG(s) dict_keys(['ETLWeatherPostgres']) retrieved from /opt/airflow/dags/02-ETLWeatherPostgres.py
[2025-05-20 13:00:54,996] {logging_mixin.py:109} INFO - [2025-05-20 13:00:54,996] {dag.py:2398} INFO - Sync 1 DAGs
[2025-05-20 13:00:55,009] {logging_mixin.py:109} INFO - [2025-05-20 13:00:55,009] {dag.py:2937} INFO - Setting next_dagrun for ETLWeatherPostgres to None
[2025-05-20 13:00:55,018] {processor.py:171} INFO - Processing /opt/airflow/dags/02-ETLWeatherPostgres.py took 0.601 seconds
[2025-05-20 13:01:25,562] {processor.py:163} INFO - Started process (PID=371) to work on /opt/airflow/dags/02-ETLWeatherPostgres.py
[2025-05-20 13:01:25,563] {processor.py:642} INFO - Processing file /opt/airflow/dags/02-ETLWeatherPostgres.py for tasks to queue
[2025-05-20 13:01:25,563] {logging_mixin.py:109} INFO - [2025-05-20 13:01:25,563] {dagbag.py:500} INFO - Filling up the DagBag from /opt/airflow/dags/02-ETLWeatherPostgres.py
[2025-05-20 13:01:26,129] {processor.py:654} INFO - DAG(s) dict_keys(['ETLWeatherPostgres']) retrieved from /opt/airflow/dags/02-ETLWeatherPostgres.py
[2025-05-20 13:01:26,138] {logging_mixin.py:109} INFO - [2025-05-20 13:01:26,138] {dag.py:2398} INFO - Sync 1 DAGs
[2025-05-20 13:01:26,152] {logging_mixin.py:109} INFO - [2025-05-20 13:01:26,152] {dag.py:2937} INFO - Setting next_dagrun for ETLWeatherPostgres to None
[2025-05-20 13:01:26,161] {processor.py:171} INFO - Processing /opt/airflow/dags/02-ETLWeatherPostgres.py took 0.602 seconds
[2025-05-20 13:01:56,187] {processor.py:163} INFO - Started process (PID=503) to work on /opt/airflow/dags/02-ETLWeatherPostgres.py
[2025-05-20 13:01:56,188] {processor.py:642} INFO - Processing file /opt/airflow/dags/02-ETLWeatherPostgres.py for tasks to queue
[2025-05-20 13:01:56,188] {logging_mixin.py:109} INFO - [2025-05-20 13:01:56,188] {dagbag.py:500} INFO - Filling up the DagBag from /opt/airflow/dags/02-ETLWeatherPostgres.py
[2025-05-20 13:01:56,556] {processor.py:654} INFO - DAG(s) dict_keys(['ETLWeatherPostgres']) retrieved from /opt/airflow/dags/02-ETLWeatherPostgres.py
[2025-05-20 13:01:56,563] {logging_mixin.py:109} INFO - [2025-05-20 13:01:56,563] {dag.py:2398} INFO - Sync 1 DAGs
[2025-05-20 13:01:56,573] {logging_mixin.py:109} INFO - [2025-05-20 13:01:56,573] {dag.py:2937} INFO - Setting next_dagrun for ETLWeatherPostgres to None
[2025-05-20 13:01:56,579] {processor.py:171} INFO - Processing /opt/airflow/dags/02-ETLWeatherPostgres.py took 0.394 seconds
[2025-05-20 13:02:26,917] {processor.py:163} INFO - Started process (PID=629) to work on /opt/airflow/dags/02-ETLWeatherPostgres.py
[2025-05-20 13:02:26,918] {processor.py:642} INFO - Processing file /opt/airflow/dags/02-ETLWeatherPostgres.py for tasks to queue
[2025-05-20 13:02:26,919] {logging_mixin.py:109} INFO - [2025-05-20 13:02:26,919] {dagbag.py:500} INFO - Filling up the DagBag from /opt/airflow/dags/02-ETLWeatherPostgres.py
[2025-05-20 13:02:27,347] {processor.py:654} INFO - DAG(s) dict_keys(['ETLWeatherPostgres']) retrieved from /opt/airflow/dags/02-ETLWeatherPostgres.py
[2025-05-20 13:02:27,484] {logging_mixin.py:109} INFO - [2025-05-20 13:02:27,484] {dag.py:2398} INFO - Sync 1 DAGs
[2025-05-20 13:02:27,494] {logging_mixin.py:109} INFO - [2025-05-20 13:02:27,494] {dag.py:2937} INFO - Setting next_dagrun for ETLWeatherPostgres to None
[2025-05-20 13:02:27,501] {processor.py:171} INFO - Processing /opt/airflow/dags/02-ETLWeatherPostgres.py took 0.586 seconds
[2025-05-20 13:02:57,845] {processor.py:163} INFO - Started process (PID=762) to work on /opt/airflow/dags/02-ETLWeatherPostgres.py
[2025-05-20 13:02:57,846] {processor.py:642} INFO - Processing file /opt/airflow/dags/02-ETLWeatherPostgres.py for tasks to queue
[2025-05-20 13:02:57,846] {logging_mixin.py:109} INFO - [2025-05-20 13:02:57,846] {dagbag.py:500} INFO - Filling up the DagBag from /opt/airflow/dags/02-ETLWeatherPostgres.py
[2025-05-20 13:02:58,252] {processor.py:654} INFO - DAG(s) dict_keys(['ETLWeatherPostgres']) retrieved from /opt/airflow/dags/02-ETLWeatherPostgres.py
[2025-05-20 13:02:58,259] {logging_mixin.py:109} INFO - [2025-05-20 13:02:58,259] {dag.py:2398} INFO - Sync 1 DAGs
[2025-05-20 13:02:58,270] {logging_mixin.py:109} INFO - [2025-05-20 13:02:58,270] {dag.py:2937} INFO - Setting next_dagrun for ETLWeatherPostgres to None
[2025-05-20 13:02:58,277] {processor.py:171} INFO - Processing /opt/airflow/dags/02-ETLWeatherPostgres.py took 0.434 seconds
[2025-05-20 13:03:28,736] {processor.py:163} INFO - Started process (PID=894) to work on /opt/airflow/dags/02-ETLWeatherPostgres.py
[2025-05-20 13:03:28,737] {processor.py:642} INFO - Processing file /opt/airflow/dags/02-ETLWeatherPostgres.py for tasks to queue
[2025-05-20 13:03:28,737] {logging_mixin.py:109} INFO - [2025-05-20 13:03:28,737] {dagbag.py:500} INFO - Filling up the DagBag from /opt/airflow/dags/02-ETLWeatherPostgres.py
[2025-05-20 13:03:29,200] {processor.py:654} INFO - DAG(s) dict_keys(['ETLWeatherPostgres']) retrieved from /opt/airflow/dags/02-ETLWeatherPostgres.py
[2025-05-20 13:03:29,207] {logging_mixin.py:109} INFO - [2025-05-20 13:03:29,207] {dag.py:2398} INFO - Sync 1 DAGs
[2025-05-20 13:03:29,217] {logging_mixin.py:109} INFO - [2025-05-20 13:03:29,217] {dag.py:2937} INFO - Setting next_dagrun for ETLWeatherPostgres to None
[2025-05-20 13:03:29,223] {processor.py:171} INFO - Processing /opt/airflow/dags/02-ETLWeatherPostgres.py took 0.490 seconds
[2025-05-20 13:03:59,996] {processor.py:163} INFO - Started process (PID=1036) to work on /opt/airflow/dags/02-ETLWeatherPostgres.py
[2025-05-20 13:03:59,997] {processor.py:642} INFO - Processing file /opt/airflow/dags/02-ETLWeatherPostgres.py for tasks to queue
[2025-05-20 13:03:59,997] {logging_mixin.py:109} INFO - [2025-05-20 13:03:59,997] {dagbag.py:500} INFO - Filling up the DagBag from /opt/airflow/dags/02-ETLWeatherPostgres.py
[2025-05-20 13:04:00,413] {processor.py:654} INFO - DAG(s) dict_keys(['ETLWeatherPostgres']) retrieved from /opt/airflow/dags/02-ETLWeatherPostgres.py
[2025-05-20 13:04:00,421] {logging_mixin.py:109} INFO - [2025-05-20 13:04:00,420] {dag.py:2398} INFO - Sync 1 DAGs
[2025-05-20 13:04:00,431] {logging_mixin.py:109} INFO - [2025-05-20 13:04:00,431] {dag.py:2937} INFO - Setting next_dagrun for ETLWeatherPostgres to None
[2025-05-20 13:04:00,439] {processor.py:171} INFO - Processing /opt/airflow/dags/02-ETLWeatherPostgres.py took 0.445 seconds
[2025-05-20 13:04:30,982] {processor.py:163} INFO - Started process (PID=1168) to work on /opt/airflow/dags/02-ETLWeatherPostgres.py
[2025-05-20 13:04:30,983] {processor.py:642} INFO - Processing file /opt/airflow/dags/02-ETLWeatherPostgres.py for tasks to queue
[2025-05-20 13:04:30,984] {logging_mixin.py:109} INFO - [2025-05-20 13:04:30,984] {dagbag.py:500} INFO - Filling up the DagBag from /opt/airflow/dags/02-ETLWeatherPostgres.py
[2025-05-20 13:04:31,367] {processor.py:654} INFO - DAG(s) dict_keys(['ETLWeatherPostgres']) retrieved from /opt/airflow/dags/02-ETLWeatherPostgres.py
[2025-05-20 13:04:31,374] {logging_mixin.py:109} INFO - [2025-05-20 13:04:31,374] {dag.py:2398} INFO - Sync 1 DAGs
[2025-05-20 13:04:31,384] {logging_mixin.py:109} INFO - [2025-05-20 13:04:31,384] {dag.py:2937} INFO - Setting next_dagrun for ETLWeatherPostgres to None
[2025-05-20 13:04:31,389] {processor.py:171} INFO - Processing /opt/airflow/dags/02-ETLWeatherPostgres.py took 0.409 seconds
[2025-05-20 13:05:02,128] {processor.py:163} INFO - Started process (PID=1300) to work on /opt/airflow/dags/02-ETLWeatherPostgres.py
[2025-05-20 13:05:02,129] {processor.py:642} INFO - Processing file /opt/airflow/dags/02-ETLWeatherPostgres.py for tasks to queue
[2025-05-20 13:05:02,130] {logging_mixin.py:109} INFO - [2025-05-20 13:05:02,130] {dagbag.py:500} INFO - Filling up the DagBag from /opt/airflow/dags/02-ETLWeatherPostgres.py
[2025-05-20 13:05:02,550] {processor.py:654} INFO - DAG(s) dict_keys(['ETLWeatherPostgres']) retrieved from /opt/airflow/dags/02-ETLWeatherPostgres.py
[2025-05-20 13:05:02,556] {logging_mixin.py:109} INFO - [2025-05-20 13:05:02,556] {dag.py:2398} INFO - Sync 1 DAGs
[2025-05-20 13:05:02,567] {logging_mixin.py:109} INFO - [2025-05-20 13:05:02,567] {dag.py:2937} INFO - Setting next_dagrun for ETLWeatherPostgres to None
[2025-05-20 13:05:02,573] {processor.py:171} INFO - Processing /opt/airflow/dags/02-ETLWeatherPostgres.py took 0.446 seconds
[2025-05-20 13:05:32,597] {processor.py:163} INFO - Started process (PID=1442) to work on /opt/airflow/dags/02-ETLWeatherPostgres.py
[2025-05-20 13:05:32,598] {processor.py:642} INFO - Processing file /opt/airflow/dags/02-ETLWeatherPostgres.py for tasks to queue
[2025-05-20 13:05:32,599] {logging_mixin.py:109} INFO - [2025-05-20 13:05:32,598] {dagbag.py:500} INFO - Filling up the DagBag from /opt/airflow/dags/02-ETLWeatherPostgres.py
[2025-05-20 13:05:33,142] {processor.py:654} INFO - DAG(s) dict_keys(['ETLWeatherPostgres']) retrieved from /opt/airflow/dags/02-ETLWeatherPostgres.py
[2025-05-20 13:05:33,395] {logging_mixin.py:109} INFO - [2025-05-20 13:05:33,395] {dag.py:2398} INFO - Sync 1 DAGs
[2025-05-20 13:05:33,412] {logging_mixin.py:109} INFO - [2025-05-20 13:05:33,412] {dag.py:2937} INFO - Setting next_dagrun for ETLWeatherPostgres to None
[2025-05-20 13:05:33,422] {processor.py:171} INFO - Processing /opt/airflow/dags/02-ETLWeatherPostgres.py took 0.828 seconds
[2025-05-20 13:06:04,012] {processor.py:163} INFO - Started process (PID=1574) to work on /opt/airflow/dags/02-ETLWeatherPostgres.py
[2025-05-20 13:06:04,013] {processor.py:642} INFO - Processing file /opt/airflow/dags/02-ETLWeatherPostgres.py for tasks to queue
[2025-05-20 13:06:04,013] {logging_mixin.py:109} INFO - [2025-05-20 13:06:04,013] {dagbag.py:500} INFO - Filling up the DagBag from /opt/airflow/dags/02-ETLWeatherPostgres.py
[2025-05-20 13:06:04,406] {processor.py:654} INFO - DAG(s) dict_keys(['ETLWeatherPostgres']) retrieved from /opt/airflow/dags/02-ETLWeatherPostgres.py
[2025-05-20 13:06:04,412] {logging_mixin.py:109} INFO - [2025-05-20 13:06:04,412] {dag.py:2398} INFO - Sync 1 DAGs
[2025-05-20 13:06:04,422] {logging_mixin.py:109} INFO - [2025-05-20 13:06:04,421] {dag.py:2937} INFO - Setting next_dagrun for ETLWeatherPostgres to None
[2025-05-20 13:06:04,427] {processor.py:171} INFO - Processing /opt/airflow/dags/02-ETLWeatherPostgres.py took 0.417 seconds
[2025-05-20 13:06:34,987] {processor.py:163} INFO - Started process (PID=1706) to work on /opt/airflow/dags/02-ETLWeatherPostgres.py
[2025-05-20 13:06:34,988] {processor.py:642} INFO - Processing file /opt/airflow/dags/02-ETLWeatherPostgres.py for tasks to queue
[2025-05-20 13:06:34,988] {logging_mixin.py:109} INFO - [2025-05-20 13:06:34,988] {dagbag.py:500} INFO - Filling up the DagBag from /opt/airflow/dags/02-ETLWeatherPostgres.py
[2025-05-20 13:06:35,369] {processor.py:654} INFO - DAG(s) dict_keys(['ETLWeatherPostgres']) retrieved from /opt/airflow/dags/02-ETLWeatherPostgres.py
[2025-05-20 13:06:35,375] {logging_mixin.py:109} INFO - [2025-05-20 13:06:35,375] {dag.py:2398} INFO - Sync 1 DAGs
[2025-05-20 13:06:35,386] {logging_mixin.py:109} INFO - [2025-05-20 13:06:35,385] {dag.py:2937} INFO - Setting next_dagrun for ETLWeatherPostgres to None
[2025-05-20 13:06:35,391] {processor.py:171} INFO - Processing /opt/airflow/dags/02-ETLWeatherPostgres.py took 0.405 seconds
[2025-05-20 13:07:05,551] {processor.py:163} INFO - Started process (PID=1848) to work on /opt/airflow/dags/02-ETLWeatherPostgres.py
[2025-05-20 13:07:05,552] {processor.py:642} INFO - Processing file /opt/airflow/dags/02-ETLWeatherPostgres.py for tasks to queue
[2025-05-20 13:07:05,553] {logging_mixin.py:109} INFO - [2025-05-20 13:07:05,553] {dagbag.py:500} INFO - Filling up the DagBag from /opt/airflow/dags/02-ETLWeatherPostgres.py
[2025-05-20 13:07:05,942] {processor.py:654} INFO - DAG(s) dict_keys(['ETLWeatherPostgres']) retrieved from /opt/airflow/dags/02-ETLWeatherPostgres.py
[2025-05-20 13:07:05,948] {logging_mixin.py:109} INFO - [2025-05-20 13:07:05,948] {dag.py:2398} INFO - Sync 1 DAGs
[2025-05-20 13:07:05,958] {logging_mixin.py:109} INFO - [2025-05-20 13:07:05,958] {dag.py:2937} INFO - Setting next_dagrun for ETLWeatherPostgres to None
[2025-05-20 13:07:05,963] {processor.py:171} INFO - Processing /opt/airflow/dags/02-ETLWeatherPostgres.py took 0.414 seconds
[2025-05-20 13:07:37,126] {processor.py:163} INFO - Started process (PID=1995) to work on /opt/airflow/dags/02-ETLWeatherPostgres.py
[2025-05-20 13:07:37,128] {processor.py:642} INFO - Processing file /opt/airflow/dags/02-ETLWeatherPostgres.py for tasks to queue
[2025-05-20 13:07:37,128] {logging_mixin.py:109} INFO - [2025-05-20 13:07:37,128] {dagbag.py:500} INFO - Filling up the DagBag from /opt/airflow/dags/02-ETLWeatherPostgres.py
[2025-05-20 13:07:37,481] {processor.py:654} INFO - DAG(s) dict_keys(['ETLWeatherPostgres']) retrieved from /opt/airflow/dags/02-ETLWeatherPostgres.py
[2025-05-20 13:07:37,622] {logging_mixin.py:109} INFO - [2025-05-20 13:07:37,621] {dag.py:2398} INFO - Sync 1 DAGs
[2025-05-20 13:07:37,632] {logging_mixin.py:109} INFO - [2025-05-20 13:07:37,631] {dag.py:2937} INFO - Setting next_dagrun for ETLWeatherPostgres to None
[2025-05-20 13:07:37,638] {processor.py:171} INFO - Processing /opt/airflow/dags/02-ETLWeatherPostgres.py took 0.514 seconds
[2025-05-20 13:08:09,870] {processor.py:163} INFO - Started process (PID=2137) to work on /opt/airflow/dags/02-ETLWeatherPostgres.py
[2025-05-20 13:08:09,871] {processor.py:642} INFO - Processing file /opt/airflow/dags/02-ETLWeatherPostgres.py for tasks to queue
[2025-05-20 13:08:09,871] {logging_mixin.py:109} INFO - [2025-05-20 13:08:09,871] {dagbag.py:500} INFO - Filling up the DagBag from /opt/airflow/dags/02-ETLWeatherPostgres.py
[2025-05-20 13:08:10,251] {processor.py:654} INFO - DAG(s) dict_keys(['ETLWeatherPostgres']) retrieved from /opt/airflow/dags/02-ETLWeatherPostgres.py
[2025-05-20 13:08:10,260] {logging_mixin.py:109} INFO - [2025-05-20 13:08:10,260] {dag.py:2398} INFO - Sync 1 DAGs
[2025-05-20 13:08:10,274] {logging_mixin.py:109} INFO - [2025-05-20 13:08:10,274] {dag.py:2937} INFO - Setting next_dagrun for ETLWeatherPostgres to None
[2025-05-20 13:08:10,283] {processor.py:171} INFO - Processing /opt/airflow/dags/02-ETLWeatherPostgres.py took 0.416 seconds
[2025-05-20 13:08:41,613] {processor.py:163} INFO - Started process (PID=2254) to work on /opt/airflow/dags/02-ETLWeatherPostgres.py
[2025-05-20 13:08:41,613] {processor.py:642} INFO - Processing file /opt/airflow/dags/02-ETLWeatherPostgres.py for tasks to queue
[2025-05-20 13:08:41,614] {logging_mixin.py:109} INFO - [2025-05-20 13:08:41,614] {dagbag.py:500} INFO - Filling up the DagBag from /opt/airflow/dags/02-ETLWeatherPostgres.py
[2025-05-20 13:08:41,999] {processor.py:654} INFO - DAG(s) dict_keys(['ETLWeatherPostgres']) retrieved from /opt/airflow/dags/02-ETLWeatherPostgres.py
[2025-05-20 13:08:42,136] {logging_mixin.py:109} INFO - [2025-05-20 13:08:42,136] {dag.py:2398} INFO - Sync 1 DAGs
[2025-05-20 13:08:42,147] {logging_mixin.py:109} INFO - [2025-05-20 13:08:42,147] {dag.py:2937} INFO - Setting next_dagrun for ETLWeatherPostgres to None
[2025-05-20 13:08:42,156] {processor.py:171} INFO - Processing /opt/airflow/dags/02-ETLWeatherPostgres.py took 0.546 seconds
[2025-05-20 13:09:14,356] {processor.py:163} INFO - Started process (PID=2411) to work on /opt/airflow/dags/02-ETLWeatherPostgres.py
[2025-05-20 13:09:14,357] {processor.py:642} INFO - Processing file /opt/airflow/dags/02-ETLWeatherPostgres.py for tasks to queue
[2025-05-20 13:09:14,357] {logging_mixin.py:109} INFO - [2025-05-20 13:09:14,357] {dagbag.py:500} INFO - Filling up the DagBag from /opt/airflow/dags/02-ETLWeatherPostgres.py
[2025-05-20 13:09:14,715] {processor.py:654} INFO - DAG(s) dict_keys(['ETLWeatherPostgres']) retrieved from /opt/airflow/dags/02-ETLWeatherPostgres.py
[2025-05-20 13:09:14,852] {logging_mixin.py:109} INFO - [2025-05-20 13:09:14,852] {dag.py:2398} INFO - Sync 1 DAGs
[2025-05-20 13:09:14,863] {logging_mixin.py:109} INFO - [2025-05-20 13:09:14,863] {dag.py:2937} INFO - Setting next_dagrun for ETLWeatherPostgres to None
[2025-05-20 13:09:14,870] {processor.py:171} INFO - Processing /opt/airflow/dags/02-ETLWeatherPostgres.py took 0.516 seconds
[2025-05-20 13:09:46,106] {processor.py:163} INFO - Started process (PID=2528) to work on /opt/airflow/dags/02-ETLWeatherPostgres.py
[2025-05-20 13:09:46,107] {processor.py:642} INFO - Processing file /opt/airflow/dags/02-ETLWeatherPostgres.py for tasks to queue
[2025-05-20 13:09:46,108] {logging_mixin.py:109} INFO - [2025-05-20 13:09:46,107] {dagbag.py:500} INFO - Filling up the DagBag from /opt/airflow/dags/02-ETLWeatherPostgres.py
[2025-05-20 13:09:46,485] {processor.py:654} INFO - DAG(s) dict_keys(['ETLWeatherPostgres']) retrieved from /opt/airflow/dags/02-ETLWeatherPostgres.py
[2025-05-20 13:09:46,618] {logging_mixin.py:109} INFO - [2025-05-20 13:09:46,618] {dag.py:2398} INFO - Sync 1 DAGs
[2025-05-20 13:09:46,629] {logging_mixin.py:109} INFO - [2025-05-20 13:09:46,629] {dag.py:2937} INFO - Setting next_dagrun for ETLWeatherPostgres to None
[2025-05-20 13:09:46,635] {processor.py:171} INFO - Processing /opt/airflow/dags/02-ETLWeatherPostgres.py took 0.533 seconds
[2025-05-20 13:10:18,991] {processor.py:163} INFO - Started process (PID=2670) to work on /opt/airflow/dags/02-ETLWeatherPostgres.py
[2025-05-20 13:10:18,992] {processor.py:642} INFO - Processing file /opt/airflow/dags/02-ETLWeatherPostgres.py for tasks to queue
[2025-05-20 13:10:18,992] {logging_mixin.py:109} INFO - [2025-05-20 13:10:18,992] {dagbag.py:500} INFO - Filling up the DagBag from /opt/airflow/dags/02-ETLWeatherPostgres.py
[2025-05-20 13:10:19,433] {processor.py:654} INFO - DAG(s) dict_keys(['ETLWeatherPostgres']) retrieved from /opt/airflow/dags/02-ETLWeatherPostgres.py
[2025-05-20 13:10:19,445] {logging_mixin.py:109} INFO - [2025-05-20 13:10:19,445] {dag.py:2398} INFO - Sync 1 DAGs
[2025-05-20 13:10:19,471] {logging_mixin.py:109} INFO - [2025-05-20 13:10:19,471] {dag.py:2937} INFO - Setting next_dagrun for ETLWeatherPostgres to None
[2025-05-20 13:10:19,487] {processor.py:171} INFO - Processing /opt/airflow/dags/02-ETLWeatherPostgres.py took 0.499 seconds
[2025-05-20 13:10:50,652] {processor.py:163} INFO - Started process (PID=2802) to work on /opt/airflow/dags/02-ETLWeatherPostgres.py
[2025-05-20 13:10:50,653] {processor.py:642} INFO - Processing file /opt/airflow/dags/02-ETLWeatherPostgres.py for tasks to queue
[2025-05-20 13:10:50,653] {logging_mixin.py:109} INFO - [2025-05-20 13:10:50,653] {dagbag.py:500} INFO - Filling up the DagBag from /opt/airflow/dags/02-ETLWeatherPostgres.py
[2025-05-20 13:10:51,069] {processor.py:654} INFO - DAG(s) dict_keys(['ETLWeatherPostgres']) retrieved from /opt/airflow/dags/02-ETLWeatherPostgres.py
[2025-05-20 13:10:51,228] {logging_mixin.py:109} INFO - [2025-05-20 13:10:51,227] {dag.py:2398} INFO - Sync 1 DAGs
[2025-05-20 13:10:51,241] {logging_mixin.py:109} INFO - [2025-05-20 13:10:51,241] {dag.py:2937} INFO - Setting next_dagrun for ETLWeatherPostgres to None
[2025-05-20 13:10:51,249] {processor.py:171} INFO - Processing /opt/airflow/dags/02-ETLWeatherPostgres.py took 0.599 seconds
[2025-05-20 13:11:23,352] {processor.py:163} INFO - Started process (PID=2949) to work on /opt/airflow/dags/02-ETLWeatherPostgres.py
[2025-05-20 13:11:23,353] {processor.py:642} INFO - Processing file /opt/airflow/dags/02-ETLWeatherPostgres.py for tasks to queue
[2025-05-20 13:11:23,354] {logging_mixin.py:109} INFO - [2025-05-20 13:11:23,354] {dagbag.py:500} INFO - Filling up the DagBag from /opt/airflow/dags/02-ETLWeatherPostgres.py
[2025-05-20 13:11:23,770] {processor.py:654} INFO - DAG(s) dict_keys(['ETLWeatherPostgres']) retrieved from /opt/airflow/dags/02-ETLWeatherPostgres.py
[2025-05-20 13:11:23,914] {logging_mixin.py:109} INFO - [2025-05-20 13:11:23,913] {dag.py:2398} INFO - Sync 1 DAGs
[2025-05-20 13:11:23,925] {logging_mixin.py:109} INFO - [2025-05-20 13:11:23,925] {dag.py:2937} INFO - Setting next_dagrun for ETLWeatherPostgres to None
[2025-05-20 13:11:23,932] {processor.py:171} INFO - Processing /opt/airflow/dags/02-ETLWeatherPostgres.py took 0.582 seconds
[2025-05-20 13:11:55,324] {processor.py:163} INFO - Started process (PID=3076) to work on /opt/airflow/dags/02-ETLWeatherPostgres.py
[2025-05-20 13:11:55,325] {processor.py:642} INFO - Processing file /opt/airflow/dags/02-ETLWeatherPostgres.py for tasks to queue
[2025-05-20 13:11:55,325] {logging_mixin.py:109} INFO - [2025-05-20 13:11:55,325] {dagbag.py:500} INFO - Filling up the DagBag from /opt/airflow/dags/02-ETLWeatherPostgres.py
[2025-05-20 13:11:55,721] {processor.py:654} INFO - DAG(s) dict_keys(['ETLWeatherPostgres']) retrieved from /opt/airflow/dags/02-ETLWeatherPostgres.py
[2025-05-20 13:11:55,870] {logging_mixin.py:109} INFO - [2025-05-20 13:11:55,870] {dag.py:2398} INFO - Sync 1 DAGs
[2025-05-20 13:11:55,882] {logging_mixin.py:109} INFO - [2025-05-20 13:11:55,882] {dag.py:2937} INFO - Setting next_dagrun for ETLWeatherPostgres to None
[2025-05-20 13:11:55,890] {processor.py:171} INFO - Processing /opt/airflow/dags/02-ETLWeatherPostgres.py took 0.568 seconds
[2025-05-20 13:12:27,688] {processor.py:163} INFO - Started process (PID=3208) to work on /opt/airflow/dags/02-ETLWeatherPostgres.py
[2025-05-20 13:12:27,689] {processor.py:642} INFO - Processing file /opt/airflow/dags/02-ETLWeatherPostgres.py for tasks to queue
[2025-05-20 13:12:27,690] {logging_mixin.py:109} INFO - [2025-05-20 13:12:27,690] {dagbag.py:500} INFO - Filling up the DagBag from /opt/airflow/dags/02-ETLWeatherPostgres.py
[2025-05-20 13:12:28,086] {processor.py:654} INFO - DAG(s) dict_keys(['ETLWeatherPostgres']) retrieved from /opt/airflow/dags/02-ETLWeatherPostgres.py
[2025-05-20 13:12:28,094] {logging_mixin.py:109} INFO - [2025-05-20 13:12:28,094] {dag.py:2398} INFO - Sync 1 DAGs
[2025-05-20 13:12:28,107] {logging_mixin.py:109} INFO - [2025-05-20 13:12:28,107] {dag.py:2937} INFO - Setting next_dagrun for ETLWeatherPostgres to None
[2025-05-20 13:12:28,114] {processor.py:171} INFO - Processing /opt/airflow/dags/02-ETLWeatherPostgres.py took 0.428 seconds
[2025-05-20 13:13:00,671] {processor.py:163} INFO - Started process (PID=3350) to work on /opt/airflow/dags/02-ETLWeatherPostgres.py
[2025-05-20 13:13:00,671] {processor.py:642} INFO - Processing file /opt/airflow/dags/02-ETLWeatherPostgres.py for tasks to queue
[2025-05-20 13:13:00,672] {logging_mixin.py:109} INFO - [2025-05-20 13:13:00,672] {dagbag.py:500} INFO - Filling up the DagBag from /opt/airflow/dags/02-ETLWeatherPostgres.py
[2025-05-20 13:13:01,067] {processor.py:654} INFO - DAG(s) dict_keys(['ETLWeatherPostgres']) retrieved from /opt/airflow/dags/02-ETLWeatherPostgres.py
[2025-05-20 13:13:01,074] {logging_mixin.py:109} INFO - [2025-05-20 13:13:01,074] {dag.py:2398} INFO - Sync 1 DAGs
[2025-05-20 13:13:01,086] {logging_mixin.py:109} INFO - [2025-05-20 13:13:01,085] {dag.py:2937} INFO - Setting next_dagrun for ETLWeatherPostgres to None
[2025-05-20 13:13:01,092] {processor.py:171} INFO - Processing /opt/airflow/dags/02-ETLWeatherPostgres.py took 0.423 seconds
[2025-05-20 13:13:32,963] {processor.py:163} INFO - Started process (PID=3497) to work on /opt/airflow/dags/02-ETLWeatherPostgres.py
[2025-05-20 13:13:32,964] {processor.py:642} INFO - Processing file /opt/airflow/dags/02-ETLWeatherPostgres.py for tasks to queue
[2025-05-20 13:13:32,964] {logging_mixin.py:109} INFO - [2025-05-20 13:13:32,964] {dagbag.py:500} INFO - Filling up the DagBag from /opt/airflow/dags/02-ETLWeatherPostgres.py
[2025-05-20 13:13:33,352] {processor.py:654} INFO - DAG(s) dict_keys(['ETLWeatherPostgres']) retrieved from /opt/airflow/dags/02-ETLWeatherPostgres.py
[2025-05-20 13:13:33,484] {logging_mixin.py:109} INFO - [2025-05-20 13:13:33,484] {dag.py:2398} INFO - Sync 1 DAGs
[2025-05-20 13:13:33,494] {logging_mixin.py:109} INFO - [2025-05-20 13:13:33,494] {dag.py:2937} INFO - Setting next_dagrun for ETLWeatherPostgres to None
[2025-05-20 13:13:33,501] {processor.py:171} INFO - Processing /opt/airflow/dags/02-ETLWeatherPostgres.py took 0.540 seconds
[2025-05-20 13:14:04,921] {processor.py:163} INFO - Started process (PID=3624) to work on /opt/airflow/dags/02-ETLWeatherPostgres.py
[2025-05-20 13:14:04,922] {processor.py:642} INFO - Processing file /opt/airflow/dags/02-ETLWeatherPostgres.py for tasks to queue
[2025-05-20 13:14:04,923] {logging_mixin.py:109} INFO - [2025-05-20 13:14:04,923] {dagbag.py:500} INFO - Filling up the DagBag from /opt/airflow/dags/02-ETLWeatherPostgres.py
[2025-05-20 13:14:05,315] {processor.py:654} INFO - DAG(s) dict_keys(['ETLWeatherPostgres']) retrieved from /opt/airflow/dags/02-ETLWeatherPostgres.py
[2025-05-20 13:14:05,486] {logging_mixin.py:109} INFO - [2025-05-20 13:14:05,486] {dag.py:2398} INFO - Sync 1 DAGs
[2025-05-20 13:14:05,496] {logging_mixin.py:109} INFO - [2025-05-20 13:14:05,496] {dag.py:2937} INFO - Setting next_dagrun for ETLWeatherPostgres to None
[2025-05-20 13:14:05,503] {processor.py:171} INFO - Processing /opt/airflow/dags/02-ETLWeatherPostgres.py took 0.584 seconds
[2025-05-20 13:14:37,986] {processor.py:163} INFO - Started process (PID=3756) to work on /opt/airflow/dags/02-ETLWeatherPostgres.py
[2025-05-20 13:14:37,987] {processor.py:642} INFO - Processing file /opt/airflow/dags/02-ETLWeatherPostgres.py for tasks to queue
[2025-05-20 13:14:37,987] {logging_mixin.py:109} INFO - [2025-05-20 13:14:37,987] {dagbag.py:500} INFO - Filling up the DagBag from /opt/airflow/dags/02-ETLWeatherPostgres.py
[2025-05-20 13:14:38,395] {processor.py:654} INFO - DAG(s) dict_keys(['ETLWeatherPostgres']) retrieved from /opt/airflow/dags/02-ETLWeatherPostgres.py
[2025-05-20 13:14:38,401] {logging_mixin.py:109} INFO - [2025-05-20 13:14:38,401] {dag.py:2398} INFO - Sync 1 DAGs
[2025-05-20 13:14:38,412] {logging_mixin.py:109} INFO - [2025-05-20 13:14:38,412] {dag.py:2937} INFO - Setting next_dagrun for ETLWeatherPostgres to None
[2025-05-20 13:14:38,417] {processor.py:171} INFO - Processing /opt/airflow/dags/02-ETLWeatherPostgres.py took 0.433 seconds
[2025-05-20 13:15:09,849] {processor.py:163} INFO - Started process (PID=3898) to work on /opt/airflow/dags/02-ETLWeatherPostgres.py
[2025-05-20 13:15:09,850] {processor.py:642} INFO - Processing file /opt/airflow/dags/02-ETLWeatherPostgres.py for tasks to queue
[2025-05-20 13:15:09,850] {logging_mixin.py:109} INFO - [2025-05-20 13:15:09,850] {dagbag.py:500} INFO - Filling up the DagBag from /opt/airflow/dags/02-ETLWeatherPostgres.py
[2025-05-20 13:15:10,233] {processor.py:654} INFO - DAG(s) dict_keys(['ETLWeatherPostgres']) retrieved from /opt/airflow/dags/02-ETLWeatherPostgres.py
[2025-05-20 13:15:10,238] {logging_mixin.py:109} INFO - [2025-05-20 13:15:10,238] {dag.py:2398} INFO - Sync 1 DAGs
[2025-05-20 13:15:10,248] {logging_mixin.py:109} INFO - [2025-05-20 13:15:10,248] {dag.py:2937} INFO - Setting next_dagrun for ETLWeatherPostgres to None
[2025-05-20 13:15:10,253] {processor.py:171} INFO - Processing /opt/airflow/dags/02-ETLWeatherPostgres.py took 0.407 seconds
[2025-05-20 13:15:42,729] {processor.py:163} INFO - Started process (PID=4030) to work on /opt/airflow/dags/02-ETLWeatherPostgres.py
[2025-05-20 13:15:42,730] {processor.py:642} INFO - Processing file /opt/airflow/dags/02-ETLWeatherPostgres.py for tasks to queue
[2025-05-20 13:15:42,731] {logging_mixin.py:109} INFO - [2025-05-20 13:15:42,731] {dagbag.py:500} INFO - Filling up the DagBag from /opt/airflow/dags/02-ETLWeatherPostgres.py
[2025-05-20 13:15:43,108] {processor.py:654} INFO - DAG(s) dict_keys(['ETLWeatherPostgres']) retrieved from /opt/airflow/dags/02-ETLWeatherPostgres.py
[2025-05-20 13:15:43,242] {logging_mixin.py:109} INFO - [2025-05-20 13:15:43,242] {dag.py:2398} INFO - Sync 1 DAGs
[2025-05-20 13:15:43,252] {logging_mixin.py:109} INFO - [2025-05-20 13:15:43,252] {dag.py:2937} INFO - Setting next_dagrun for ETLWeatherPostgres to None
[2025-05-20 13:15:43,259] {processor.py:171} INFO - Processing /opt/airflow/dags/02-ETLWeatherPostgres.py took 0.532 seconds
[2025-05-20 13:44:21,821] {processor.py:163} INFO - Started process (PID=4177) to work on /opt/airflow/dags/02-ETLWeatherPostgres.py
[2025-05-20 13:44:21,824] {processor.py:642} INFO - Processing file /opt/airflow/dags/02-ETLWeatherPostgres.py for tasks to queue
[2025-05-20 13:44:21,825] {logging_mixin.py:109} INFO - [2025-05-20 13:44:21,825] {dagbag.py:500} INFO - Filling up the DagBag from /opt/airflow/dags/02-ETLWeatherPostgres.py
[2025-05-20 13:44:23,029] {processor.py:654} INFO - DAG(s) dict_keys(['ETLWeatherPostgres']) retrieved from /opt/airflow/dags/02-ETLWeatherPostgres.py
[2025-05-20 13:44:23,045] {logging_mixin.py:109} INFO - [2025-05-20 13:44:23,044] {dag.py:2398} INFO - Sync 1 DAGs
[2025-05-20 13:44:23,066] {logging_mixin.py:109} INFO - [2025-05-20 13:44:23,066] {dag.py:2937} INFO - Setting next_dagrun for ETLWeatherPostgres to None
[2025-05-20 13:44:23,082] {processor.py:171} INFO - Processing /opt/airflow/dags/02-ETLWeatherPostgres.py took 1.283 seconds
[2025-05-20 14:21:18,992] {processor.py:163} INFO - Started process (PID=4269) to work on /opt/airflow/dags/02-ETLWeatherPostgres.py
[2025-05-20 14:21:18,995] {processor.py:642} INFO - Processing file /opt/airflow/dags/02-ETLWeatherPostgres.py for tasks to queue
[2025-05-20 14:21:18,996] {logging_mixin.py:109} INFO - [2025-05-20 14:21:18,996] {dagbag.py:500} INFO - Filling up the DagBag from /opt/airflow/dags/02-ETLWeatherPostgres.py
[2025-05-20 14:21:20,576] {processor.py:654} INFO - DAG(s) dict_keys(['ETLWeatherPostgres']) retrieved from /opt/airflow/dags/02-ETLWeatherPostgres.py
[2025-05-20 14:21:20,875] {logging_mixin.py:109} INFO - [2025-05-20 14:21:20,875] {dag.py:2398} INFO - Sync 1 DAGs
[2025-05-20 14:21:20,902] {logging_mixin.py:109} INFO - [2025-05-20 14:21:20,902] {dag.py:2937} INFO - Setting next_dagrun for ETLWeatherPostgres to None
[2025-05-20 14:21:20,918] {processor.py:171} INFO - Processing /opt/airflow/dags/02-ETLWeatherPostgres.py took 1.931 seconds
[2025-05-20 14:21:51,206] {processor.py:163} INFO - Started process (PID=4391) to work on /opt/airflow/dags/02-ETLWeatherPostgres.py
[2025-05-20 14:21:51,207] {processor.py:642} INFO - Processing file /opt/airflow/dags/02-ETLWeatherPostgres.py for tasks to queue
[2025-05-20 14:21:51,207] {logging_mixin.py:109} INFO - [2025-05-20 14:21:51,207] {dagbag.py:500} INFO - Filling up the DagBag from /opt/airflow/dags/02-ETLWeatherPostgres.py
[2025-05-20 14:21:51,627] {processor.py:654} INFO - DAG(s) dict_keys(['ETLWeatherPostgres']) retrieved from /opt/airflow/dags/02-ETLWeatherPostgres.py
[2025-05-20 14:21:51,800] {logging_mixin.py:109} INFO - [2025-05-20 14:21:51,800] {dag.py:2398} INFO - Sync 1 DAGs
[2025-05-20 14:21:51,818] {logging_mixin.py:109} INFO - [2025-05-20 14:21:51,818] {dag.py:2937} INFO - Setting next_dagrun for ETLWeatherPostgres to None
[2025-05-20 14:21:51,828] {processor.py:171} INFO - Processing /opt/airflow/dags/02-ETLWeatherPostgres.py took 0.624 seconds
[2025-05-20 14:22:21,905] {processor.py:163} INFO - Started process (PID=4523) to work on /opt/airflow/dags/02-ETLWeatherPostgres.py
[2025-05-20 14:22:21,906] {processor.py:642} INFO - Processing file /opt/airflow/dags/02-ETLWeatherPostgres.py for tasks to queue
[2025-05-20 14:22:21,907] {logging_mixin.py:109} INFO - [2025-05-20 14:22:21,907] {dagbag.py:500} INFO - Filling up the DagBag from /opt/airflow/dags/02-ETLWeatherPostgres.py
[2025-05-20 14:22:22,531] {processor.py:654} INFO - DAG(s) dict_keys(['ETLWeatherPostgres']) retrieved from /opt/airflow/dags/02-ETLWeatherPostgres.py
[2025-05-20 14:22:22,694] {logging_mixin.py:109} INFO - [2025-05-20 14:22:22,694] {dag.py:2398} INFO - Sync 1 DAGs
[2025-05-20 14:22:22,706] {logging_mixin.py:109} INFO - [2025-05-20 14:22:22,706] {dag.py:2937} INFO - Setting next_dagrun for ETLWeatherPostgres to None
[2025-05-20 14:22:22,714] {processor.py:171} INFO - Processing /opt/airflow/dags/02-ETLWeatherPostgres.py took 0.812 seconds
[2025-05-20 14:22:52,908] {processor.py:163} INFO - Started process (PID=4665) to work on /opt/airflow/dags/02-ETLWeatherPostgres.py
[2025-05-20 14:22:52,909] {processor.py:642} INFO - Processing file /opt/airflow/dags/02-ETLWeatherPostgres.py for tasks to queue
[2025-05-20 14:22:52,910] {logging_mixin.py:109} INFO - [2025-05-20 14:22:52,910] {dagbag.py:500} INFO - Filling up the DagBag from /opt/airflow/dags/02-ETLWeatherPostgres.py
[2025-05-20 14:22:53,353] {processor.py:654} INFO - DAG(s) dict_keys(['ETLWeatherPostgres']) retrieved from /opt/airflow/dags/02-ETLWeatherPostgres.py
[2025-05-20 14:22:53,504] {logging_mixin.py:109} INFO - [2025-05-20 14:22:53,504] {dag.py:2398} INFO - Sync 1 DAGs
[2025-05-20 14:22:53,517] {logging_mixin.py:109} INFO - [2025-05-20 14:22:53,517] {dag.py:2937} INFO - Setting next_dagrun for ETLWeatherPostgres to None
[2025-05-20 14:22:53,525] {processor.py:171} INFO - Processing /opt/airflow/dags/02-ETLWeatherPostgres.py took 0.620 seconds
[2025-05-20 14:23:23,844] {processor.py:163} INFO - Started process (PID=4797) to work on /opt/airflow/dags/02-ETLWeatherPostgres.py
[2025-05-20 14:23:23,845] {processor.py:642} INFO - Processing file /opt/airflow/dags/02-ETLWeatherPostgres.py for tasks to queue
[2025-05-20 14:23:23,846] {logging_mixin.py:109} INFO - [2025-05-20 14:23:23,846] {dagbag.py:500} INFO - Filling up the DagBag from /opt/airflow/dags/02-ETLWeatherPostgres.py
[2025-05-20 14:23:24,234] {processor.py:654} INFO - DAG(s) dict_keys(['ETLWeatherPostgres']) retrieved from /opt/airflow/dags/02-ETLWeatherPostgres.py
[2025-05-20 14:23:24,386] {logging_mixin.py:109} INFO - [2025-05-20 14:23:24,386] {dag.py:2398} INFO - Sync 1 DAGs
[2025-05-20 14:23:24,400] {logging_mixin.py:109} INFO - [2025-05-20 14:23:24,400] {dag.py:2937} INFO - Setting next_dagrun for ETLWeatherPostgres to None
[2025-05-20 14:23:24,410] {processor.py:171} INFO - Processing /opt/airflow/dags/02-ETLWeatherPostgres.py took 0.568 seconds
[2025-05-20 14:23:54,575] {processor.py:163} INFO - Started process (PID=4914) to work on /opt/airflow/dags/02-ETLWeatherPostgres.py
[2025-05-20 14:23:54,577] {processor.py:642} INFO - Processing file /opt/airflow/dags/02-ETLWeatherPostgres.py for tasks to queue
[2025-05-20 14:23:54,577] {logging_mixin.py:109} INFO - [2025-05-20 14:23:54,577] {dagbag.py:500} INFO - Filling up the DagBag from /opt/airflow/dags/02-ETLWeatherPostgres.py
[2025-05-20 14:23:55,152] {processor.py:654} INFO - DAG(s) dict_keys(['ETLWeatherPostgres']) retrieved from /opt/airflow/dags/02-ETLWeatherPostgres.py
[2025-05-20 14:23:55,314] {logging_mixin.py:109} INFO - [2025-05-20 14:23:55,314] {dag.py:2398} INFO - Sync 1 DAGs
[2025-05-20 14:23:55,326] {logging_mixin.py:109} INFO - [2025-05-20 14:23:55,326] {dag.py:2937} INFO - Setting next_dagrun for ETLWeatherPostgres to None
[2025-05-20 14:23:55,334] {processor.py:171} INFO - Processing /opt/airflow/dags/02-ETLWeatherPostgres.py took 0.762 seconds
[2025-05-20 14:24:25,359] {processor.py:163} INFO - Started process (PID=5059) to work on /opt/airflow/dags/02-ETLWeatherPostgres.py
[2025-05-20 14:24:25,360] {processor.py:642} INFO - Processing file /opt/airflow/dags/02-ETLWeatherPostgres.py for tasks to queue
[2025-05-20 14:24:25,361] {logging_mixin.py:109} INFO - [2025-05-20 14:24:25,360] {dagbag.py:500} INFO - Filling up the DagBag from /opt/airflow/dags/02-ETLWeatherPostgres.py
[2025-05-20 14:24:25,786] {processor.py:654} INFO - DAG(s) dict_keys(['ETLWeatherPostgres']) retrieved from /opt/airflow/dags/02-ETLWeatherPostgres.py
[2025-05-20 14:24:25,794] {logging_mixin.py:109} INFO - [2025-05-20 14:24:25,794] {dag.py:2398} INFO - Sync 1 DAGs
[2025-05-20 14:24:25,804] {logging_mixin.py:109} INFO - [2025-05-20 14:24:25,804] {dag.py:2937} INFO - Setting next_dagrun for ETLWeatherPostgres to None
[2025-05-20 14:24:25,811] {processor.py:171} INFO - Processing /opt/airflow/dags/02-ETLWeatherPostgres.py took 0.454 seconds
[2025-05-20 14:24:56,022] {processor.py:163} INFO - Started process (PID=5200) to work on /opt/airflow/dags/02-ETLWeatherPostgres.py
[2025-05-20 14:24:56,023] {processor.py:642} INFO - Processing file /opt/airflow/dags/02-ETLWeatherPostgres.py for tasks to queue
[2025-05-20 14:24:56,023] {logging_mixin.py:109} INFO - [2025-05-20 14:24:56,023] {dagbag.py:500} INFO - Filling up the DagBag from /opt/airflow/dags/02-ETLWeatherPostgres.py
[2025-05-20 14:24:56,607] {processor.py:654} INFO - DAG(s) dict_keys(['ETLWeatherPostgres']) retrieved from /opt/airflow/dags/02-ETLWeatherPostgres.py
[2025-05-20 14:24:56,614] {logging_mixin.py:109} INFO - [2025-05-20 14:24:56,614] {dag.py:2398} INFO - Sync 1 DAGs
[2025-05-20 14:24:56,624] {logging_mixin.py:109} INFO - [2025-05-20 14:24:56,624] {dag.py:2937} INFO - Setting next_dagrun for ETLWeatherPostgres to None
[2025-05-20 14:24:56,632] {processor.py:171} INFO - Processing /opt/airflow/dags/02-ETLWeatherPostgres.py took 0.614 seconds
[2025-05-20 14:25:27,006] {processor.py:163} INFO - Started process (PID=5332) to work on /opt/airflow/dags/02-ETLWeatherPostgres.py
[2025-05-20 14:25:27,007] {processor.py:642} INFO - Processing file /opt/airflow/dags/02-ETLWeatherPostgres.py for tasks to queue
[2025-05-20 14:25:27,008] {logging_mixin.py:109} INFO - [2025-05-20 14:25:27,008] {dagbag.py:500} INFO - Filling up the DagBag from /opt/airflow/dags/02-ETLWeatherPostgres.py
[2025-05-20 14:25:27,445] {processor.py:654} INFO - DAG(s) dict_keys(['ETLWeatherPostgres']) retrieved from /opt/airflow/dags/02-ETLWeatherPostgres.py
[2025-05-20 14:25:27,454] {logging_mixin.py:109} INFO - [2025-05-20 14:25:27,454] {dag.py:2398} INFO - Sync 1 DAGs
[2025-05-20 14:25:27,465] {logging_mixin.py:109} INFO - [2025-05-20 14:25:27,465] {dag.py:2937} INFO - Setting next_dagrun for ETLWeatherPostgres to None
[2025-05-20 14:25:27,473] {processor.py:171} INFO - Processing /opt/airflow/dags/02-ETLWeatherPostgres.py took 0.470 seconds
[2025-05-20 14:25:57,521] {processor.py:163} INFO - Started process (PID=5464) to work on /opt/airflow/dags/02-ETLWeatherPostgres.py
[2025-05-20 14:25:57,523] {processor.py:642} INFO - Processing file /opt/airflow/dags/02-ETLWeatherPostgres.py for tasks to queue
[2025-05-20 14:25:57,524] {logging_mixin.py:109} INFO - [2025-05-20 14:25:57,524] {dagbag.py:500} INFO - Filling up the DagBag from /opt/airflow/dags/02-ETLWeatherPostgres.py
[2025-05-20 14:25:58,038] {processor.py:654} INFO - DAG(s) dict_keys(['ETLWeatherPostgres']) retrieved from /opt/airflow/dags/02-ETLWeatherPostgres.py
[2025-05-20 14:25:58,193] {logging_mixin.py:109} INFO - [2025-05-20 14:25:58,193] {dag.py:2398} INFO - Sync 1 DAGs
[2025-05-20 14:25:58,206] {logging_mixin.py:109} INFO - [2025-05-20 14:25:58,206] {dag.py:2937} INFO - Setting next_dagrun for ETLWeatherPostgres to None
[2025-05-20 14:25:58,215] {processor.py:171} INFO - Processing /opt/airflow/dags/02-ETLWeatherPostgres.py took 0.698 seconds
[2025-05-20 14:26:28,297] {processor.py:163} INFO - Started process (PID=5606) to work on /opt/airflow/dags/02-ETLWeatherPostgres.py
[2025-05-20 14:26:28,298] {processor.py:642} INFO - Processing file /opt/airflow/dags/02-ETLWeatherPostgres.py for tasks to queue
[2025-05-20 14:26:28,298] {logging_mixin.py:109} INFO - [2025-05-20 14:26:28,298] {dagbag.py:500} INFO - Filling up the DagBag from /opt/airflow/dags/02-ETLWeatherPostgres.py
[2025-05-20 14:26:28,826] {processor.py:654} INFO - DAG(s) dict_keys(['ETLWeatherPostgres']) retrieved from /opt/airflow/dags/02-ETLWeatherPostgres.py
[2025-05-20 14:26:29,007] {logging_mixin.py:109} INFO - [2025-05-20 14:26:29,007] {dag.py:2398} INFO - Sync 1 DAGs
[2025-05-20 14:26:29,022] {logging_mixin.py:109} INFO - [2025-05-20 14:26:29,022] {dag.py:2937} INFO - Setting next_dagrun for ETLWeatherPostgres to None
[2025-05-20 14:26:29,033] {processor.py:171} INFO - Processing /opt/airflow/dags/02-ETLWeatherPostgres.py took 0.738 seconds
[2025-05-20 14:26:59,067] {processor.py:163} INFO - Started process (PID=5738) to work on /opt/airflow/dags/02-ETLWeatherPostgres.py
[2025-05-20 14:26:59,069] {processor.py:642} INFO - Processing file /opt/airflow/dags/02-ETLWeatherPostgres.py for tasks to queue
[2025-05-20 14:26:59,069] {logging_mixin.py:109} INFO - [2025-05-20 14:26:59,069] {dagbag.py:500} INFO - Filling up the DagBag from /opt/airflow/dags/02-ETLWeatherPostgres.py
[2025-05-20 14:26:59,515] {processor.py:654} INFO - DAG(s) dict_keys(['ETLWeatherPostgres']) retrieved from /opt/airflow/dags/02-ETLWeatherPostgres.py
[2025-05-20 14:26:59,650] {logging_mixin.py:109} INFO - [2025-05-20 14:26:59,649] {dag.py:2398} INFO - Sync 1 DAGs
[2025-05-20 14:26:59,659] {logging_mixin.py:109} INFO - [2025-05-20 14:26:59,659] {dag.py:2937} INFO - Setting next_dagrun for ETLWeatherPostgres to None
[2025-05-20 14:26:59,666] {processor.py:171} INFO - Processing /opt/airflow/dags/02-ETLWeatherPostgres.py took 0.602 seconds
[2025-05-20 14:27:30,604] {processor.py:163} INFO - Started process (PID=5885) to work on /opt/airflow/dags/02-ETLWeatherPostgres.py
[2025-05-20 14:27:30,606] {processor.py:642} INFO - Processing file /opt/airflow/dags/02-ETLWeatherPostgres.py for tasks to queue
[2025-05-20 14:27:30,607] {logging_mixin.py:109} INFO - [2025-05-20 14:27:30,606] {dagbag.py:500} INFO - Filling up the DagBag from /opt/airflow/dags/02-ETLWeatherPostgres.py
[2025-05-20 14:27:31,177] {processor.py:654} INFO - DAG(s) dict_keys(['ETLWeatherPostgres']) retrieved from /opt/airflow/dags/02-ETLWeatherPostgres.py
[2025-05-20 14:27:31,349] {logging_mixin.py:109} INFO - [2025-05-20 14:27:31,348] {dag.py:2398} INFO - Sync 1 DAGs
[2025-05-20 14:27:31,362] {logging_mixin.py:109} INFO - [2025-05-20 14:27:31,361] {dag.py:2937} INFO - Setting next_dagrun for ETLWeatherPostgres to None
[2025-05-20 14:27:31,371] {processor.py:171} INFO - Processing /opt/airflow/dags/02-ETLWeatherPostgres.py took 0.770 seconds
[2025-05-20 14:28:01,817] {processor.py:163} INFO - Started process (PID=6028) to work on /opt/airflow/dags/02-ETLWeatherPostgres.py
[2025-05-20 14:28:01,819] {processor.py:642} INFO - Processing file /opt/airflow/dags/02-ETLWeatherPostgres.py for tasks to queue
[2025-05-20 14:28:01,819] {logging_mixin.py:109} INFO - [2025-05-20 14:28:01,819] {dagbag.py:500} INFO - Filling up the DagBag from /opt/airflow/dags/02-ETLWeatherPostgres.py
[2025-05-20 14:28:02,290] {processor.py:654} INFO - DAG(s) dict_keys(['ETLWeatherPostgres']) retrieved from /opt/airflow/dags/02-ETLWeatherPostgres.py
[2025-05-20 14:28:02,438] {logging_mixin.py:109} INFO - [2025-05-20 14:28:02,438] {dag.py:2398} INFO - Sync 1 DAGs
[2025-05-20 14:28:02,449] {logging_mixin.py:109} INFO - [2025-05-20 14:28:02,449] {dag.py:2937} INFO - Setting next_dagrun for ETLWeatherPostgres to None
[2025-05-20 14:28:02,457] {processor.py:171} INFO - Processing /opt/airflow/dags/02-ETLWeatherPostgres.py took 0.642 seconds
[2025-05-20 14:28:32,999] {processor.py:163} INFO - Started process (PID=6164) to work on /opt/airflow/dags/02-ETLWeatherPostgres.py
[2025-05-20 14:28:33,000] {processor.py:642} INFO - Processing file /opt/airflow/dags/02-ETLWeatherPostgres.py for tasks to queue
[2025-05-20 14:28:33,000] {logging_mixin.py:109} INFO - [2025-05-20 14:28:33,000] {dagbag.py:500} INFO - Filling up the DagBag from /opt/airflow/dags/02-ETLWeatherPostgres.py
[2025-05-20 14:28:33,536] {processor.py:654} INFO - DAG(s) dict_keys(['ETLWeatherPostgres']) retrieved from /opt/airflow/dags/02-ETLWeatherPostgres.py
[2025-05-20 14:28:33,544] {logging_mixin.py:109} INFO - [2025-05-20 14:28:33,544] {dag.py:2398} INFO - Sync 1 DAGs
[2025-05-20 14:28:33,556] {logging_mixin.py:109} INFO - [2025-05-20 14:28:33,556] {dag.py:2937} INFO - Setting next_dagrun for ETLWeatherPostgres to None
[2025-05-20 14:28:33,570] {processor.py:171} INFO - Processing /opt/airflow/dags/02-ETLWeatherPostgres.py took 0.573 seconds
[2025-05-20 14:29:03,847] {processor.py:163} INFO - Started process (PID=6297) to work on /opt/airflow/dags/02-ETLWeatherPostgres.py
[2025-05-20 14:29:03,848] {processor.py:642} INFO - Processing file /opt/airflow/dags/02-ETLWeatherPostgres.py for tasks to queue
[2025-05-20 14:29:03,849] {logging_mixin.py:109} INFO - [2025-05-20 14:29:03,849] {dagbag.py:500} INFO - Filling up the DagBag from /opt/airflow/dags/02-ETLWeatherPostgres.py
[2025-05-20 14:29:04,391] {processor.py:654} INFO - DAG(s) dict_keys(['ETLWeatherPostgres']) retrieved from /opt/airflow/dags/02-ETLWeatherPostgres.py
[2025-05-20 14:29:04,399] {logging_mixin.py:109} INFO - [2025-05-20 14:29:04,399] {dag.py:2398} INFO - Sync 1 DAGs
[2025-05-20 14:29:04,457] {logging_mixin.py:109} INFO - [2025-05-20 14:29:04,457] {dag.py:2937} INFO - Setting next_dagrun for ETLWeatherPostgres to None
[2025-05-20 14:29:04,465] {processor.py:171} INFO - Processing /opt/airflow/dags/02-ETLWeatherPostgres.py took 0.621 seconds
[2025-05-20 14:29:34,974] {processor.py:163} INFO - Started process (PID=6430) to work on /opt/airflow/dags/02-ETLWeatherPostgres.py
[2025-05-20 14:29:34,976] {processor.py:642} INFO - Processing file /opt/airflow/dags/02-ETLWeatherPostgres.py for tasks to queue
[2025-05-20 14:29:34,976] {logging_mixin.py:109} INFO - [2025-05-20 14:29:34,976] {dagbag.py:500} INFO - Filling up the DagBag from /opt/airflow/dags/02-ETLWeatherPostgres.py
[2025-05-20 14:29:35,404] {processor.py:654} INFO - DAG(s) dict_keys(['ETLWeatherPostgres']) retrieved from /opt/airflow/dags/02-ETLWeatherPostgres.py
[2025-05-20 14:29:35,415] {logging_mixin.py:109} INFO - [2025-05-20 14:29:35,415] {dag.py:2398} INFO - Sync 1 DAGs
[2025-05-20 14:29:35,432] {logging_mixin.py:109} INFO - [2025-05-20 14:29:35,431] {dag.py:2937} INFO - Setting next_dagrun for ETLWeatherPostgres to None
[2025-05-20 14:29:35,440] {processor.py:171} INFO - Processing /opt/airflow/dags/02-ETLWeatherPostgres.py took 0.469 seconds
[2025-05-20 14:30:07,452] {processor.py:163} INFO - Started process (PID=6569) to work on /opt/airflow/dags/02-ETLWeatherPostgres.py
[2025-05-20 14:30:07,454] {processor.py:642} INFO - Processing file /opt/airflow/dags/02-ETLWeatherPostgres.py for tasks to queue
[2025-05-20 14:30:07,454] {logging_mixin.py:109} INFO - [2025-05-20 14:30:07,454] {dagbag.py:500} INFO - Filling up the DagBag from /opt/airflow/dags/02-ETLWeatherPostgres.py
[2025-05-20 14:30:07,963] {processor.py:654} INFO - DAG(s) dict_keys(['ETLWeatherPostgres']) retrieved from /opt/airflow/dags/02-ETLWeatherPostgres.py
[2025-05-20 14:30:07,973] {logging_mixin.py:109} INFO - [2025-05-20 14:30:07,973] {dag.py:2398} INFO - Sync 1 DAGs
[2025-05-20 14:30:07,988] {logging_mixin.py:109} INFO - [2025-05-20 14:30:07,988] {dag.py:2937} INFO - Setting next_dagrun for ETLWeatherPostgres to None
[2025-05-20 14:30:07,998] {processor.py:171} INFO - Processing /opt/airflow/dags/02-ETLWeatherPostgres.py took 0.549 seconds
[2025-05-20 14:30:38,889] {processor.py:163} INFO - Started process (PID=6693) to work on /opt/airflow/dags/02-ETLWeatherPostgres.py
[2025-05-20 14:30:38,890] {processor.py:642} INFO - Processing file /opt/airflow/dags/02-ETLWeatherPostgres.py for tasks to queue
[2025-05-20 14:30:38,891] {logging_mixin.py:109} INFO - [2025-05-20 14:30:38,891] {dagbag.py:500} INFO - Filling up the DagBag from /opt/airflow/dags/02-ETLWeatherPostgres.py
[2025-05-20 14:30:39,509] {processor.py:654} INFO - DAG(s) dict_keys(['ETLWeatherPostgres']) retrieved from /opt/airflow/dags/02-ETLWeatherPostgres.py
[2025-05-20 14:30:39,518] {logging_mixin.py:109} INFO - [2025-05-20 14:30:39,517] {dag.py:2398} INFO - Sync 1 DAGs
[2025-05-20 14:30:39,530] {logging_mixin.py:109} INFO - [2025-05-20 14:30:39,530] {dag.py:2937} INFO - Setting next_dagrun for ETLWeatherPostgres to None
[2025-05-20 14:30:39,540] {processor.py:171} INFO - Processing /opt/airflow/dags/02-ETLWeatherPostgres.py took 0.654 seconds
[2025-05-20 14:31:10,804] {processor.py:163} INFO - Started process (PID=6825) to work on /opt/airflow/dags/02-ETLWeatherPostgres.py
[2025-05-20 14:31:10,805] {processor.py:642} INFO - Processing file /opt/airflow/dags/02-ETLWeatherPostgres.py for tasks to queue
[2025-05-20 14:31:10,805] {logging_mixin.py:109} INFO - [2025-05-20 14:31:10,805] {dagbag.py:500} INFO - Filling up the DagBag from /opt/airflow/dags/02-ETLWeatherPostgres.py
[2025-05-20 14:31:11,763] {processor.py:654} INFO - DAG(s) dict_keys(['ETLWeatherPostgres']) retrieved from /opt/airflow/dags/02-ETLWeatherPostgres.py
[2025-05-20 14:31:11,971] {logging_mixin.py:109} INFO - [2025-05-20 14:31:11,971] {dag.py:2398} INFO - Sync 1 DAGs
[2025-05-20 14:31:11,984] {logging_mixin.py:109} INFO - [2025-05-20 14:31:11,983] {dag.py:2937} INFO - Setting next_dagrun for ETLWeatherPostgres to None
[2025-05-20 14:31:11,995] {processor.py:171} INFO - Processing /opt/airflow/dags/02-ETLWeatherPostgres.py took 1.193 seconds
[2025-05-20 14:31:43,388] {processor.py:163} INFO - Started process (PID=6967) to work on /opt/airflow/dags/02-ETLWeatherPostgres.py
[2025-05-20 14:31:43,389] {processor.py:642} INFO - Processing file /opt/airflow/dags/02-ETLWeatherPostgres.py for tasks to queue
[2025-05-20 14:31:43,389] {logging_mixin.py:109} INFO - [2025-05-20 14:31:43,389] {dagbag.py:500} INFO - Filling up the DagBag from /opt/airflow/dags/02-ETLWeatherPostgres.py
[2025-05-20 14:31:43,861] {processor.py:654} INFO - DAG(s) dict_keys(['ETLWeatherPostgres']) retrieved from /opt/airflow/dags/02-ETLWeatherPostgres.py
[2025-05-20 14:31:44,009] {logging_mixin.py:109} INFO - [2025-05-20 14:31:44,009] {dag.py:2398} INFO - Sync 1 DAGs
[2025-05-20 14:31:44,021] {logging_mixin.py:109} INFO - [2025-05-20 14:31:44,021] {dag.py:2937} INFO - Setting next_dagrun for ETLWeatherPostgres to None
[2025-05-20 14:31:44,030] {processor.py:171} INFO - Processing /opt/airflow/dags/02-ETLWeatherPostgres.py took 0.645 seconds
[2025-05-20 14:32:15,504] {processor.py:163} INFO - Started process (PID=7099) to work on /opt/airflow/dags/02-ETLWeatherPostgres.py
[2025-05-20 14:32:15,505] {processor.py:642} INFO - Processing file /opt/airflow/dags/02-ETLWeatherPostgres.py for tasks to queue
[2025-05-20 14:32:15,506] {logging_mixin.py:109} INFO - [2025-05-20 14:32:15,505] {dagbag.py:500} INFO - Filling up the DagBag from /opt/airflow/dags/02-ETLWeatherPostgres.py
[2025-05-20 14:32:16,065] {processor.py:654} INFO - DAG(s) dict_keys(['ETLWeatherPostgres']) retrieved from /opt/airflow/dags/02-ETLWeatherPostgres.py
[2025-05-20 14:32:16,247] {logging_mixin.py:109} INFO - [2025-05-20 14:32:16,247] {dag.py:2398} INFO - Sync 1 DAGs
[2025-05-20 14:32:16,259] {logging_mixin.py:109} INFO - [2025-05-20 14:32:16,259] {dag.py:2937} INFO - Setting next_dagrun for ETLWeatherPostgres to None
[2025-05-20 14:32:16,289] {processor.py:171} INFO - Processing /opt/airflow/dags/02-ETLWeatherPostgres.py took 0.789 seconds
[2025-05-20 14:32:47,791] {processor.py:163} INFO - Started process (PID=7240) to work on /opt/airflow/dags/02-ETLWeatherPostgres.py
[2025-05-20 14:32:47,792] {processor.py:642} INFO - Processing file /opt/airflow/dags/02-ETLWeatherPostgres.py for tasks to queue
[2025-05-20 14:32:47,793] {logging_mixin.py:109} INFO - [2025-05-20 14:32:47,793] {dagbag.py:500} INFO - Filling up the DagBag from /opt/airflow/dags/02-ETLWeatherPostgres.py
[2025-05-20 14:32:48,307] {processor.py:654} INFO - DAG(s) dict_keys(['ETLWeatherPostgres']) retrieved from /opt/airflow/dags/02-ETLWeatherPostgres.py
[2025-05-20 14:32:48,470] {logging_mixin.py:109} INFO - [2025-05-20 14:32:48,470] {dag.py:2398} INFO - Sync 1 DAGs
[2025-05-20 14:32:48,482] {logging_mixin.py:109} INFO - [2025-05-20 14:32:48,482] {dag.py:2937} INFO - Setting next_dagrun for ETLWeatherPostgres to None
[2025-05-20 14:32:48,491] {processor.py:171} INFO - Processing /opt/airflow/dags/02-ETLWeatherPostgres.py took 0.702 seconds
[2025-05-20 14:33:20,263] {processor.py:163} INFO - Started process (PID=7373) to work on /opt/airflow/dags/02-ETLWeatherPostgres.py
[2025-05-20 14:33:20,264] {processor.py:642} INFO - Processing file /opt/airflow/dags/02-ETLWeatherPostgres.py for tasks to queue
[2025-05-20 14:33:20,265] {logging_mixin.py:109} INFO - [2025-05-20 14:33:20,265] {dagbag.py:500} INFO - Filling up the DagBag from /opt/airflow/dags/02-ETLWeatherPostgres.py
[2025-05-20 14:33:20,775] {processor.py:654} INFO - DAG(s) dict_keys(['ETLWeatherPostgres']) retrieved from /opt/airflow/dags/02-ETLWeatherPostgres.py
[2025-05-20 14:33:20,991] {logging_mixin.py:109} INFO - [2025-05-20 14:33:20,991] {dag.py:2398} INFO - Sync 1 DAGs
[2025-05-20 14:33:21,003] {logging_mixin.py:109} INFO - [2025-05-20 14:33:21,003] {dag.py:2937} INFO - Setting next_dagrun for ETLWeatherPostgres to None
[2025-05-20 14:33:21,033] {processor.py:171} INFO - Processing /opt/airflow/dags/02-ETLWeatherPostgres.py took 0.772 seconds
[2025-05-20 14:33:52,571] {processor.py:163} INFO - Started process (PID=7505) to work on /opt/airflow/dags/02-ETLWeatherPostgres.py
[2025-05-20 14:33:52,572] {processor.py:642} INFO - Processing file /opt/airflow/dags/02-ETLWeatherPostgres.py for tasks to queue
[2025-05-20 14:33:52,573] {logging_mixin.py:109} INFO - [2025-05-20 14:33:52,573] {dagbag.py:500} INFO - Filling up the DagBag from /opt/airflow/dags/02-ETLWeatherPostgres.py
[2025-05-20 14:33:52,991] {processor.py:654} INFO - DAG(s) dict_keys(['ETLWeatherPostgres']) retrieved from /opt/airflow/dags/02-ETLWeatherPostgres.py
[2025-05-20 14:33:53,000] {logging_mixin.py:109} INFO - [2025-05-20 14:33:53,000] {dag.py:2398} INFO - Sync 1 DAGs
[2025-05-20 14:33:53,011] {logging_mixin.py:109} INFO - [2025-05-20 14:33:53,011] {dag.py:2937} INFO - Setting next_dagrun for ETLWeatherPostgres to None
[2025-05-20 14:33:53,020] {processor.py:171} INFO - Processing /opt/airflow/dags/02-ETLWeatherPostgres.py took 0.452 seconds
[2025-05-20 14:34:24,341] {processor.py:163} INFO - Started process (PID=7633) to work on /opt/airflow/dags/02-ETLWeatherPostgres.py
[2025-05-20 14:34:24,345] {processor.py:642} INFO - Processing file /opt/airflow/dags/02-ETLWeatherPostgres.py for tasks to queue
[2025-05-20 14:34:24,346] {logging_mixin.py:109} INFO - [2025-05-20 14:34:24,346] {dagbag.py:500} INFO - Filling up the DagBag from /opt/airflow/dags/02-ETLWeatherPostgres.py
[2025-05-20 14:34:24,878] {processor.py:654} INFO - DAG(s) dict_keys(['ETLWeatherPostgres']) retrieved from /opt/airflow/dags/02-ETLWeatherPostgres.py
[2025-05-20 14:34:24,885] {logging_mixin.py:109} INFO - [2025-05-20 14:34:24,885] {dag.py:2398} INFO - Sync 1 DAGs
[2025-05-20 14:34:24,897] {logging_mixin.py:109} INFO - [2025-05-20 14:34:24,897] {dag.py:2937} INFO - Setting next_dagrun for ETLWeatherPostgres to None
[2025-05-20 14:34:24,904] {processor.py:171} INFO - Processing /opt/airflow/dags/02-ETLWeatherPostgres.py took 0.582 seconds
[2025-05-20 14:34:56,276] {processor.py:163} INFO - Started process (PID=7765) to work on /opt/airflow/dags/02-ETLWeatherPostgres.py
[2025-05-20 14:34:56,278] {processor.py:642} INFO - Processing file /opt/airflow/dags/02-ETLWeatherPostgres.py for tasks to queue
[2025-05-20 14:34:56,279] {logging_mixin.py:109} INFO - [2025-05-20 14:34:56,279] {dagbag.py:500} INFO - Filling up the DagBag from /opt/airflow/dags/02-ETLWeatherPostgres.py
[2025-05-20 14:34:56,716] {processor.py:654} INFO - DAG(s) dict_keys(['ETLWeatherPostgres']) retrieved from /opt/airflow/dags/02-ETLWeatherPostgres.py
[2025-05-20 14:34:56,725] {logging_mixin.py:109} INFO - [2025-05-20 14:34:56,725] {dag.py:2398} INFO - Sync 1 DAGs
[2025-05-20 14:34:56,738] {logging_mixin.py:109} INFO - [2025-05-20 14:34:56,738] {dag.py:2937} INFO - Setting next_dagrun for ETLWeatherPostgres to None
[2025-05-20 14:34:56,746] {processor.py:171} INFO - Processing /opt/airflow/dags/02-ETLWeatherPostgres.py took 0.472 seconds
[2025-05-20 14:35:29,025] {processor.py:163} INFO - Started process (PID=7882) to work on /opt/airflow/dags/02-ETLWeatherPostgres.py
[2025-05-20 14:35:29,030] {processor.py:642} INFO - Processing file /opt/airflow/dags/02-ETLWeatherPostgres.py for tasks to queue
[2025-05-20 14:35:29,031] {logging_mixin.py:109} INFO - [2025-05-20 14:35:29,030] {dagbag.py:500} INFO - Filling up the DagBag from /opt/airflow/dags/02-ETLWeatherPostgres.py
[2025-05-20 14:35:29,461] {processor.py:654} INFO - DAG(s) dict_keys(['ETLWeatherPostgres']) retrieved from /opt/airflow/dags/02-ETLWeatherPostgres.py
[2025-05-20 14:35:29,469] {logging_mixin.py:109} INFO - [2025-05-20 14:35:29,469] {dag.py:2398} INFO - Sync 1 DAGs
[2025-05-20 14:35:29,481] {logging_mixin.py:109} INFO - [2025-05-20 14:35:29,481] {dag.py:2937} INFO - Setting next_dagrun for ETLWeatherPostgres to None
[2025-05-20 14:35:29,488] {processor.py:171} INFO - Processing /opt/airflow/dags/02-ETLWeatherPostgres.py took 0.467 seconds
[2025-05-20 14:36:00,774] {processor.py:163} INFO - Started process (PID=8025) to work on /opt/airflow/dags/02-ETLWeatherPostgres.py
[2025-05-20 14:36:00,775] {processor.py:642} INFO - Processing file /opt/airflow/dags/02-ETLWeatherPostgres.py for tasks to queue
[2025-05-20 14:36:00,776] {logging_mixin.py:109} INFO - [2025-05-20 14:36:00,776] {dagbag.py:500} INFO - Filling up the DagBag from /opt/airflow/dags/02-ETLWeatherPostgres.py
[2025-05-20 14:36:01,353] {processor.py:654} INFO - DAG(s) dict_keys(['ETLWeatherPostgres']) retrieved from /opt/airflow/dags/02-ETLWeatherPostgres.py
[2025-05-20 14:36:01,362] {logging_mixin.py:109} INFO - [2025-05-20 14:36:01,361] {dag.py:2398} INFO - Sync 1 DAGs
[2025-05-20 14:36:01,377] {logging_mixin.py:109} INFO - [2025-05-20 14:36:01,377] {dag.py:2937} INFO - Setting next_dagrun for ETLWeatherPostgres to None
[2025-05-20 14:36:01,412] {processor.py:171} INFO - Processing /opt/airflow/dags/02-ETLWeatherPostgres.py took 0.641 seconds
[2025-05-20 14:36:32,893] {processor.py:163} INFO - Started process (PID=8172) to work on /opt/airflow/dags/02-ETLWeatherPostgres.py
[2025-05-20 14:36:32,894] {processor.py:642} INFO - Processing file /opt/airflow/dags/02-ETLWeatherPostgres.py for tasks to queue
[2025-05-20 14:36:32,895] {logging_mixin.py:109} INFO - [2025-05-20 14:36:32,895] {dagbag.py:500} INFO - Filling up the DagBag from /opt/airflow/dags/02-ETLWeatherPostgres.py
[2025-05-20 14:36:33,417] {processor.py:654} INFO - DAG(s) dict_keys(['ETLWeatherPostgres']) retrieved from /opt/airflow/dags/02-ETLWeatherPostgres.py
[2025-05-20 14:36:33,600] {logging_mixin.py:109} INFO - [2025-05-20 14:36:33,599] {dag.py:2398} INFO - Sync 1 DAGs
[2025-05-20 14:36:33,613] {logging_mixin.py:109} INFO - [2025-05-20 14:36:33,613] {dag.py:2937} INFO - Setting next_dagrun for ETLWeatherPostgres to None
[2025-05-20 14:36:33,622] {processor.py:171} INFO - Processing /opt/airflow/dags/02-ETLWeatherPostgres.py took 0.731 seconds
[2025-05-20 14:37:05,430] {processor.py:163} INFO - Started process (PID=8304) to work on /opt/airflow/dags/02-ETLWeatherPostgres.py
[2025-05-20 14:37:05,432] {processor.py:642} INFO - Processing file /opt/airflow/dags/02-ETLWeatherPostgres.py for tasks to queue
[2025-05-20 14:37:05,432] {logging_mixin.py:109} INFO - [2025-05-20 14:37:05,432] {dagbag.py:500} INFO - Filling up the DagBag from /opt/airflow/dags/02-ETLWeatherPostgres.py
[2025-05-20 14:37:05,850] {processor.py:654} INFO - DAG(s) dict_keys(['ETLWeatherPostgres']) retrieved from /opt/airflow/dags/02-ETLWeatherPostgres.py
[2025-05-20 14:37:05,994] {logging_mixin.py:109} INFO - [2025-05-20 14:37:05,994] {dag.py:2398} INFO - Sync 1 DAGs
[2025-05-20 14:37:06,004] {logging_mixin.py:109} INFO - [2025-05-20 14:37:06,004] {dag.py:2937} INFO - Setting next_dagrun for ETLWeatherPostgres to None
[2025-05-20 14:37:06,011] {processor.py:171} INFO - Processing /opt/airflow/dags/02-ETLWeatherPostgres.py took 0.584 seconds
[2025-05-20 14:37:37,329] {processor.py:163} INFO - Started process (PID=8431) to work on /opt/airflow/dags/02-ETLWeatherPostgres.py
[2025-05-20 14:37:37,330] {processor.py:642} INFO - Processing file /opt/airflow/dags/02-ETLWeatherPostgres.py for tasks to queue
[2025-05-20 14:37:37,330] {logging_mixin.py:109} INFO - [2025-05-20 14:37:37,330] {dagbag.py:500} INFO - Filling up the DagBag from /opt/airflow/dags/02-ETLWeatherPostgres.py
[2025-05-20 14:37:37,925] {processor.py:654} INFO - DAG(s) dict_keys(['ETLWeatherPostgres']) retrieved from /opt/airflow/dags/02-ETLWeatherPostgres.py
[2025-05-20 14:37:37,932] {logging_mixin.py:109} INFO - [2025-05-20 14:37:37,932] {dag.py:2398} INFO - Sync 1 DAGs
[2025-05-20 14:37:37,978] {logging_mixin.py:109} INFO - [2025-05-20 14:37:37,978] {dag.py:2937} INFO - Setting next_dagrun for ETLWeatherPostgres to None
[2025-05-20 14:37:37,985] {processor.py:171} INFO - Processing /opt/airflow/dags/02-ETLWeatherPostgres.py took 0.658 seconds
[2025-05-20 14:38:09,882] {processor.py:163} INFO - Started process (PID=8563) to work on /opt/airflow/dags/02-ETLWeatherPostgres.py
[2025-05-20 14:38:09,884] {processor.py:642} INFO - Processing file /opt/airflow/dags/02-ETLWeatherPostgres.py for tasks to queue
[2025-05-20 14:38:09,885] {logging_mixin.py:109} INFO - [2025-05-20 14:38:09,885] {dagbag.py:500} INFO - Filling up the DagBag from /opt/airflow/dags/02-ETLWeatherPostgres.py
[2025-05-20 14:38:10,400] {processor.py:654} INFO - DAG(s) dict_keys(['ETLWeatherPostgres']) retrieved from /opt/airflow/dags/02-ETLWeatherPostgres.py
[2025-05-20 14:38:10,555] {logging_mixin.py:109} INFO - [2025-05-20 14:38:10,555] {dag.py:2398} INFO - Sync 1 DAGs
[2025-05-20 14:38:10,568] {logging_mixin.py:109} INFO - [2025-05-20 14:38:10,568] {dag.py:2937} INFO - Setting next_dagrun for ETLWeatherPostgres to None
[2025-05-20 14:38:10,576] {processor.py:171} INFO - Processing /opt/airflow/dags/02-ETLWeatherPostgres.py took 0.697 seconds
[2025-05-20 14:38:42,486] {processor.py:163} INFO - Started process (PID=8720) to work on /opt/airflow/dags/02-ETLWeatherPostgres.py
[2025-05-20 14:38:42,488] {processor.py:642} INFO - Processing file /opt/airflow/dags/02-ETLWeatherPostgres.py for tasks to queue
[2025-05-20 14:38:42,489] {logging_mixin.py:109} INFO - [2025-05-20 14:38:42,488] {dagbag.py:500} INFO - Filling up the DagBag from /opt/airflow/dags/02-ETLWeatherPostgres.py
[2025-05-20 14:38:42,886] {processor.py:654} INFO - DAG(s) dict_keys(['ETLWeatherPostgres']) retrieved from /opt/airflow/dags/02-ETLWeatherPostgres.py
[2025-05-20 14:38:42,894] {logging_mixin.py:109} INFO - [2025-05-20 14:38:42,894] {dag.py:2398} INFO - Sync 1 DAGs
[2025-05-20 14:38:42,905] {logging_mixin.py:109} INFO - [2025-05-20 14:38:42,905] {dag.py:2937} INFO - Setting next_dagrun for ETLWeatherPostgres to None
[2025-05-20 14:38:42,912] {processor.py:171} INFO - Processing /opt/airflow/dags/02-ETLWeatherPostgres.py took 0.428 seconds
[2025-05-20 14:39:14,702] {processor.py:163} INFO - Started process (PID=8837) to work on /opt/airflow/dags/02-ETLWeatherPostgres.py
[2025-05-20 14:39:14,703] {processor.py:642} INFO - Processing file /opt/airflow/dags/02-ETLWeatherPostgres.py for tasks to queue
[2025-05-20 14:39:14,703] {logging_mixin.py:109} INFO - [2025-05-20 14:39:14,703] {dagbag.py:500} INFO - Filling up the DagBag from /opt/airflow/dags/02-ETLWeatherPostgres.py
[2025-05-20 14:39:15,242] {processor.py:654} INFO - DAG(s) dict_keys(['ETLWeatherPostgres']) retrieved from /opt/airflow/dags/02-ETLWeatherPostgres.py
[2025-05-20 14:39:15,250] {logging_mixin.py:109} INFO - [2025-05-20 14:39:15,250] {dag.py:2398} INFO - Sync 1 DAGs
[2025-05-20 14:39:15,262] {logging_mixin.py:109} INFO - [2025-05-20 14:39:15,262] {dag.py:2937} INFO - Setting next_dagrun for ETLWeatherPostgres to None
[2025-05-20 14:39:15,269] {processor.py:171} INFO - Processing /opt/airflow/dags/02-ETLWeatherPostgres.py took 0.571 seconds
[2025-05-20 14:39:47,562] {processor.py:163} INFO - Started process (PID=8994) to work on /opt/airflow/dags/02-ETLWeatherPostgres.py
[2025-05-20 14:39:47,563] {processor.py:642} INFO - Processing file /opt/airflow/dags/02-ETLWeatherPostgres.py for tasks to queue
[2025-05-20 14:39:47,564] {logging_mixin.py:109} INFO - [2025-05-20 14:39:47,564] {dagbag.py:500} INFO - Filling up the DagBag from /opt/airflow/dags/02-ETLWeatherPostgres.py
[2025-05-20 14:39:48,072] {processor.py:654} INFO - DAG(s) dict_keys(['ETLWeatherPostgres']) retrieved from /opt/airflow/dags/02-ETLWeatherPostgres.py
[2025-05-20 14:39:48,223] {logging_mixin.py:109} INFO - [2025-05-20 14:39:48,223] {dag.py:2398} INFO - Sync 1 DAGs
[2025-05-20 14:39:48,234] {logging_mixin.py:109} INFO - [2025-05-20 14:39:48,234] {dag.py:2937} INFO - Setting next_dagrun for ETLWeatherPostgres to None
[2025-05-20 14:39:48,243] {processor.py:171} INFO - Processing /opt/airflow/dags/02-ETLWeatherPostgres.py took 0.684 seconds
[2025-05-20 14:40:19,800] {processor.py:163} INFO - Started process (PID=9142) to work on /opt/airflow/dags/02-ETLWeatherPostgres.py
[2025-05-20 14:40:19,802] {processor.py:642} INFO - Processing file /opt/airflow/dags/02-ETLWeatherPostgres.py for tasks to queue
[2025-05-20 14:40:19,802] {logging_mixin.py:109} INFO - [2025-05-20 14:40:19,802] {dagbag.py:500} INFO - Filling up the DagBag from /opt/airflow/dags/02-ETLWeatherPostgres.py
[2025-05-20 14:40:20,201] {processor.py:654} INFO - DAG(s) dict_keys(['ETLWeatherPostgres']) retrieved from /opt/airflow/dags/02-ETLWeatherPostgres.py
[2025-05-20 14:40:20,340] {logging_mixin.py:109} INFO - [2025-05-20 14:40:20,340] {dag.py:2398} INFO - Sync 1 DAGs
[2025-05-20 14:40:20,350] {logging_mixin.py:109} INFO - [2025-05-20 14:40:20,350] {dag.py:2937} INFO - Setting next_dagrun for ETLWeatherPostgres to None
[2025-05-20 14:40:20,357] {processor.py:171} INFO - Processing /opt/airflow/dags/02-ETLWeatherPostgres.py took 0.558 seconds
[2025-05-20 14:40:52,319] {processor.py:163} INFO - Started process (PID=9282) to work on /opt/airflow/dags/02-ETLWeatherPostgres.py
[2025-05-20 14:40:52,321] {processor.py:642} INFO - Processing file /opt/airflow/dags/02-ETLWeatherPostgres.py for tasks to queue
[2025-05-20 14:40:52,322] {logging_mixin.py:109} INFO - [2025-05-20 14:40:52,321] {dagbag.py:500} INFO - Filling up the DagBag from /opt/airflow/dags/02-ETLWeatherPostgres.py
[2025-05-20 14:40:52,765] {processor.py:654} INFO - DAG(s) dict_keys(['ETLWeatherPostgres']) retrieved from /opt/airflow/dags/02-ETLWeatherPostgres.py
[2025-05-20 14:40:52,773] {logging_mixin.py:109} INFO - [2025-05-20 14:40:52,773] {dag.py:2398} INFO - Sync 1 DAGs
[2025-05-20 14:40:52,785] {logging_mixin.py:109} INFO - [2025-05-20 14:40:52,785] {dag.py:2937} INFO - Setting next_dagrun for ETLWeatherPostgres to None
[2025-05-20 14:40:52,792] {processor.py:171} INFO - Processing /opt/airflow/dags/02-ETLWeatherPostgres.py took 0.478 seconds
[2025-05-20 14:41:05,472] {processor.py:163} INFO - Started process (PID=9359) to work on /opt/airflow/dags/02-ETLWeatherPostgres.py
[2025-05-20 14:41:05,474] {processor.py:642} INFO - Processing file /opt/airflow/dags/02-ETLWeatherPostgres.py for tasks to queue
[2025-05-20 14:41:05,475] {logging_mixin.py:109} INFO - [2025-05-20 14:41:05,475] {dagbag.py:500} INFO - Filling up the DagBag from /opt/airflow/dags/02-ETLWeatherPostgres.py
[2025-05-20 14:41:05,990] {processor.py:654} INFO - DAG(s) dict_keys(['ETLWeatherPostgres']) retrieved from /opt/airflow/dags/02-ETLWeatherPostgres.py
[2025-05-20 14:41:06,199] {logging_mixin.py:109} INFO - [2025-05-20 14:41:06,198] {dag.py:2398} INFO - Sync 1 DAGs
[2025-05-20 14:41:06,213] {logging_mixin.py:109} INFO - [2025-05-20 14:41:06,213] {dag.py:2937} INFO - Setting next_dagrun for ETLWeatherPostgres to None
[2025-05-20 14:41:06,226] {processor.py:171} INFO - Processing /opt/airflow/dags/02-ETLWeatherPostgres.py took 0.758 seconds
[2025-05-20 14:41:36,253] {processor.py:163} INFO - Started process (PID=9491) to work on /opt/airflow/dags/02-ETLWeatherPostgres.py
[2025-05-20 14:41:36,254] {processor.py:642} INFO - Processing file /opt/airflow/dags/02-ETLWeatherPostgres.py for tasks to queue
[2025-05-20 14:41:36,255] {logging_mixin.py:109} INFO - [2025-05-20 14:41:36,255] {dagbag.py:500} INFO - Filling up the DagBag from /opt/airflow/dags/02-ETLWeatherPostgres.py
[2025-05-20 14:41:36,673] {processor.py:654} INFO - DAG(s) dict_keys(['ETLWeatherPostgres']) retrieved from /opt/airflow/dags/02-ETLWeatherPostgres.py
[2025-05-20 14:41:36,841] {logging_mixin.py:109} INFO - [2025-05-20 14:41:36,841] {dag.py:2398} INFO - Sync 1 DAGs
[2025-05-20 14:41:36,854] {logging_mixin.py:109} INFO - [2025-05-20 14:41:36,854] {dag.py:2937} INFO - Setting next_dagrun for ETLWeatherPostgres to None
[2025-05-20 14:41:36,866] {processor.py:171} INFO - Processing /opt/airflow/dags/02-ETLWeatherPostgres.py took 0.616 seconds
[2025-05-20 14:42:06,972] {processor.py:163} INFO - Started process (PID=9623) to work on /opt/airflow/dags/02-ETLWeatherPostgres.py
[2025-05-20 14:42:06,974] {processor.py:642} INFO - Processing file /opt/airflow/dags/02-ETLWeatherPostgres.py for tasks to queue
[2025-05-20 14:42:06,974] {logging_mixin.py:109} INFO - [2025-05-20 14:42:06,974] {dagbag.py:500} INFO - Filling up the DagBag from /opt/airflow/dags/02-ETLWeatherPostgres.py
[2025-05-20 14:42:07,403] {processor.py:654} INFO - DAG(s) dict_keys(['ETLWeatherPostgres']) retrieved from /opt/airflow/dags/02-ETLWeatherPostgres.py
[2025-05-20 14:42:07,412] {logging_mixin.py:109} INFO - [2025-05-20 14:42:07,412] {dag.py:2398} INFO - Sync 1 DAGs
[2025-05-20 14:42:07,427] {logging_mixin.py:109} INFO - [2025-05-20 14:42:07,427] {dag.py:2937} INFO - Setting next_dagrun for ETLWeatherPostgres to None
[2025-05-20 14:42:07,437] {processor.py:171} INFO - Processing /opt/airflow/dags/02-ETLWeatherPostgres.py took 0.467 seconds
[2025-05-20 14:42:37,545] {processor.py:163} INFO - Started process (PID=9755) to work on /opt/airflow/dags/02-ETLWeatherPostgres.py
[2025-05-20 14:42:37,547] {processor.py:642} INFO - Processing file /opt/airflow/dags/02-ETLWeatherPostgres.py for tasks to queue
[2025-05-20 14:42:37,548] {logging_mixin.py:109} INFO - [2025-05-20 14:42:37,548] {dagbag.py:500} INFO - Filling up the DagBag from /opt/airflow/dags/02-ETLWeatherPostgres.py
[2025-05-20 14:42:37,979] {processor.py:654} INFO - DAG(s) dict_keys(['ETLWeatherPostgres']) retrieved from /opt/airflow/dags/02-ETLWeatherPostgres.py
[2025-05-20 14:42:38,228] {logging_mixin.py:109} INFO - [2025-05-20 14:42:38,227] {dag.py:2398} INFO - Sync 1 DAGs
[2025-05-20 14:42:38,242] {logging_mixin.py:109} INFO - [2025-05-20 14:42:38,241] {dag.py:2937} INFO - Setting next_dagrun for ETLWeatherPostgres to None
[2025-05-20 14:42:38,256] {processor.py:171} INFO - Processing /opt/airflow/dags/02-ETLWeatherPostgres.py took 0.714 seconds
[2025-05-20 14:43:08,310] {processor.py:163} INFO - Started process (PID=9897) to work on /opt/airflow/dags/02-ETLWeatherPostgres.py
[2025-05-20 14:43:08,311] {processor.py:642} INFO - Processing file /opt/airflow/dags/02-ETLWeatherPostgres.py for tasks to queue
[2025-05-20 14:43:08,312] {logging_mixin.py:109} INFO - [2025-05-20 14:43:08,312] {dagbag.py:500} INFO - Filling up the DagBag from /opt/airflow/dags/02-ETLWeatherPostgres.py
[2025-05-20 14:43:08,707] {processor.py:654} INFO - DAG(s) dict_keys(['ETLWeatherPostgres']) retrieved from /opt/airflow/dags/02-ETLWeatherPostgres.py
[2025-05-20 14:43:08,715] {logging_mixin.py:109} INFO - [2025-05-20 14:43:08,715] {dag.py:2398} INFO - Sync 1 DAGs
[2025-05-20 14:43:08,727] {logging_mixin.py:109} INFO - [2025-05-20 14:43:08,727] {dag.py:2937} INFO - Setting next_dagrun for ETLWeatherPostgres to None
[2025-05-20 14:43:08,736] {processor.py:171} INFO - Processing /opt/airflow/dags/02-ETLWeatherPostgres.py took 0.428 seconds
[2025-05-20 14:43:39,125] {processor.py:163} INFO - Started process (PID=10029) to work on /opt/airflow/dags/02-ETLWeatherPostgres.py
[2025-05-20 14:43:39,128] {processor.py:642} INFO - Processing file /opt/airflow/dags/02-ETLWeatherPostgres.py for tasks to queue
[2025-05-20 14:43:39,128] {logging_mixin.py:109} INFO - [2025-05-20 14:43:39,128] {dagbag.py:500} INFO - Filling up the DagBag from /opt/airflow/dags/02-ETLWeatherPostgres.py
[2025-05-20 14:43:39,647] {processor.py:654} INFO - DAG(s) dict_keys(['ETLWeatherPostgres']) retrieved from /opt/airflow/dags/02-ETLWeatherPostgres.py
[2025-05-20 14:43:39,655] {logging_mixin.py:109} INFO - [2025-05-20 14:43:39,654] {dag.py:2398} INFO - Sync 1 DAGs
[2025-05-20 14:43:39,666] {logging_mixin.py:109} INFO - [2025-05-20 14:43:39,666] {dag.py:2937} INFO - Setting next_dagrun for ETLWeatherPostgres to None
[2025-05-20 14:43:39,672] {processor.py:171} INFO - Processing /opt/airflow/dags/02-ETLWeatherPostgres.py took 0.550 seconds
[2025-05-20 14:44:10,456] {processor.py:163} INFO - Started process (PID=10161) to work on /opt/airflow/dags/02-ETLWeatherPostgres.py
[2025-05-20 14:44:10,458] {processor.py:642} INFO - Processing file /opt/airflow/dags/02-ETLWeatherPostgres.py for tasks to queue
[2025-05-20 14:44:10,459] {logging_mixin.py:109} INFO - [2025-05-20 14:44:10,459] {dagbag.py:500} INFO - Filling up the DagBag from /opt/airflow/dags/02-ETLWeatherPostgres.py
[2025-05-20 14:44:10,883] {processor.py:654} INFO - DAG(s) dict_keys(['ETLWeatherPostgres']) retrieved from /opt/airflow/dags/02-ETLWeatherPostgres.py
[2025-05-20 14:44:11,039] {logging_mixin.py:109} INFO - [2025-05-20 14:44:11,039] {dag.py:2398} INFO - Sync 1 DAGs
[2025-05-20 14:44:11,050] {logging_mixin.py:109} INFO - [2025-05-20 14:44:11,050] {dag.py:2937} INFO - Setting next_dagrun for ETLWeatherPostgres to None
[2025-05-20 14:44:11,058] {processor.py:171} INFO - Processing /opt/airflow/dags/02-ETLWeatherPostgres.py took 0.605 seconds
[2025-05-20 14:44:41,941] {processor.py:163} INFO - Started process (PID=10303) to work on /opt/airflow/dags/02-ETLWeatherPostgres.py
[2025-05-20 14:44:41,956] {processor.py:642} INFO - Processing file /opt/airflow/dags/02-ETLWeatherPostgres.py for tasks to queue
[2025-05-20 14:44:41,961] {logging_mixin.py:109} INFO - [2025-05-20 14:44:41,961] {dagbag.py:500} INFO - Filling up the DagBag from /opt/airflow/dags/02-ETLWeatherPostgres.py
[2025-05-20 14:44:42,365] {processor.py:654} INFO - DAG(s) dict_keys(['ETLWeatherPostgres']) retrieved from /opt/airflow/dags/02-ETLWeatherPostgres.py
[2025-05-20 14:44:42,558] {logging_mixin.py:109} INFO - [2025-05-20 14:44:42,558] {dag.py:2398} INFO - Sync 1 DAGs
[2025-05-20 14:44:42,640] {logging_mixin.py:109} INFO - [2025-05-20 14:44:42,640] {dag.py:2937} INFO - Setting next_dagrun for ETLWeatherPostgres to None
[2025-05-20 14:44:42,651] {processor.py:171} INFO - Processing /opt/airflow/dags/02-ETLWeatherPostgres.py took 0.713 seconds
[2025-05-20 14:45:13,080] {processor.py:163} INFO - Started process (PID=10435) to work on /opt/airflow/dags/02-ETLWeatherPostgres.py
[2025-05-20 14:45:13,081] {processor.py:642} INFO - Processing file /opt/airflow/dags/02-ETLWeatherPostgres.py for tasks to queue
[2025-05-20 14:45:13,081] {logging_mixin.py:109} INFO - [2025-05-20 14:45:13,081] {dagbag.py:500} INFO - Filling up the DagBag from /opt/airflow/dags/02-ETLWeatherPostgres.py
[2025-05-20 14:45:13,465] {processor.py:654} INFO - DAG(s) dict_keys(['ETLWeatherPostgres']) retrieved from /opt/airflow/dags/02-ETLWeatherPostgres.py
[2025-05-20 14:45:13,602] {logging_mixin.py:109} INFO - [2025-05-20 14:45:13,602] {dag.py:2398} INFO - Sync 1 DAGs
[2025-05-20 14:45:13,612] {logging_mixin.py:109} INFO - [2025-05-20 14:45:13,612] {dag.py:2937} INFO - Setting next_dagrun for ETLWeatherPostgres to None
[2025-05-20 14:45:13,621] {processor.py:171} INFO - Processing /opt/airflow/dags/02-ETLWeatherPostgres.py took 0.544 seconds
[2025-05-20 14:45:44,124] {processor.py:163} INFO - Started process (PID=10503) to work on /opt/airflow/dags/02-ETLWeatherPostgres.py
[2025-05-20 14:45:44,126] {processor.py:642} INFO - Processing file /opt/airflow/dags/02-ETLWeatherPostgres.py for tasks to queue
[2025-05-20 14:45:44,126] {logging_mixin.py:109} INFO - [2025-05-20 14:45:44,126] {dagbag.py:500} INFO - Filling up the DagBag from /opt/airflow/dags/02-ETLWeatherPostgres.py
[2025-05-20 14:45:44,693] {processor.py:654} INFO - DAG(s) dict_keys(['ETLWeatherPostgres']) retrieved from /opt/airflow/dags/02-ETLWeatherPostgres.py
[2025-05-20 14:45:44,860] {logging_mixin.py:109} INFO - [2025-05-20 14:45:44,860] {dag.py:2398} INFO - Sync 1 DAGs
[2025-05-20 14:45:44,873] {logging_mixin.py:109} INFO - [2025-05-20 14:45:44,872] {dag.py:2937} INFO - Setting next_dagrun for ETLWeatherPostgres to None
[2025-05-20 14:45:44,884] {processor.py:171} INFO - Processing /opt/airflow/dags/02-ETLWeatherPostgres.py took 0.763 seconds
[2025-05-20 14:46:16,562] {processor.py:163} INFO - Started process (PID=10646) to work on /opt/airflow/dags/02-ETLWeatherPostgres.py
[2025-05-20 14:46:16,564] {processor.py:642} INFO - Processing file /opt/airflow/dags/02-ETLWeatherPostgres.py for tasks to queue
[2025-05-20 14:46:16,564] {logging_mixin.py:109} INFO - [2025-05-20 14:46:16,564] {dagbag.py:500} INFO - Filling up the DagBag from /opt/airflow/dags/02-ETLWeatherPostgres.py
[2025-05-20 14:46:17,186] {processor.py:654} INFO - DAG(s) dict_keys(['ETLWeatherPostgres']) retrieved from /opt/airflow/dags/02-ETLWeatherPostgres.py
[2025-05-20 14:46:17,390] {logging_mixin.py:109} INFO - [2025-05-20 14:46:17,390] {dag.py:2398} INFO - Sync 1 DAGs
[2025-05-20 14:46:17,402] {logging_mixin.py:109} INFO - [2025-05-20 14:46:17,402] {dag.py:2937} INFO - Setting next_dagrun for ETLWeatherPostgres to None
[2025-05-20 14:46:17,411] {processor.py:171} INFO - Processing /opt/airflow/dags/02-ETLWeatherPostgres.py took 0.851 seconds
[2025-05-20 14:46:48,452] {processor.py:163} INFO - Started process (PID=10778) to work on /opt/airflow/dags/02-ETLWeatherPostgres.py
[2025-05-20 14:46:48,454] {processor.py:642} INFO - Processing file /opt/airflow/dags/02-ETLWeatherPostgres.py for tasks to queue
[2025-05-20 14:46:48,455] {logging_mixin.py:109} INFO - [2025-05-20 14:46:48,455] {dagbag.py:500} INFO - Filling up the DagBag from /opt/airflow/dags/02-ETLWeatherPostgres.py
[2025-05-20 14:46:48,928] {processor.py:654} INFO - DAG(s) dict_keys(['ETLWeatherPostgres']) retrieved from /opt/airflow/dags/02-ETLWeatherPostgres.py
[2025-05-20 14:46:48,939] {logging_mixin.py:109} INFO - [2025-05-20 14:46:48,939] {dag.py:2398} INFO - Sync 1 DAGs
[2025-05-20 14:46:48,953] {logging_mixin.py:109} INFO - [2025-05-20 14:46:48,953] {dag.py:2937} INFO - Setting next_dagrun for ETLWeatherPostgres to None
[2025-05-20 14:46:48,962] {processor.py:171} INFO - Processing /opt/airflow/dags/02-ETLWeatherPostgres.py took 0.513 seconds
[2025-05-20 14:47:21,409] {processor.py:163} INFO - Started process (PID=10912) to work on /opt/airflow/dags/02-ETLWeatherPostgres.py
[2025-05-20 14:47:21,410] {processor.py:642} INFO - Processing file /opt/airflow/dags/02-ETLWeatherPostgres.py for tasks to queue
[2025-05-20 14:47:21,411] {logging_mixin.py:109} INFO - [2025-05-20 14:47:21,411] {dagbag.py:500} INFO - Filling up the DagBag from /opt/airflow/dags/02-ETLWeatherPostgres.py
[2025-05-20 14:47:21,924] {processor.py:654} INFO - DAG(s) dict_keys(['ETLWeatherPostgres']) retrieved from /opt/airflow/dags/02-ETLWeatherPostgres.py
[2025-05-20 14:47:22,103] {logging_mixin.py:109} INFO - [2025-05-20 14:47:22,103] {dag.py:2398} INFO - Sync 1 DAGs
[2025-05-20 14:47:22,116] {logging_mixin.py:109} INFO - [2025-05-20 14:47:22,116] {dag.py:2937} INFO - Setting next_dagrun for ETLWeatherPostgres to None
[2025-05-20 14:47:22,127] {processor.py:171} INFO - Processing /opt/airflow/dags/02-ETLWeatherPostgres.py took 0.721 seconds
[2025-05-20 14:47:53,681] {processor.py:163} INFO - Started process (PID=11054) to work on /opt/airflow/dags/02-ETLWeatherPostgres.py
[2025-05-20 14:47:53,682] {processor.py:642} INFO - Processing file /opt/airflow/dags/02-ETLWeatherPostgres.py for tasks to queue
[2025-05-20 14:47:53,683] {logging_mixin.py:109} INFO - [2025-05-20 14:47:53,683] {dagbag.py:500} INFO - Filling up the DagBag from /opt/airflow/dags/02-ETLWeatherPostgres.py
[2025-05-20 14:47:54,154] {processor.py:654} INFO - DAG(s) dict_keys(['ETLWeatherPostgres']) retrieved from /opt/airflow/dags/02-ETLWeatherPostgres.py
[2025-05-20 14:47:54,161] {logging_mixin.py:109} INFO - [2025-05-20 14:47:54,161] {dag.py:2398} INFO - Sync 1 DAGs
[2025-05-20 14:47:54,172] {logging_mixin.py:109} INFO - [2025-05-20 14:47:54,172] {dag.py:2937} INFO - Setting next_dagrun for ETLWeatherPostgres to None
[2025-05-20 14:47:54,180] {processor.py:171} INFO - Processing /opt/airflow/dags/02-ETLWeatherPostgres.py took 0.501 seconds
[2025-05-20 14:48:26,421] {processor.py:163} INFO - Started process (PID=11186) to work on /opt/airflow/dags/02-ETLWeatherPostgres.py
[2025-05-20 14:48:26,422] {processor.py:642} INFO - Processing file /opt/airflow/dags/02-ETLWeatherPostgres.py for tasks to queue
[2025-05-20 14:48:26,423] {logging_mixin.py:109} INFO - [2025-05-20 14:48:26,423] {dagbag.py:500} INFO - Filling up the DagBag from /opt/airflow/dags/02-ETLWeatherPostgres.py
[2025-05-20 14:48:26,903] {processor.py:654} INFO - DAG(s) dict_keys(['ETLWeatherPostgres']) retrieved from /opt/airflow/dags/02-ETLWeatherPostgres.py
[2025-05-20 14:48:26,911] {logging_mixin.py:109} INFO - [2025-05-20 14:48:26,911] {dag.py:2398} INFO - Sync 1 DAGs
[2025-05-20 14:48:26,922] {logging_mixin.py:109} INFO - [2025-05-20 14:48:26,922] {dag.py:2937} INFO - Setting next_dagrun for ETLWeatherPostgres to None
[2025-05-20 14:48:26,932] {processor.py:171} INFO - Processing /opt/airflow/dags/02-ETLWeatherPostgres.py took 0.514 seconds
[2025-05-20 14:48:58,764] {processor.py:163} INFO - Started process (PID=11328) to work on /opt/airflow/dags/02-ETLWeatherPostgres.py
[2025-05-20 14:48:58,766] {processor.py:642} INFO - Processing file /opt/airflow/dags/02-ETLWeatherPostgres.py for tasks to queue
[2025-05-20 14:48:58,766] {logging_mixin.py:109} INFO - [2025-05-20 14:48:58,766] {dagbag.py:500} INFO - Filling up the DagBag from /opt/airflow/dags/02-ETLWeatherPostgres.py
[2025-05-20 14:48:59,205] {processor.py:654} INFO - DAG(s) dict_keys(['ETLWeatherPostgres']) retrieved from /opt/airflow/dags/02-ETLWeatherPostgres.py
[2025-05-20 14:48:59,212] {logging_mixin.py:109} INFO - [2025-05-20 14:48:59,212] {dag.py:2398} INFO - Sync 1 DAGs
[2025-05-20 14:48:59,223] {logging_mixin.py:109} INFO - [2025-05-20 14:48:59,223] {dag.py:2937} INFO - Setting next_dagrun for ETLWeatherPostgres to None
[2025-05-20 14:48:59,230] {processor.py:171} INFO - Processing /opt/airflow/dags/02-ETLWeatherPostgres.py took 0.468 seconds
[2025-05-20 14:49:32,129] {processor.py:163} INFO - Started process (PID=11460) to work on /opt/airflow/dags/02-ETLWeatherPostgres.py
[2025-05-20 14:49:32,134] {processor.py:642} INFO - Processing file /opt/airflow/dags/02-ETLWeatherPostgres.py for tasks to queue
[2025-05-20 14:49:32,135] {logging_mixin.py:109} INFO - [2025-05-20 14:49:32,135] {dagbag.py:500} INFO - Filling up the DagBag from /opt/airflow/dags/02-ETLWeatherPostgres.py
[2025-05-20 14:49:32,788] {processor.py:654} INFO - DAG(s) dict_keys(['ETLWeatherPostgres']) retrieved from /opt/airflow/dags/02-ETLWeatherPostgres.py
[2025-05-20 14:49:32,799] {logging_mixin.py:109} INFO - [2025-05-20 14:49:32,799] {dag.py:2398} INFO - Sync 1 DAGs
[2025-05-20 14:49:32,816] {logging_mixin.py:109} INFO - [2025-05-20 14:49:32,816] {dag.py:2937} INFO - Setting next_dagrun for ETLWeatherPostgres to None
[2025-05-20 14:49:32,831] {processor.py:171} INFO - Processing /opt/airflow/dags/02-ETLWeatherPostgres.py took 0.707 seconds
[2025-05-20 14:50:03,953] {processor.py:163} INFO - Started process (PID=11593) to work on /opt/airflow/dags/02-ETLWeatherPostgres.py
[2025-05-20 14:50:03,955] {processor.py:642} INFO - Processing file /opt/airflow/dags/02-ETLWeatherPostgres.py for tasks to queue
[2025-05-20 14:50:03,957] {logging_mixin.py:109} INFO - [2025-05-20 14:50:03,957] {dagbag.py:500} INFO - Filling up the DagBag from /opt/airflow/dags/02-ETLWeatherPostgres.py
[2025-05-20 14:50:04,480] {processor.py:654} INFO - DAG(s) dict_keys(['ETLWeatherPostgres']) retrieved from /opt/airflow/dags/02-ETLWeatherPostgres.py
[2025-05-20 14:50:04,487] {logging_mixin.py:109} INFO - [2025-05-20 14:50:04,487] {dag.py:2398} INFO - Sync 1 DAGs
[2025-05-20 14:50:04,499] {logging_mixin.py:109} INFO - [2025-05-20 14:50:04,499] {dag.py:2937} INFO - Setting next_dagrun for ETLWeatherPostgres to None
[2025-05-20 14:50:04,506] {processor.py:171} INFO - Processing /opt/airflow/dags/02-ETLWeatherPostgres.py took 0.583 seconds
[2025-05-20 14:50:36,508] {processor.py:163} INFO - Started process (PID=11735) to work on /opt/airflow/dags/02-ETLWeatherPostgres.py
[2025-05-20 14:50:36,509] {processor.py:642} INFO - Processing file /opt/airflow/dags/02-ETLWeatherPostgres.py for tasks to queue
[2025-05-20 14:50:36,510] {logging_mixin.py:109} INFO - [2025-05-20 14:50:36,510] {dagbag.py:500} INFO - Filling up the DagBag from /opt/airflow/dags/02-ETLWeatherPostgres.py
[2025-05-20 14:50:37,083] {processor.py:654} INFO - DAG(s) dict_keys(['ETLWeatherPostgres']) retrieved from /opt/airflow/dags/02-ETLWeatherPostgres.py
[2025-05-20 14:50:37,093] {logging_mixin.py:109} INFO - [2025-05-20 14:50:37,093] {dag.py:2398} INFO - Sync 1 DAGs
[2025-05-20 14:50:37,109] {logging_mixin.py:109} INFO - [2025-05-20 14:50:37,108] {dag.py:2937} INFO - Setting next_dagrun for ETLWeatherPostgres to None
[2025-05-20 14:50:37,119] {processor.py:171} INFO - Processing /opt/airflow/dags/02-ETLWeatherPostgres.py took 0.615 seconds
[2025-05-20 14:51:09,516] {processor.py:163} INFO - Started process (PID=11867) to work on /opt/airflow/dags/02-ETLWeatherPostgres.py
[2025-05-20 14:51:09,517] {processor.py:642} INFO - Processing file /opt/airflow/dags/02-ETLWeatherPostgres.py for tasks to queue
[2025-05-20 14:51:09,517] {logging_mixin.py:109} INFO - [2025-05-20 14:51:09,517] {dagbag.py:500} INFO - Filling up the DagBag from /opt/airflow/dags/02-ETLWeatherPostgres.py
[2025-05-20 14:51:09,954] {processor.py:654} INFO - DAG(s) dict_keys(['ETLWeatherPostgres']) retrieved from /opt/airflow/dags/02-ETLWeatherPostgres.py
[2025-05-20 14:51:09,961] {logging_mixin.py:109} INFO - [2025-05-20 14:51:09,961] {dag.py:2398} INFO - Sync 1 DAGs
[2025-05-20 14:51:09,972] {logging_mixin.py:109} INFO - [2025-05-20 14:51:09,972] {dag.py:2937} INFO - Setting next_dagrun for ETLWeatherPostgres to None
[2025-05-20 14:51:09,980] {processor.py:171} INFO - Processing /opt/airflow/dags/02-ETLWeatherPostgres.py took 0.467 seconds
[2025-05-20 14:51:42,276] {processor.py:163} INFO - Started process (PID=11999) to work on /opt/airflow/dags/02-ETLWeatherPostgres.py
[2025-05-20 14:51:42,277] {processor.py:642} INFO - Processing file /opt/airflow/dags/02-ETLWeatherPostgres.py for tasks to queue
[2025-05-20 14:51:42,278] {logging_mixin.py:109} INFO - [2025-05-20 14:51:42,278] {dagbag.py:500} INFO - Filling up the DagBag from /opt/airflow/dags/02-ETLWeatherPostgres.py
[2025-05-20 14:51:42,850] {processor.py:654} INFO - DAG(s) dict_keys(['ETLWeatherPostgres']) retrieved from /opt/airflow/dags/02-ETLWeatherPostgres.py
[2025-05-20 14:51:43,035] {logging_mixin.py:109} INFO - [2025-05-20 14:51:43,035] {dag.py:2398} INFO - Sync 1 DAGs
[2025-05-20 14:51:43,047] {logging_mixin.py:109} INFO - [2025-05-20 14:51:43,047] {dag.py:2937} INFO - Setting next_dagrun for ETLWeatherPostgres to None
[2025-05-20 14:51:43,055] {processor.py:171} INFO - Processing /opt/airflow/dags/02-ETLWeatherPostgres.py took 0.782 seconds
[2025-05-20 14:52:14,268] {processor.py:163} INFO - Started process (PID=12145) to work on /opt/airflow/dags/02-ETLWeatherPostgres.py
[2025-05-20 14:52:14,269] {processor.py:642} INFO - Processing file /opt/airflow/dags/02-ETLWeatherPostgres.py for tasks to queue
[2025-05-20 14:52:14,270] {logging_mixin.py:109} INFO - [2025-05-20 14:52:14,270] {dagbag.py:500} INFO - Filling up the DagBag from /opt/airflow/dags/02-ETLWeatherPostgres.py
[2025-05-20 14:52:14,755] {processor.py:654} INFO - DAG(s) dict_keys(['ETLWeatherPostgres']) retrieved from /opt/airflow/dags/02-ETLWeatherPostgres.py
[2025-05-20 14:52:14,765] {logging_mixin.py:109} INFO - [2025-05-20 14:52:14,764] {dag.py:2398} INFO - Sync 1 DAGs
[2025-05-20 14:52:14,779] {logging_mixin.py:109} INFO - [2025-05-20 14:52:14,779] {dag.py:2937} INFO - Setting next_dagrun for ETLWeatherPostgres to None
[2025-05-20 14:52:14,788] {processor.py:171} INFO - Processing /opt/airflow/dags/02-ETLWeatherPostgres.py took 0.522 seconds
[2025-05-20 14:52:47,812] {processor.py:163} INFO - Started process (PID=12308) to work on /opt/airflow/dags/02-ETLWeatherPostgres.py
[2025-05-20 14:52:47,813] {processor.py:642} INFO - Processing file /opt/airflow/dags/02-ETLWeatherPostgres.py for tasks to queue
[2025-05-20 14:52:47,814] {logging_mixin.py:109} INFO - [2025-05-20 14:52:47,813] {dagbag.py:500} INFO - Filling up the DagBag from /opt/airflow/dags/02-ETLWeatherPostgres.py
[2025-05-20 14:52:48,269] {processor.py:654} INFO - DAG(s) dict_keys(['ETLWeatherPostgres']) retrieved from /opt/airflow/dags/02-ETLWeatherPostgres.py
[2025-05-20 14:52:48,280] {logging_mixin.py:109} INFO - [2025-05-20 14:52:48,279] {dag.py:2398} INFO - Sync 1 DAGs
[2025-05-20 14:52:48,297] {logging_mixin.py:109} INFO - [2025-05-20 14:52:48,297] {dag.py:2937} INFO - Setting next_dagrun for ETLWeatherPostgres to None
[2025-05-20 14:52:48,307] {processor.py:171} INFO - Processing /opt/airflow/dags/02-ETLWeatherPostgres.py took 0.498 seconds
[2025-05-20 14:53:20,422] {processor.py:163} INFO - Started process (PID=12449) to work on /opt/airflow/dags/02-ETLWeatherPostgres.py
[2025-05-20 14:53:20,423] {processor.py:642} INFO - Processing file /opt/airflow/dags/02-ETLWeatherPostgres.py for tasks to queue
[2025-05-20 14:53:20,424] {logging_mixin.py:109} INFO - [2025-05-20 14:53:20,424] {dagbag.py:500} INFO - Filling up the DagBag from /opt/airflow/dags/02-ETLWeatherPostgres.py
[2025-05-20 14:53:20,918] {processor.py:654} INFO - DAG(s) dict_keys(['ETLWeatherPostgres']) retrieved from /opt/airflow/dags/02-ETLWeatherPostgres.py
[2025-05-20 14:53:20,961] {logging_mixin.py:109} INFO - [2025-05-20 14:53:20,960] {dag.py:2398} INFO - Sync 1 DAGs
[2025-05-20 14:53:20,972] {logging_mixin.py:109} INFO - [2025-05-20 14:53:20,972] {dag.py:2937} INFO - Setting next_dagrun for ETLWeatherPostgres to None
[2025-05-20 14:53:20,979] {processor.py:171} INFO - Processing /opt/airflow/dags/02-ETLWeatherPostgres.py took 0.560 seconds
[2025-05-20 14:53:52,342] {processor.py:163} INFO - Started process (PID=12582) to work on /opt/airflow/dags/02-ETLWeatherPostgres.py
[2025-05-20 14:53:52,343] {processor.py:642} INFO - Processing file /opt/airflow/dags/02-ETLWeatherPostgres.py for tasks to queue
[2025-05-20 14:53:52,343] {logging_mixin.py:109} INFO - [2025-05-20 14:53:52,343] {dagbag.py:500} INFO - Filling up the DagBag from /opt/airflow/dags/02-ETLWeatherPostgres.py
[2025-05-20 14:53:53,637] {processor.py:654} INFO - DAG(s) dict_keys(['ETLWeatherPostgres']) retrieved from /opt/airflow/dags/02-ETLWeatherPostgres.py
[2025-05-20 14:53:53,820] {logging_mixin.py:109} INFO - [2025-05-20 14:53:53,820] {dag.py:2398} INFO - Sync 1 DAGs
[2025-05-20 14:53:53,836] {logging_mixin.py:109} INFO - [2025-05-20 14:53:53,836] {dag.py:2937} INFO - Setting next_dagrun for ETLWeatherPostgres to None
[2025-05-20 14:53:53,852] {processor.py:171} INFO - Processing /opt/airflow/dags/02-ETLWeatherPostgres.py took 1.512 seconds
[2025-05-20 14:54:25,258] {processor.py:163} INFO - Started process (PID=12714) to work on /opt/airflow/dags/02-ETLWeatherPostgres.py
[2025-05-20 14:54:25,260] {processor.py:642} INFO - Processing file /opt/airflow/dags/02-ETLWeatherPostgres.py for tasks to queue
[2025-05-20 14:54:25,260] {logging_mixin.py:109} INFO - [2025-05-20 14:54:25,260] {dagbag.py:500} INFO - Filling up the DagBag from /opt/airflow/dags/02-ETLWeatherPostgres.py
[2025-05-20 14:54:25,650] {processor.py:654} INFO - DAG(s) dict_keys(['ETLWeatherPostgres']) retrieved from /opt/airflow/dags/02-ETLWeatherPostgres.py
[2025-05-20 14:54:25,796] {logging_mixin.py:109} INFO - [2025-05-20 14:54:25,796] {dag.py:2398} INFO - Sync 1 DAGs
[2025-05-20 14:54:25,807] {logging_mixin.py:109} INFO - [2025-05-20 14:54:25,807] {dag.py:2937} INFO - Setting next_dagrun for ETLWeatherPostgres to None
[2025-05-20 14:54:25,815] {processor.py:171} INFO - Processing /opt/airflow/dags/02-ETLWeatherPostgres.py took 0.559 seconds
[2025-05-20 14:54:57,910] {processor.py:163} INFO - Started process (PID=12856) to work on /opt/airflow/dags/02-ETLWeatherPostgres.py
[2025-05-20 14:54:57,912] {processor.py:642} INFO - Processing file /opt/airflow/dags/02-ETLWeatherPostgres.py for tasks to queue
[2025-05-20 14:54:57,912] {logging_mixin.py:109} INFO - [2025-05-20 14:54:57,912] {dagbag.py:500} INFO - Filling up the DagBag from /opt/airflow/dags/02-ETLWeatherPostgres.py
[2025-05-20 14:54:58,469] {processor.py:654} INFO - DAG(s) dict_keys(['ETLWeatherPostgres']) retrieved from /opt/airflow/dags/02-ETLWeatherPostgres.py
[2025-05-20 14:54:58,476] {logging_mixin.py:109} INFO - [2025-05-20 14:54:58,476] {dag.py:2398} INFO - Sync 1 DAGs
[2025-05-20 14:54:58,487] {logging_mixin.py:109} INFO - [2025-05-20 14:54:58,487] {dag.py:2937} INFO - Setting next_dagrun for ETLWeatherPostgres to None
[2025-05-20 14:54:58,495] {processor.py:171} INFO - Processing /opt/airflow/dags/02-ETLWeatherPostgres.py took 0.586 seconds
[2025-05-20 14:55:31,033] {processor.py:163} INFO - Started process (PID=12988) to work on /opt/airflow/dags/02-ETLWeatherPostgres.py
[2025-05-20 14:55:31,034] {processor.py:642} INFO - Processing file /opt/airflow/dags/02-ETLWeatherPostgres.py for tasks to queue
[2025-05-20 14:55:31,035] {logging_mixin.py:109} INFO - [2025-05-20 14:55:31,035] {dagbag.py:500} INFO - Filling up the DagBag from /opt/airflow/dags/02-ETLWeatherPostgres.py
[2025-05-20 14:55:31,712] {processor.py:654} INFO - DAG(s) dict_keys(['ETLWeatherPostgres']) retrieved from /opt/airflow/dags/02-ETLWeatherPostgres.py
[2025-05-20 14:55:31,854] {logging_mixin.py:109} INFO - [2025-05-20 14:55:31,854] {dag.py:2398} INFO - Sync 1 DAGs
[2025-05-20 14:55:31,865] {logging_mixin.py:109} INFO - [2025-05-20 14:55:31,865] {dag.py:2937} INFO - Setting next_dagrun for ETLWeatherPostgres to None
[2025-05-20 14:55:31,872] {processor.py:171} INFO - Processing /opt/airflow/dags/02-ETLWeatherPostgres.py took 0.842 seconds
[2025-05-20 14:56:03,573] {processor.py:163} INFO - Started process (PID=13120) to work on /opt/airflow/dags/02-ETLWeatherPostgres.py
[2025-05-20 14:56:03,587] {processor.py:642} INFO - Processing file /opt/airflow/dags/02-ETLWeatherPostgres.py for tasks to queue
[2025-05-20 14:56:03,588] {logging_mixin.py:109} INFO - [2025-05-20 14:56:03,588] {dagbag.py:500} INFO - Filling up the DagBag from /opt/airflow/dags/02-ETLWeatherPostgres.py
[2025-05-20 14:56:04,733] {processor.py:654} INFO - DAG(s) dict_keys(['ETLWeatherPostgres']) retrieved from /opt/airflow/dags/02-ETLWeatherPostgres.py
[2025-05-20 14:56:04,742] {logging_mixin.py:109} INFO - [2025-05-20 14:56:04,742] {dag.py:2398} INFO - Sync 1 DAGs
[2025-05-20 14:56:04,761] {logging_mixin.py:109} INFO - [2025-05-20 14:56:04,760] {dag.py:2937} INFO - Setting next_dagrun for ETLWeatherPostgres to None
[2025-05-20 14:56:04,814] {processor.py:171} INFO - Processing /opt/airflow/dags/02-ETLWeatherPostgres.py took 1.272 seconds
