[2025-05-20 13:00:16,729] {processor.py:163} INFO - Started process (PID=45) to work on /opt/airflow/dags/SimpleHTTPOperator.py
[2025-05-20 13:00:16,731] {processor.py:642} INFO - Processing file /opt/airflow/dags/SimpleHTTPOperator.py for tasks to queue
[2025-05-20 13:00:16,731] {logging_mixin.py:109} INFO - [2025-05-20 13:00:16,731] {dagbag.py:500} INFO - Filling up the DagBag from /opt/airflow/dags/SimpleHTTPOperator.py
[2025-05-20 13:00:18,120] {processor.py:654} INFO - DAG(s) dict_keys(['SimpleHTTPTest']) retrieved from /opt/airflow/dags/SimpleHTTPOperator.py
[2025-05-20 13:00:21,481] {logging_mixin.py:109} INFO - [2025-05-20 13:00:21,481] {manager.py:496} INFO - Created Permission View: can edit on DAG:SimpleHTTPTest
[2025-05-20 13:00:21,488] {logging_mixin.py:109} INFO - [2025-05-20 13:00:21,488] {manager.py:496} INFO - Created Permission View: can read on DAG:SimpleHTTPTest
[2025-05-20 13:00:21,490] {logging_mixin.py:109} INFO - [2025-05-20 13:00:21,488] {dag.py:2398} INFO - Sync 1 DAGs
[2025-05-20 13:00:21,501] {logging_mixin.py:109} INFO - [2025-05-20 13:00:21,500] {dag.py:2417} INFO - Creating ORM DAG for SimpleHTTPTest
[2025-05-20 13:00:21,506] {logging_mixin.py:109} INFO - [2025-05-20 13:00:21,506] {dag.py:2937} INFO - Setting next_dagrun for SimpleHTTPTest to None
[2025-05-20 13:00:21,518] {processor.py:171} INFO - Processing /opt/airflow/dags/SimpleHTTPOperator.py took 4.792 seconds
[2025-05-20 13:00:52,124] {processor.py:163} INFO - Started process (PID=182) to work on /opt/airflow/dags/SimpleHTTPOperator.py
[2025-05-20 13:00:52,125] {processor.py:642} INFO - Processing file /opt/airflow/dags/SimpleHTTPOperator.py for tasks to queue
[2025-05-20 13:00:52,125] {logging_mixin.py:109} INFO - [2025-05-20 13:00:52,125] {dagbag.py:500} INFO - Filling up the DagBag from /opt/airflow/dags/SimpleHTTPOperator.py
[2025-05-20 13:00:52,644] {processor.py:654} INFO - DAG(s) dict_keys(['SimpleHTTPTest']) retrieved from /opt/airflow/dags/SimpleHTTPOperator.py
[2025-05-20 13:00:52,811] {logging_mixin.py:109} INFO - [2025-05-20 13:00:52,811] {dag.py:2398} INFO - Sync 1 DAGs
[2025-05-20 13:00:52,824] {logging_mixin.py:109} INFO - [2025-05-20 13:00:52,823] {dag.py:2937} INFO - Setting next_dagrun for SimpleHTTPTest to None
[2025-05-20 13:00:52,832] {processor.py:171} INFO - Processing /opt/airflow/dags/SimpleHTTPOperator.py took 0.710 seconds
[2025-05-20 13:01:23,091] {processor.py:163} INFO - Started process (PID=324) to work on /opt/airflow/dags/SimpleHTTPOperator.py
[2025-05-20 13:01:23,091] {processor.py:642} INFO - Processing file /opt/airflow/dags/SimpleHTTPOperator.py for tasks to queue
[2025-05-20 13:01:23,092] {logging_mixin.py:109} INFO - [2025-05-20 13:01:23,092] {dagbag.py:500} INFO - Filling up the DagBag from /opt/airflow/dags/SimpleHTTPOperator.py
[2025-05-20 13:01:23,506] {processor.py:654} INFO - DAG(s) dict_keys(['SimpleHTTPTest']) retrieved from /opt/airflow/dags/SimpleHTTPOperator.py
[2025-05-20 13:01:23,515] {logging_mixin.py:109} INFO - [2025-05-20 13:01:23,515] {dag.py:2398} INFO - Sync 1 DAGs
[2025-05-20 13:01:23,529] {logging_mixin.py:109} INFO - [2025-05-20 13:01:23,529] {dag.py:2937} INFO - Setting next_dagrun for SimpleHTTPTest to None
[2025-05-20 13:01:23,538] {processor.py:171} INFO - Processing /opt/airflow/dags/SimpleHTTPOperator.py took 0.449 seconds
[2025-05-20 13:01:54,278] {processor.py:163} INFO - Started process (PID=456) to work on /opt/airflow/dags/SimpleHTTPOperator.py
[2025-05-20 13:01:54,279] {processor.py:642} INFO - Processing file /opt/airflow/dags/SimpleHTTPOperator.py for tasks to queue
[2025-05-20 13:01:54,279] {logging_mixin.py:109} INFO - [2025-05-20 13:01:54,279] {dagbag.py:500} INFO - Filling up the DagBag from /opt/airflow/dags/SimpleHTTPOperator.py
[2025-05-20 13:01:54,706] {processor.py:654} INFO - DAG(s) dict_keys(['SimpleHTTPTest']) retrieved from /opt/airflow/dags/SimpleHTTPOperator.py
[2025-05-20 13:01:54,715] {logging_mixin.py:109} INFO - [2025-05-20 13:01:54,715] {dag.py:2398} INFO - Sync 1 DAGs
[2025-05-20 13:01:54,729] {logging_mixin.py:109} INFO - [2025-05-20 13:01:54,729] {dag.py:2937} INFO - Setting next_dagrun for SimpleHTTPTest to None
[2025-05-20 13:01:54,736] {processor.py:171} INFO - Processing /opt/airflow/dags/SimpleHTTPOperator.py took 0.460 seconds
[2025-05-20 13:02:25,430] {processor.py:163} INFO - Started process (PID=588) to work on /opt/airflow/dags/SimpleHTTPOperator.py
[2025-05-20 13:02:25,431] {processor.py:642} INFO - Processing file /opt/airflow/dags/SimpleHTTPOperator.py for tasks to queue
[2025-05-20 13:02:25,431] {logging_mixin.py:109} INFO - [2025-05-20 13:02:25,431] {dagbag.py:500} INFO - Filling up the DagBag from /opt/airflow/dags/SimpleHTTPOperator.py
[2025-05-20 13:02:25,865] {processor.py:654} INFO - DAG(s) dict_keys(['SimpleHTTPTest']) retrieved from /opt/airflow/dags/SimpleHTTPOperator.py
[2025-05-20 13:02:25,875] {logging_mixin.py:109} INFO - [2025-05-20 13:02:25,875] {dag.py:2398} INFO - Sync 1 DAGs
[2025-05-20 13:02:25,888] {logging_mixin.py:109} INFO - [2025-05-20 13:02:25,888] {dag.py:2937} INFO - Setting next_dagrun for SimpleHTTPTest to None
[2025-05-20 13:02:25,894] {processor.py:171} INFO - Processing /opt/airflow/dags/SimpleHTTPOperator.py took 0.466 seconds
[2025-05-20 13:02:56,408] {processor.py:163} INFO - Started process (PID=730) to work on /opt/airflow/dags/SimpleHTTPOperator.py
[2025-05-20 13:02:56,409] {processor.py:642} INFO - Processing file /opt/airflow/dags/SimpleHTTPOperator.py for tasks to queue
[2025-05-20 13:02:56,409] {logging_mixin.py:109} INFO - [2025-05-20 13:02:56,409] {dagbag.py:500} INFO - Filling up the DagBag from /opt/airflow/dags/SimpleHTTPOperator.py
[2025-05-20 13:02:56,814] {processor.py:654} INFO - DAG(s) dict_keys(['SimpleHTTPTest']) retrieved from /opt/airflow/dags/SimpleHTTPOperator.py
[2025-05-20 13:02:56,821] {logging_mixin.py:109} INFO - [2025-05-20 13:02:56,821] {dag.py:2398} INFO - Sync 1 DAGs
[2025-05-20 13:02:56,832] {logging_mixin.py:109} INFO - [2025-05-20 13:02:56,832] {dag.py:2937} INFO - Setting next_dagrun for SimpleHTTPTest to None
[2025-05-20 13:02:56,839] {processor.py:171} INFO - Processing /opt/airflow/dags/SimpleHTTPOperator.py took 0.432 seconds
[2025-05-20 13:03:27,290] {processor.py:163} INFO - Started process (PID=862) to work on /opt/airflow/dags/SimpleHTTPOperator.py
[2025-05-20 13:03:27,291] {processor.py:642} INFO - Processing file /opt/airflow/dags/SimpleHTTPOperator.py for tasks to queue
[2025-05-20 13:03:27,291] {logging_mixin.py:109} INFO - [2025-05-20 13:03:27,291] {dagbag.py:500} INFO - Filling up the DagBag from /opt/airflow/dags/SimpleHTTPOperator.py
[2025-05-20 13:03:27,701] {processor.py:654} INFO - DAG(s) dict_keys(['SimpleHTTPTest']) retrieved from /opt/airflow/dags/SimpleHTTPOperator.py
[2025-05-20 13:03:27,708] {logging_mixin.py:109} INFO - [2025-05-20 13:03:27,708] {dag.py:2398} INFO - Sync 1 DAGs
[2025-05-20 13:03:27,718] {logging_mixin.py:109} INFO - [2025-05-20 13:03:27,718] {dag.py:2937} INFO - Setting next_dagrun for SimpleHTTPTest to None
[2025-05-20 13:03:27,723] {processor.py:171} INFO - Processing /opt/airflow/dags/SimpleHTTPOperator.py took 0.435 seconds
[2025-05-20 13:03:58,413] {processor.py:163} INFO - Started process (PID=994) to work on /opt/airflow/dags/SimpleHTTPOperator.py
[2025-05-20 13:03:58,415] {processor.py:642} INFO - Processing file /opt/airflow/dags/SimpleHTTPOperator.py for tasks to queue
[2025-05-20 13:03:58,416] {logging_mixin.py:109} INFO - [2025-05-20 13:03:58,416] {dagbag.py:500} INFO - Filling up the DagBag from /opt/airflow/dags/SimpleHTTPOperator.py
[2025-05-20 13:03:58,957] {processor.py:654} INFO - DAG(s) dict_keys(['SimpleHTTPTest']) retrieved from /opt/airflow/dags/SimpleHTTPOperator.py
[2025-05-20 13:03:59,092] {logging_mixin.py:109} INFO - [2025-05-20 13:03:59,092] {dag.py:2398} INFO - Sync 1 DAGs
[2025-05-20 13:03:59,101] {logging_mixin.py:109} INFO - [2025-05-20 13:03:59,101] {dag.py:2937} INFO - Setting next_dagrun for SimpleHTTPTest to None
[2025-05-20 13:03:59,109] {processor.py:171} INFO - Processing /opt/airflow/dags/SimpleHTTPOperator.py took 0.698 seconds
[2025-05-20 13:04:29,551] {processor.py:163} INFO - Started process (PID=1136) to work on /opt/airflow/dags/SimpleHTTPOperator.py
[2025-05-20 13:04:29,552] {processor.py:642} INFO - Processing file /opt/airflow/dags/SimpleHTTPOperator.py for tasks to queue
[2025-05-20 13:04:29,552] {logging_mixin.py:109} INFO - [2025-05-20 13:04:29,552] {dagbag.py:500} INFO - Filling up the DagBag from /opt/airflow/dags/SimpleHTTPOperator.py
[2025-05-20 13:04:29,920] {processor.py:654} INFO - DAG(s) dict_keys(['SimpleHTTPTest']) retrieved from /opt/airflow/dags/SimpleHTTPOperator.py
[2025-05-20 13:04:29,927] {logging_mixin.py:109} INFO - [2025-05-20 13:04:29,927] {dag.py:2398} INFO - Sync 1 DAGs
[2025-05-20 13:04:29,945] {logging_mixin.py:109} INFO - [2025-05-20 13:04:29,945] {dag.py:2937} INFO - Setting next_dagrun for SimpleHTTPTest to None
[2025-05-20 13:04:29,956] {processor.py:171} INFO - Processing /opt/airflow/dags/SimpleHTTPOperator.py took 0.407 seconds
[2025-05-20 13:05:00,669] {processor.py:163} INFO - Started process (PID=1268) to work on /opt/airflow/dags/SimpleHTTPOperator.py
[2025-05-20 13:05:00,670] {processor.py:642} INFO - Processing file /opt/airflow/dags/SimpleHTTPOperator.py for tasks to queue
[2025-05-20 13:05:00,671] {logging_mixin.py:109} INFO - [2025-05-20 13:05:00,670] {dagbag.py:500} INFO - Filling up the DagBag from /opt/airflow/dags/SimpleHTTPOperator.py
[2025-05-20 13:05:01,086] {processor.py:654} INFO - DAG(s) dict_keys(['SimpleHTTPTest']) retrieved from /opt/airflow/dags/SimpleHTTPOperator.py
[2025-05-20 13:05:01,213] {logging_mixin.py:109} INFO - [2025-05-20 13:05:01,213] {dag.py:2398} INFO - Sync 1 DAGs
[2025-05-20 13:05:01,223] {logging_mixin.py:109} INFO - [2025-05-20 13:05:01,223] {dag.py:2937} INFO - Setting next_dagrun for SimpleHTTPTest to None
[2025-05-20 13:05:01,229] {processor.py:171} INFO - Processing /opt/airflow/dags/SimpleHTTPOperator.py took 0.562 seconds
[2025-05-20 13:05:31,832] {processor.py:163} INFO - Started process (PID=1410) to work on /opt/airflow/dags/SimpleHTTPOperator.py
[2025-05-20 13:05:31,832] {processor.py:642} INFO - Processing file /opt/airflow/dags/SimpleHTTPOperator.py for tasks to queue
[2025-05-20 13:05:31,833] {logging_mixin.py:109} INFO - [2025-05-20 13:05:31,833] {dagbag.py:500} INFO - Filling up the DagBag from /opt/airflow/dags/SimpleHTTPOperator.py
[2025-05-20 13:05:32,371] {processor.py:654} INFO - DAG(s) dict_keys(['SimpleHTTPTest']) retrieved from /opt/airflow/dags/SimpleHTTPOperator.py
[2025-05-20 13:05:32,550] {logging_mixin.py:109} INFO - [2025-05-20 13:05:32,550] {dag.py:2398} INFO - Sync 1 DAGs
[2025-05-20 13:05:32,563] {logging_mixin.py:109} INFO - [2025-05-20 13:05:32,562] {dag.py:2937} INFO - Setting next_dagrun for SimpleHTTPTest to None
[2025-05-20 13:05:32,571] {processor.py:171} INFO - Processing /opt/airflow/dags/SimpleHTTPOperator.py took 0.742 seconds
[2025-05-20 13:06:02,730] {processor.py:163} INFO - Started process (PID=1557) to work on /opt/airflow/dags/SimpleHTTPOperator.py
[2025-05-20 13:06:02,731] {processor.py:642} INFO - Processing file /opt/airflow/dags/SimpleHTTPOperator.py for tasks to queue
[2025-05-20 13:06:02,731] {logging_mixin.py:109} INFO - [2025-05-20 13:06:02,731] {dagbag.py:500} INFO - Filling up the DagBag from /opt/airflow/dags/SimpleHTTPOperator.py
[2025-05-20 13:06:03,133] {processor.py:654} INFO - DAG(s) dict_keys(['SimpleHTTPTest']) retrieved from /opt/airflow/dags/SimpleHTTPOperator.py
[2025-05-20 13:06:03,140] {logging_mixin.py:109} INFO - [2025-05-20 13:06:03,140] {dag.py:2398} INFO - Sync 1 DAGs
[2025-05-20 13:06:03,151] {logging_mixin.py:109} INFO - [2025-05-20 13:06:03,151] {dag.py:2937} INFO - Setting next_dagrun for SimpleHTTPTest to None
[2025-05-20 13:06:03,157] {processor.py:171} INFO - Processing /opt/airflow/dags/SimpleHTTPOperator.py took 0.430 seconds
[2025-05-20 13:06:33,514] {processor.py:163} INFO - Started process (PID=1674) to work on /opt/airflow/dags/SimpleHTTPOperator.py
[2025-05-20 13:06:33,515] {processor.py:642} INFO - Processing file /opt/airflow/dags/SimpleHTTPOperator.py for tasks to queue
[2025-05-20 13:06:33,515] {logging_mixin.py:109} INFO - [2025-05-20 13:06:33,515] {dagbag.py:500} INFO - Filling up the DagBag from /opt/airflow/dags/SimpleHTTPOperator.py
[2025-05-20 13:06:33,947] {processor.py:654} INFO - DAG(s) dict_keys(['SimpleHTTPTest']) retrieved from /opt/airflow/dags/SimpleHTTPOperator.py
[2025-05-20 13:06:33,954] {logging_mixin.py:109} INFO - [2025-05-20 13:06:33,954] {dag.py:2398} INFO - Sync 1 DAGs
[2025-05-20 13:06:33,964] {logging_mixin.py:109} INFO - [2025-05-20 13:06:33,964] {dag.py:2937} INFO - Setting next_dagrun for SimpleHTTPTest to None
[2025-05-20 13:06:33,970] {processor.py:171} INFO - Processing /opt/airflow/dags/SimpleHTTPOperator.py took 0.458 seconds
[2025-05-20 13:07:04,455] {processor.py:163} INFO - Started process (PID=1816) to work on /opt/airflow/dags/SimpleHTTPOperator.py
[2025-05-20 13:07:04,457] {processor.py:642} INFO - Processing file /opt/airflow/dags/SimpleHTTPOperator.py for tasks to queue
[2025-05-20 13:07:04,457] {logging_mixin.py:109} INFO - [2025-05-20 13:07:04,457] {dagbag.py:500} INFO - Filling up the DagBag from /opt/airflow/dags/SimpleHTTPOperator.py
[2025-05-20 13:07:04,882] {processor.py:654} INFO - DAG(s) dict_keys(['SimpleHTTPTest']) retrieved from /opt/airflow/dags/SimpleHTTPOperator.py
[2025-05-20 13:07:04,889] {logging_mixin.py:109} INFO - [2025-05-20 13:07:04,889] {dag.py:2398} INFO - Sync 1 DAGs
[2025-05-20 13:07:04,900] {logging_mixin.py:109} INFO - [2025-05-20 13:07:04,900] {dag.py:2937} INFO - Setting next_dagrun for SimpleHTTPTest to None
[2025-05-20 13:07:04,907] {processor.py:171} INFO - Processing /opt/airflow/dags/SimpleHTTPOperator.py took 0.454 seconds
[2025-05-20 13:07:36,111] {processor.py:163} INFO - Started process (PID=1948) to work on /opt/airflow/dags/SimpleHTTPOperator.py
[2025-05-20 13:07:36,111] {processor.py:642} INFO - Processing file /opt/airflow/dags/SimpleHTTPOperator.py for tasks to queue
[2025-05-20 13:07:36,112] {logging_mixin.py:109} INFO - [2025-05-20 13:07:36,112] {dagbag.py:500} INFO - Filling up the DagBag from /opt/airflow/dags/SimpleHTTPOperator.py
[2025-05-20 13:07:36,520] {processor.py:654} INFO - DAG(s) dict_keys(['SimpleHTTPTest']) retrieved from /opt/airflow/dags/SimpleHTTPOperator.py
[2025-05-20 13:07:36,528] {logging_mixin.py:109} INFO - [2025-05-20 13:07:36,528] {dag.py:2398} INFO - Sync 1 DAGs
[2025-05-20 13:07:36,539] {logging_mixin.py:109} INFO - [2025-05-20 13:07:36,539] {dag.py:2937} INFO - Setting next_dagrun for SimpleHTTPTest to None
[2025-05-20 13:07:36,546] {processor.py:171} INFO - Processing /opt/airflow/dags/SimpleHTTPOperator.py took 0.437 seconds
[2025-05-20 13:08:08,993] {processor.py:163} INFO - Started process (PID=2090) to work on /opt/airflow/dags/SimpleHTTPOperator.py
[2025-05-20 13:08:08,993] {processor.py:642} INFO - Processing file /opt/airflow/dags/SimpleHTTPOperator.py for tasks to queue
[2025-05-20 13:08:08,994] {logging_mixin.py:109} INFO - [2025-05-20 13:08:08,994] {dagbag.py:500} INFO - Filling up the DagBag from /opt/airflow/dags/SimpleHTTPOperator.py
[2025-05-20 13:08:09,424] {processor.py:654} INFO - DAG(s) dict_keys(['SimpleHTTPTest']) retrieved from /opt/airflow/dags/SimpleHTTPOperator.py
[2025-05-20 13:08:09,430] {logging_mixin.py:109} INFO - [2025-05-20 13:08:09,430] {dag.py:2398} INFO - Sync 1 DAGs
[2025-05-20 13:08:09,441] {logging_mixin.py:109} INFO - [2025-05-20 13:08:09,441] {dag.py:2937} INFO - Setting next_dagrun for SimpleHTTPTest to None
[2025-05-20 13:08:09,447] {processor.py:171} INFO - Processing /opt/airflow/dags/SimpleHTTPOperator.py took 0.456 seconds
[2025-05-20 13:08:41,142] {processor.py:163} INFO - Started process (PID=2222) to work on /opt/airflow/dags/SimpleHTTPOperator.py
[2025-05-20 13:08:41,143] {processor.py:642} INFO - Processing file /opt/airflow/dags/SimpleHTTPOperator.py for tasks to queue
[2025-05-20 13:08:41,143] {logging_mixin.py:109} INFO - [2025-05-20 13:08:41,143] {dagbag.py:500} INFO - Filling up the DagBag from /opt/airflow/dags/SimpleHTTPOperator.py
[2025-05-20 13:08:41,539] {processor.py:654} INFO - DAG(s) dict_keys(['SimpleHTTPTest']) retrieved from /opt/airflow/dags/SimpleHTTPOperator.py
[2025-05-20 13:08:41,546] {logging_mixin.py:109} INFO - [2025-05-20 13:08:41,546] {dag.py:2398} INFO - Sync 1 DAGs
[2025-05-20 13:08:41,555] {logging_mixin.py:109} INFO - [2025-05-20 13:08:41,555] {dag.py:2937} INFO - Setting next_dagrun for SimpleHTTPTest to None
[2025-05-20 13:08:41,561] {processor.py:171} INFO - Processing /opt/airflow/dags/SimpleHTTPOperator.py took 0.421 seconds
[2025-05-20 13:09:13,343] {processor.py:163} INFO - Started process (PID=2363) to work on /opt/airflow/dags/SimpleHTTPOperator.py
[2025-05-20 13:09:13,344] {processor.py:642} INFO - Processing file /opt/airflow/dags/SimpleHTTPOperator.py for tasks to queue
[2025-05-20 13:09:13,345] {logging_mixin.py:109} INFO - [2025-05-20 13:09:13,345] {dagbag.py:500} INFO - Filling up the DagBag from /opt/airflow/dags/SimpleHTTPOperator.py
[2025-05-20 13:09:13,758] {processor.py:654} INFO - DAG(s) dict_keys(['SimpleHTTPTest']) retrieved from /opt/airflow/dags/SimpleHTTPOperator.py
[2025-05-20 13:09:13,766] {logging_mixin.py:109} INFO - [2025-05-20 13:09:13,765] {dag.py:2398} INFO - Sync 1 DAGs
[2025-05-20 13:09:13,776] {logging_mixin.py:109} INFO - [2025-05-20 13:09:13,776] {dag.py:2937} INFO - Setting next_dagrun for SimpleHTTPTest to None
[2025-05-20 13:09:13,783] {processor.py:171} INFO - Processing /opt/airflow/dags/SimpleHTTPOperator.py took 0.442 seconds
[2025-05-20 13:09:45,664] {processor.py:163} INFO - Started process (PID=2496) to work on /opt/airflow/dags/SimpleHTTPOperator.py
[2025-05-20 13:09:45,665] {processor.py:642} INFO - Processing file /opt/airflow/dags/SimpleHTTPOperator.py for tasks to queue
[2025-05-20 13:09:45,666] {logging_mixin.py:109} INFO - [2025-05-20 13:09:45,666] {dagbag.py:500} INFO - Filling up the DagBag from /opt/airflow/dags/SimpleHTTPOperator.py
[2025-05-20 13:09:46,064] {processor.py:654} INFO - DAG(s) dict_keys(['SimpleHTTPTest']) retrieved from /opt/airflow/dags/SimpleHTTPOperator.py
[2025-05-20 13:09:46,070] {logging_mixin.py:109} INFO - [2025-05-20 13:09:46,070] {dag.py:2398} INFO - Sync 1 DAGs
[2025-05-20 13:09:46,081] {logging_mixin.py:109} INFO - [2025-05-20 13:09:46,081] {dag.py:2937} INFO - Setting next_dagrun for SimpleHTTPTest to None
[2025-05-20 13:09:46,088] {processor.py:171} INFO - Processing /opt/airflow/dags/SimpleHTTPOperator.py took 0.425 seconds
[2025-05-20 13:10:18,543] {processor.py:163} INFO - Started process (PID=2638) to work on /opt/airflow/dags/SimpleHTTPOperator.py
[2025-05-20 13:10:18,544] {processor.py:642} INFO - Processing file /opt/airflow/dags/SimpleHTTPOperator.py for tasks to queue
[2025-05-20 13:10:18,545] {logging_mixin.py:109} INFO - [2025-05-20 13:10:18,545] {dagbag.py:500} INFO - Filling up the DagBag from /opt/airflow/dags/SimpleHTTPOperator.py
[2025-05-20 13:10:18,950] {processor.py:654} INFO - DAG(s) dict_keys(['SimpleHTTPTest']) retrieved from /opt/airflow/dags/SimpleHTTPOperator.py
[2025-05-20 13:10:18,957] {logging_mixin.py:109} INFO - [2025-05-20 13:10:18,957] {dag.py:2398} INFO - Sync 1 DAGs
[2025-05-20 13:10:18,969] {logging_mixin.py:109} INFO - [2025-05-20 13:10:18,969] {dag.py:2937} INFO - Setting next_dagrun for SimpleHTTPTest to None
[2025-05-20 13:10:18,974] {processor.py:171} INFO - Processing /opt/airflow/dags/SimpleHTTPOperator.py took 0.433 seconds
[2025-05-20 13:10:50,136] {processor.py:163} INFO - Started process (PID=2770) to work on /opt/airflow/dags/SimpleHTTPOperator.py
[2025-05-20 13:10:50,138] {processor.py:642} INFO - Processing file /opt/airflow/dags/SimpleHTTPOperator.py for tasks to queue
[2025-05-20 13:10:50,138] {logging_mixin.py:109} INFO - [2025-05-20 13:10:50,138] {dagbag.py:500} INFO - Filling up the DagBag from /opt/airflow/dags/SimpleHTTPOperator.py
[2025-05-20 13:10:50,594] {processor.py:654} INFO - DAG(s) dict_keys(['SimpleHTTPTest']) retrieved from /opt/airflow/dags/SimpleHTTPOperator.py
[2025-05-20 13:10:50,602] {logging_mixin.py:109} INFO - [2025-05-20 13:10:50,602] {dag.py:2398} INFO - Sync 1 DAGs
[2025-05-20 13:10:50,614] {logging_mixin.py:109} INFO - [2025-05-20 13:10:50,614] {dag.py:2937} INFO - Setting next_dagrun for SimpleHTTPTest to None
[2025-05-20 13:10:50,621] {processor.py:171} INFO - Processing /opt/airflow/dags/SimpleHTTPOperator.py took 0.486 seconds
[2025-05-20 13:11:22,439] {processor.py:163} INFO - Started process (PID=2902) to work on /opt/airflow/dags/SimpleHTTPOperator.py
[2025-05-20 13:11:22,439] {processor.py:642} INFO - Processing file /opt/airflow/dags/SimpleHTTPOperator.py for tasks to queue
[2025-05-20 13:11:22,440] {logging_mixin.py:109} INFO - [2025-05-20 13:11:22,440] {dagbag.py:500} INFO - Filling up the DagBag from /opt/airflow/dags/SimpleHTTPOperator.py
[2025-05-20 13:11:22,867] {processor.py:654} INFO - DAG(s) dict_keys(['SimpleHTTPTest']) retrieved from /opt/airflow/dags/SimpleHTTPOperator.py
[2025-05-20 13:11:22,876] {logging_mixin.py:109} INFO - [2025-05-20 13:11:22,875] {dag.py:2398} INFO - Sync 1 DAGs
[2025-05-20 13:11:22,887] {logging_mixin.py:109} INFO - [2025-05-20 13:11:22,887] {dag.py:2937} INFO - Setting next_dagrun for SimpleHTTPTest to None
[2025-05-20 13:11:22,893] {processor.py:171} INFO - Processing /opt/airflow/dags/SimpleHTTPOperator.py took 0.456 seconds
[2025-05-20 13:11:54,839] {processor.py:163} INFO - Started process (PID=3044) to work on /opt/airflow/dags/SimpleHTTPOperator.py
[2025-05-20 13:11:54,840] {processor.py:642} INFO - Processing file /opt/airflow/dags/SimpleHTTPOperator.py for tasks to queue
[2025-05-20 13:11:54,841] {logging_mixin.py:109} INFO - [2025-05-20 13:11:54,841] {dagbag.py:500} INFO - Filling up the DagBag from /opt/airflow/dags/SimpleHTTPOperator.py
[2025-05-20 13:11:55,270] {processor.py:654} INFO - DAG(s) dict_keys(['SimpleHTTPTest']) retrieved from /opt/airflow/dags/SimpleHTTPOperator.py
[2025-05-20 13:11:55,278] {logging_mixin.py:109} INFO - [2025-05-20 13:11:55,278] {dag.py:2398} INFO - Sync 1 DAGs
[2025-05-20 13:11:55,294] {logging_mixin.py:109} INFO - [2025-05-20 13:11:55,294] {dag.py:2937} INFO - Setting next_dagrun for SimpleHTTPTest to None
[2025-05-20 13:11:55,302] {processor.py:171} INFO - Processing /opt/airflow/dags/SimpleHTTPOperator.py took 0.465 seconds
[2025-05-20 13:12:27,228] {processor.py:163} INFO - Started process (PID=3176) to work on /opt/airflow/dags/SimpleHTTPOperator.py
[2025-05-20 13:12:27,229] {processor.py:642} INFO - Processing file /opt/airflow/dags/SimpleHTTPOperator.py for tasks to queue
[2025-05-20 13:12:27,230] {logging_mixin.py:109} INFO - [2025-05-20 13:12:27,229] {dagbag.py:500} INFO - Filling up the DagBag from /opt/airflow/dags/SimpleHTTPOperator.py
[2025-05-20 13:12:27,641] {processor.py:654} INFO - DAG(s) dict_keys(['SimpleHTTPTest']) retrieved from /opt/airflow/dags/SimpleHTTPOperator.py
[2025-05-20 13:12:27,649] {logging_mixin.py:109} INFO - [2025-05-20 13:12:27,649] {dag.py:2398} INFO - Sync 1 DAGs
[2025-05-20 13:12:27,662] {logging_mixin.py:109} INFO - [2025-05-20 13:12:27,662] {dag.py:2937} INFO - Setting next_dagrun for SimpleHTTPTest to None
[2025-05-20 13:12:27,669] {processor.py:171} INFO - Processing /opt/airflow/dags/SimpleHTTPOperator.py took 0.442 seconds
[2025-05-20 13:13:00,214] {processor.py:163} INFO - Started process (PID=3318) to work on /opt/airflow/dags/SimpleHTTPOperator.py
[2025-05-20 13:13:00,215] {processor.py:642} INFO - Processing file /opt/airflow/dags/SimpleHTTPOperator.py for tasks to queue
[2025-05-20 13:13:00,216] {logging_mixin.py:109} INFO - [2025-05-20 13:13:00,215] {dagbag.py:500} INFO - Filling up the DagBag from /opt/airflow/dags/SimpleHTTPOperator.py
[2025-05-20 13:13:00,631] {processor.py:654} INFO - DAG(s) dict_keys(['SimpleHTTPTest']) retrieved from /opt/airflow/dags/SimpleHTTPOperator.py
[2025-05-20 13:13:00,638] {logging_mixin.py:109} INFO - [2025-05-20 13:13:00,638] {dag.py:2398} INFO - Sync 1 DAGs
[2025-05-20 13:13:00,649] {logging_mixin.py:109} INFO - [2025-05-20 13:13:00,649] {dag.py:2937} INFO - Setting next_dagrun for SimpleHTTPTest to None
[2025-05-20 13:13:00,655] {processor.py:171} INFO - Processing /opt/airflow/dags/SimpleHTTPOperator.py took 0.444 seconds
[2025-05-20 13:13:32,120] {processor.py:163} INFO - Started process (PID=3450) to work on /opt/airflow/dags/SimpleHTTPOperator.py
[2025-05-20 13:13:32,121] {processor.py:642} INFO - Processing file /opt/airflow/dags/SimpleHTTPOperator.py for tasks to queue
[2025-05-20 13:13:32,121] {logging_mixin.py:109} INFO - [2025-05-20 13:13:32,121] {dagbag.py:500} INFO - Filling up the DagBag from /opt/airflow/dags/SimpleHTTPOperator.py
[2025-05-20 13:13:32,552] {processor.py:654} INFO - DAG(s) dict_keys(['SimpleHTTPTest']) retrieved from /opt/airflow/dags/SimpleHTTPOperator.py
[2025-05-20 13:13:32,558] {logging_mixin.py:109} INFO - [2025-05-20 13:13:32,558] {dag.py:2398} INFO - Sync 1 DAGs
[2025-05-20 13:13:32,568] {logging_mixin.py:109} INFO - [2025-05-20 13:13:32,567] {dag.py:2937} INFO - Setting next_dagrun for SimpleHTTPTest to None
[2025-05-20 13:13:32,573] {processor.py:171} INFO - Processing /opt/airflow/dags/SimpleHTTPOperator.py took 0.455 seconds
[2025-05-20 13:14:04,492] {processor.py:163} INFO - Started process (PID=3592) to work on /opt/airflow/dags/SimpleHTTPOperator.py
[2025-05-20 13:14:04,492] {processor.py:642} INFO - Processing file /opt/airflow/dags/SimpleHTTPOperator.py for tasks to queue
[2025-05-20 13:14:04,493] {logging_mixin.py:109} INFO - [2025-05-20 13:14:04,493] {dagbag.py:500} INFO - Filling up the DagBag from /opt/airflow/dags/SimpleHTTPOperator.py
[2025-05-20 13:14:04,880] {processor.py:654} INFO - DAG(s) dict_keys(['SimpleHTTPTest']) retrieved from /opt/airflow/dags/SimpleHTTPOperator.py
[2025-05-20 13:14:04,886] {logging_mixin.py:109} INFO - [2025-05-20 13:14:04,886] {dag.py:2398} INFO - Sync 1 DAGs
[2025-05-20 13:14:04,897] {logging_mixin.py:109} INFO - [2025-05-20 13:14:04,897] {dag.py:2937} INFO - Setting next_dagrun for SimpleHTTPTest to None
[2025-05-20 13:14:04,903] {processor.py:171} INFO - Processing /opt/airflow/dags/SimpleHTTPOperator.py took 0.413 seconds
[2025-05-20 13:14:37,549] {processor.py:163} INFO - Started process (PID=3724) to work on /opt/airflow/dags/SimpleHTTPOperator.py
[2025-05-20 13:14:37,550] {processor.py:642} INFO - Processing file /opt/airflow/dags/SimpleHTTPOperator.py for tasks to queue
[2025-05-20 13:14:37,550] {logging_mixin.py:109} INFO - [2025-05-20 13:14:37,550] {dagbag.py:500} INFO - Filling up the DagBag from /opt/airflow/dags/SimpleHTTPOperator.py
[2025-05-20 13:14:37,942] {processor.py:654} INFO - DAG(s) dict_keys(['SimpleHTTPTest']) retrieved from /opt/airflow/dags/SimpleHTTPOperator.py
[2025-05-20 13:14:37,950] {logging_mixin.py:109} INFO - [2025-05-20 13:14:37,950] {dag.py:2398} INFO - Sync 1 DAGs
[2025-05-20 13:14:37,960] {logging_mixin.py:109} INFO - [2025-05-20 13:14:37,960] {dag.py:2937} INFO - Setting next_dagrun for SimpleHTTPTest to None
[2025-05-20 13:14:37,966] {processor.py:171} INFO - Processing /opt/airflow/dags/SimpleHTTPOperator.py took 0.418 seconds
[2025-05-20 13:15:09,414] {processor.py:163} INFO - Started process (PID=3866) to work on /opt/airflow/dags/SimpleHTTPOperator.py
[2025-05-20 13:15:09,415] {processor.py:642} INFO - Processing file /opt/airflow/dags/SimpleHTTPOperator.py for tasks to queue
[2025-05-20 13:15:09,415] {logging_mixin.py:109} INFO - [2025-05-20 13:15:09,415] {dagbag.py:500} INFO - Filling up the DagBag from /opt/airflow/dags/SimpleHTTPOperator.py
[2025-05-20 13:15:09,811] {processor.py:654} INFO - DAG(s) dict_keys(['SimpleHTTPTest']) retrieved from /opt/airflow/dags/SimpleHTTPOperator.py
[2025-05-20 13:15:09,817] {logging_mixin.py:109} INFO - [2025-05-20 13:15:09,817] {dag.py:2398} INFO - Sync 1 DAGs
[2025-05-20 13:15:09,827] {logging_mixin.py:109} INFO - [2025-05-20 13:15:09,827] {dag.py:2937} INFO - Setting next_dagrun for SimpleHTTPTest to None
[2025-05-20 13:15:09,833] {processor.py:171} INFO - Processing /opt/airflow/dags/SimpleHTTPOperator.py took 0.420 seconds
[2025-05-20 13:15:42,295] {processor.py:163} INFO - Started process (PID=3998) to work on /opt/airflow/dags/SimpleHTTPOperator.py
[2025-05-20 13:15:42,296] {processor.py:642} INFO - Processing file /opt/airflow/dags/SimpleHTTPOperator.py for tasks to queue
[2025-05-20 13:15:42,296] {logging_mixin.py:109} INFO - [2025-05-20 13:15:42,296] {dagbag.py:500} INFO - Filling up the DagBag from /opt/airflow/dags/SimpleHTTPOperator.py
[2025-05-20 13:15:42,685] {processor.py:654} INFO - DAG(s) dict_keys(['SimpleHTTPTest']) retrieved from /opt/airflow/dags/SimpleHTTPOperator.py
[2025-05-20 13:15:42,691] {logging_mixin.py:109} INFO - [2025-05-20 13:15:42,691] {dag.py:2398} INFO - Sync 1 DAGs
[2025-05-20 13:15:42,700] {logging_mixin.py:109} INFO - [2025-05-20 13:15:42,700] {dag.py:2937} INFO - Setting next_dagrun for SimpleHTTPTest to None
[2025-05-20 13:15:42,705] {processor.py:171} INFO - Processing /opt/airflow/dags/SimpleHTTPOperator.py took 0.412 seconds
[2025-05-20 13:44:20,732] {processor.py:163} INFO - Started process (PID=4130) to work on /opt/airflow/dags/SimpleHTTPOperator.py
[2025-05-20 13:44:20,734] {processor.py:642} INFO - Processing file /opt/airflow/dags/SimpleHTTPOperator.py for tasks to queue
[2025-05-20 13:44:20,735] {logging_mixin.py:109} INFO - [2025-05-20 13:44:20,734] {dagbag.py:500} INFO - Filling up the DagBag from /opt/airflow/dags/SimpleHTTPOperator.py
[2025-05-20 13:44:21,427] {processor.py:654} INFO - DAG(s) dict_keys(['SimpleHTTPTest']) retrieved from /opt/airflow/dags/SimpleHTTPOperator.py
[2025-05-20 13:44:21,696] {logging_mixin.py:109} INFO - [2025-05-20 13:44:21,696] {dag.py:2398} INFO - Sync 1 DAGs
[2025-05-20 13:44:21,720] {logging_mixin.py:109} INFO - [2025-05-20 13:44:21,720] {dag.py:2937} INFO - Setting next_dagrun for SimpleHTTPTest to None
[2025-05-20 13:44:21,733] {processor.py:171} INFO - Processing /opt/airflow/dags/SimpleHTTPOperator.py took 1.004 seconds
[2025-05-20 14:21:14,718] {processor.py:163} INFO - Started process (PID=4222) to work on /opt/airflow/dags/SimpleHTTPOperator.py
[2025-05-20 14:21:14,720] {processor.py:642} INFO - Processing file /opt/airflow/dags/SimpleHTTPOperator.py for tasks to queue
[2025-05-20 14:21:14,721] {logging_mixin.py:109} INFO - [2025-05-20 14:21:14,721] {dagbag.py:500} INFO - Filling up the DagBag from /opt/airflow/dags/SimpleHTTPOperator.py
[2025-05-20 14:21:17,836] {processor.py:654} INFO - DAG(s) dict_keys(['SimpleHTTPTest']) retrieved from /opt/airflow/dags/SimpleHTTPOperator.py
[2025-05-20 14:21:18,897] {logging_mixin.py:109} INFO - [2025-05-20 14:21:18,897] {dag.py:2398} INFO - Sync 1 DAGs
[2025-05-20 14:21:18,933] {logging_mixin.py:109} INFO - [2025-05-20 14:21:18,933] {dag.py:2937} INFO - Setting next_dagrun for SimpleHTTPTest to None
[2025-05-20 14:21:18,950] {processor.py:171} INFO - Processing /opt/airflow/dags/SimpleHTTPOperator.py took 4.073 seconds
[2025-05-20 14:21:49,015] {processor.py:163} INFO - Started process (PID=4359) to work on /opt/airflow/dags/SimpleHTTPOperator.py
[2025-05-20 14:21:49,016] {processor.py:642} INFO - Processing file /opt/airflow/dags/SimpleHTTPOperator.py for tasks to queue
[2025-05-20 14:21:49,017] {logging_mixin.py:109} INFO - [2025-05-20 14:21:49,017] {dagbag.py:500} INFO - Filling up the DagBag from /opt/airflow/dags/SimpleHTTPOperator.py
[2025-05-20 14:21:49,436] {processor.py:654} INFO - DAG(s) dict_keys(['SimpleHTTPTest']) retrieved from /opt/airflow/dags/SimpleHTTPOperator.py
[2025-05-20 14:21:49,644] {logging_mixin.py:109} INFO - [2025-05-20 14:21:49,644] {dag.py:2398} INFO - Sync 1 DAGs
[2025-05-20 14:21:49,657] {logging_mixin.py:109} INFO - [2025-05-20 14:21:49,657] {dag.py:2937} INFO - Setting next_dagrun for SimpleHTTPTest to None
[2025-05-20 14:21:49,666] {processor.py:171} INFO - Processing /opt/airflow/dags/SimpleHTTPOperator.py took 0.653 seconds
[2025-05-20 14:22:19,891] {processor.py:163} INFO - Started process (PID=4491) to work on /opt/airflow/dags/SimpleHTTPOperator.py
[2025-05-20 14:22:19,893] {processor.py:642} INFO - Processing file /opt/airflow/dags/SimpleHTTPOperator.py for tasks to queue
[2025-05-20 14:22:19,893] {logging_mixin.py:109} INFO - [2025-05-20 14:22:19,893] {dagbag.py:500} INFO - Filling up the DagBag from /opt/airflow/dags/SimpleHTTPOperator.py
[2025-05-20 14:22:20,358] {processor.py:654} INFO - DAG(s) dict_keys(['SimpleHTTPTest']) retrieved from /opt/airflow/dags/SimpleHTTPOperator.py
[2025-05-20 14:22:20,372] {logging_mixin.py:109} INFO - [2025-05-20 14:22:20,372] {dag.py:2398} INFO - Sync 1 DAGs
[2025-05-20 14:22:20,387] {logging_mixin.py:109} INFO - [2025-05-20 14:22:20,387] {dag.py:2937} INFO - Setting next_dagrun for SimpleHTTPTest to None
[2025-05-20 14:22:20,396] {processor.py:171} INFO - Processing /opt/airflow/dags/SimpleHTTPOperator.py took 0.508 seconds
[2025-05-20 14:22:50,828] {processor.py:163} INFO - Started process (PID=4623) to work on /opt/airflow/dags/SimpleHTTPOperator.py
[2025-05-20 14:22:50,829] {processor.py:642} INFO - Processing file /opt/airflow/dags/SimpleHTTPOperator.py for tasks to queue
[2025-05-20 14:22:50,829] {logging_mixin.py:109} INFO - [2025-05-20 14:22:50,829] {dagbag.py:500} INFO - Filling up the DagBag from /opt/airflow/dags/SimpleHTTPOperator.py
[2025-05-20 14:22:51,238] {processor.py:654} INFO - DAG(s) dict_keys(['SimpleHTTPTest']) retrieved from /opt/airflow/dags/SimpleHTTPOperator.py
[2025-05-20 14:22:51,246] {logging_mixin.py:109} INFO - [2025-05-20 14:22:51,246] {dag.py:2398} INFO - Sync 1 DAGs
[2025-05-20 14:22:51,258] {logging_mixin.py:109} INFO - [2025-05-20 14:22:51,258] {dag.py:2937} INFO - Setting next_dagrun for SimpleHTTPTest to None
[2025-05-20 14:22:51,265] {processor.py:171} INFO - Processing /opt/airflow/dags/SimpleHTTPOperator.py took 0.440 seconds
[2025-05-20 14:23:21,415] {processor.py:163} INFO - Started process (PID=4765) to work on /opt/airflow/dags/SimpleHTTPOperator.py
[2025-05-20 14:23:21,416] {processor.py:642} INFO - Processing file /opt/airflow/dags/SimpleHTTPOperator.py for tasks to queue
[2025-05-20 14:23:21,417] {logging_mixin.py:109} INFO - [2025-05-20 14:23:21,417] {dagbag.py:500} INFO - Filling up the DagBag from /opt/airflow/dags/SimpleHTTPOperator.py
[2025-05-20 14:23:21,797] {processor.py:654} INFO - DAG(s) dict_keys(['SimpleHTTPTest']) retrieved from /opt/airflow/dags/SimpleHTTPOperator.py
[2025-05-20 14:23:21,804] {logging_mixin.py:109} INFO - [2025-05-20 14:23:21,803] {dag.py:2398} INFO - Sync 1 DAGs
[2025-05-20 14:23:21,814] {logging_mixin.py:109} INFO - [2025-05-20 14:23:21,814] {dag.py:2937} INFO - Setting next_dagrun for SimpleHTTPTest to None
[2025-05-20 14:23:21,820] {processor.py:171} INFO - Processing /opt/airflow/dags/SimpleHTTPOperator.py took 0.407 seconds
[2025-05-20 14:23:52,150] {processor.py:163} INFO - Started process (PID=4897) to work on /opt/airflow/dags/SimpleHTTPOperator.py
[2025-05-20 14:23:52,152] {processor.py:642} INFO - Processing file /opt/airflow/dags/SimpleHTTPOperator.py for tasks to queue
[2025-05-20 14:23:52,153] {logging_mixin.py:109} INFO - [2025-05-20 14:23:52,153] {dagbag.py:500} INFO - Filling up the DagBag from /opt/airflow/dags/SimpleHTTPOperator.py
[2025-05-20 14:23:52,538] {processor.py:654} INFO - DAG(s) dict_keys(['SimpleHTTPTest']) retrieved from /opt/airflow/dags/SimpleHTTPOperator.py
[2025-05-20 14:23:52,545] {logging_mixin.py:109} INFO - [2025-05-20 14:23:52,545] {dag.py:2398} INFO - Sync 1 DAGs
[2025-05-20 14:23:52,556] {logging_mixin.py:109} INFO - [2025-05-20 14:23:52,555] {dag.py:2937} INFO - Setting next_dagrun for SimpleHTTPTest to None
[2025-05-20 14:23:52,563] {processor.py:171} INFO - Processing /opt/airflow/dags/SimpleHTTPOperator.py took 0.416 seconds
[2025-05-20 14:24:22,732] {processor.py:163} INFO - Started process (PID=5014) to work on /opt/airflow/dags/SimpleHTTPOperator.py
[2025-05-20 14:24:22,733] {processor.py:642} INFO - Processing file /opt/airflow/dags/SimpleHTTPOperator.py for tasks to queue
[2025-05-20 14:24:22,734] {logging_mixin.py:109} INFO - [2025-05-20 14:24:22,734] {dagbag.py:500} INFO - Filling up the DagBag from /opt/airflow/dags/SimpleHTTPOperator.py
[2025-05-20 14:24:23,170] {processor.py:654} INFO - DAG(s) dict_keys(['SimpleHTTPTest']) retrieved from /opt/airflow/dags/SimpleHTTPOperator.py
[2025-05-20 14:24:23,315] {logging_mixin.py:109} INFO - [2025-05-20 14:24:23,315] {dag.py:2398} INFO - Sync 1 DAGs
[2025-05-20 14:24:23,324] {logging_mixin.py:109} INFO - [2025-05-20 14:24:23,324] {dag.py:2937} INFO - Setting next_dagrun for SimpleHTTPTest to None
[2025-05-20 14:24:23,331] {processor.py:171} INFO - Processing /opt/airflow/dags/SimpleHTTPOperator.py took 0.601 seconds
[2025-05-20 14:24:53,498] {processor.py:163} INFO - Started process (PID=5168) to work on /opt/airflow/dags/SimpleHTTPOperator.py
[2025-05-20 14:24:53,500] {processor.py:642} INFO - Processing file /opt/airflow/dags/SimpleHTTPOperator.py for tasks to queue
[2025-05-20 14:24:53,500] {logging_mixin.py:109} INFO - [2025-05-20 14:24:53,500] {dagbag.py:500} INFO - Filling up the DagBag from /opt/airflow/dags/SimpleHTTPOperator.py
[2025-05-20 14:24:53,958] {processor.py:654} INFO - DAG(s) dict_keys(['SimpleHTTPTest']) retrieved from /opt/airflow/dags/SimpleHTTPOperator.py
[2025-05-20 14:24:53,967] {logging_mixin.py:109} INFO - [2025-05-20 14:24:53,967] {dag.py:2398} INFO - Sync 1 DAGs
[2025-05-20 14:24:53,978] {logging_mixin.py:109} INFO - [2025-05-20 14:24:53,978] {dag.py:2937} INFO - Setting next_dagrun for SimpleHTTPTest to None
[2025-05-20 14:24:53,987] {processor.py:171} INFO - Processing /opt/airflow/dags/SimpleHTTPOperator.py took 0.492 seconds
[2025-05-20 14:25:24,343] {processor.py:163} INFO - Started process (PID=5300) to work on /opt/airflow/dags/SimpleHTTPOperator.py
[2025-05-20 14:25:24,344] {processor.py:642} INFO - Processing file /opt/airflow/dags/SimpleHTTPOperator.py for tasks to queue
[2025-05-20 14:25:24,345] {logging_mixin.py:109} INFO - [2025-05-20 14:25:24,345] {dagbag.py:500} INFO - Filling up the DagBag from /opt/airflow/dags/SimpleHTTPOperator.py
[2025-05-20 14:25:24,910] {processor.py:654} INFO - DAG(s) dict_keys(['SimpleHTTPTest']) retrieved from /opt/airflow/dags/SimpleHTTPOperator.py
[2025-05-20 14:25:24,919] {logging_mixin.py:109} INFO - [2025-05-20 14:25:24,918] {dag.py:2398} INFO - Sync 1 DAGs
[2025-05-20 14:25:24,972] {logging_mixin.py:109} INFO - [2025-05-20 14:25:24,972] {dag.py:2937} INFO - Setting next_dagrun for SimpleHTTPTest to None
[2025-05-20 14:25:24,979] {processor.py:171} INFO - Processing /opt/airflow/dags/SimpleHTTPOperator.py took 0.638 seconds
[2025-05-20 14:25:55,039] {processor.py:163} INFO - Started process (PID=5432) to work on /opt/airflow/dags/SimpleHTTPOperator.py
[2025-05-20 14:25:55,040] {processor.py:642} INFO - Processing file /opt/airflow/dags/SimpleHTTPOperator.py for tasks to queue
[2025-05-20 14:25:55,041] {logging_mixin.py:109} INFO - [2025-05-20 14:25:55,041] {dagbag.py:500} INFO - Filling up the DagBag from /opt/airflow/dags/SimpleHTTPOperator.py
[2025-05-20 14:25:55,465] {processor.py:654} INFO - DAG(s) dict_keys(['SimpleHTTPTest']) retrieved from /opt/airflow/dags/SimpleHTTPOperator.py
[2025-05-20 14:25:55,472] {logging_mixin.py:109} INFO - [2025-05-20 14:25:55,472] {dag.py:2398} INFO - Sync 1 DAGs
[2025-05-20 14:25:55,483] {logging_mixin.py:109} INFO - [2025-05-20 14:25:55,483] {dag.py:2937} INFO - Setting next_dagrun for SimpleHTTPTest to None
[2025-05-20 14:25:55,491] {processor.py:171} INFO - Processing /opt/airflow/dags/SimpleHTTPOperator.py took 0.454 seconds
[2025-05-20 14:26:25,522] {processor.py:163} INFO - Started process (PID=5564) to work on /opt/airflow/dags/SimpleHTTPOperator.py
[2025-05-20 14:26:25,523] {processor.py:642} INFO - Processing file /opt/airflow/dags/SimpleHTTPOperator.py for tasks to queue
[2025-05-20 14:26:25,524] {logging_mixin.py:109} INFO - [2025-05-20 14:26:25,524] {dagbag.py:500} INFO - Filling up the DagBag from /opt/airflow/dags/SimpleHTTPOperator.py
[2025-05-20 14:26:26,098] {processor.py:654} INFO - DAG(s) dict_keys(['SimpleHTTPTest']) retrieved from /opt/airflow/dags/SimpleHTTPOperator.py
[2025-05-20 14:26:26,247] {logging_mixin.py:109} INFO - [2025-05-20 14:26:26,247] {dag.py:2398} INFO - Sync 1 DAGs
[2025-05-20 14:26:26,257] {logging_mixin.py:109} INFO - [2025-05-20 14:26:26,257] {dag.py:2937} INFO - Setting next_dagrun for SimpleHTTPTest to None
[2025-05-20 14:26:26,265] {processor.py:171} INFO - Processing /opt/airflow/dags/SimpleHTTPOperator.py took 0.747 seconds
[2025-05-20 14:26:56,478] {processor.py:163} INFO - Started process (PID=5706) to work on /opt/airflow/dags/SimpleHTTPOperator.py
[2025-05-20 14:26:56,480] {processor.py:642} INFO - Processing file /opt/airflow/dags/SimpleHTTPOperator.py for tasks to queue
[2025-05-20 14:26:56,481] {logging_mixin.py:109} INFO - [2025-05-20 14:26:56,481] {dagbag.py:500} INFO - Filling up the DagBag from /opt/airflow/dags/SimpleHTTPOperator.py
[2025-05-20 14:26:56,993] {processor.py:654} INFO - DAG(s) dict_keys(['SimpleHTTPTest']) retrieved from /opt/airflow/dags/SimpleHTTPOperator.py
[2025-05-20 14:26:57,002] {logging_mixin.py:109} INFO - [2025-05-20 14:26:57,002] {dag.py:2398} INFO - Sync 1 DAGs
[2025-05-20 14:26:57,014] {logging_mixin.py:109} INFO - [2025-05-20 14:26:57,014] {dag.py:2937} INFO - Setting next_dagrun for SimpleHTTPTest to None
[2025-05-20 14:26:57,021] {processor.py:171} INFO - Processing /opt/airflow/dags/SimpleHTTPOperator.py took 0.546 seconds
[2025-05-20 14:27:27,444] {processor.py:163} INFO - Started process (PID=5838) to work on /opt/airflow/dags/SimpleHTTPOperator.py
[2025-05-20 14:27:27,448] {processor.py:642} INFO - Processing file /opt/airflow/dags/SimpleHTTPOperator.py for tasks to queue
[2025-05-20 14:27:27,448] {logging_mixin.py:109} INFO - [2025-05-20 14:27:27,448] {dagbag.py:500} INFO - Filling up the DagBag from /opt/airflow/dags/SimpleHTTPOperator.py
[2025-05-20 14:27:28,524] {processor.py:654} INFO - DAG(s) dict_keys(['SimpleHTTPTest']) retrieved from /opt/airflow/dags/SimpleHTTPOperator.py
[2025-05-20 14:27:28,536] {logging_mixin.py:109} INFO - [2025-05-20 14:27:28,536] {dag.py:2398} INFO - Sync 1 DAGs
[2025-05-20 14:27:28,551] {logging_mixin.py:109} INFO - [2025-05-20 14:27:28,551] {dag.py:2937} INFO - Setting next_dagrun for SimpleHTTPTest to None
[2025-05-20 14:27:28,561] {processor.py:171} INFO - Processing /opt/airflow/dags/SimpleHTTPOperator.py took 1.123 seconds
[2025-05-20 14:27:58,775] {processor.py:163} INFO - Started process (PID=5970) to work on /opt/airflow/dags/SimpleHTTPOperator.py
[2025-05-20 14:27:58,777] {processor.py:642} INFO - Processing file /opt/airflow/dags/SimpleHTTPOperator.py for tasks to queue
[2025-05-20 14:27:58,777] {logging_mixin.py:109} INFO - [2025-05-20 14:27:58,777] {dagbag.py:500} INFO - Filling up the DagBag from /opt/airflow/dags/SimpleHTTPOperator.py
[2025-05-20 14:27:59,258] {processor.py:654} INFO - DAG(s) dict_keys(['SimpleHTTPTest']) retrieved from /opt/airflow/dags/SimpleHTTPOperator.py
[2025-05-20 14:27:59,266] {logging_mixin.py:109} INFO - [2025-05-20 14:27:59,266] {dag.py:2398} INFO - Sync 1 DAGs
[2025-05-20 14:27:59,278] {logging_mixin.py:109} INFO - [2025-05-20 14:27:59,278] {dag.py:2937} INFO - Setting next_dagrun for SimpleHTTPTest to None
[2025-05-20 14:27:59,285] {processor.py:171} INFO - Processing /opt/airflow/dags/SimpleHTTPOperator.py took 0.512 seconds
[2025-05-20 14:28:29,703] {processor.py:163} INFO - Started process (PID=6127) to work on /opt/airflow/dags/SimpleHTTPOperator.py
[2025-05-20 14:28:29,705] {processor.py:642} INFO - Processing file /opt/airflow/dags/SimpleHTTPOperator.py for tasks to queue
[2025-05-20 14:28:29,706] {logging_mixin.py:109} INFO - [2025-05-20 14:28:29,706] {dagbag.py:500} INFO - Filling up the DagBag from /opt/airflow/dags/SimpleHTTPOperator.py
[2025-05-20 14:28:30,265] {processor.py:654} INFO - DAG(s) dict_keys(['SimpleHTTPTest']) retrieved from /opt/airflow/dags/SimpleHTTPOperator.py
[2025-05-20 14:28:30,273] {logging_mixin.py:109} INFO - [2025-05-20 14:28:30,273] {dag.py:2398} INFO - Sync 1 DAGs
[2025-05-20 14:28:30,286] {logging_mixin.py:109} INFO - [2025-05-20 14:28:30,286] {dag.py:2937} INFO - Setting next_dagrun for SimpleHTTPTest to None
[2025-05-20 14:28:30,294] {processor.py:171} INFO - Processing /opt/airflow/dags/SimpleHTTPOperator.py took 0.593 seconds
[2025-05-20 14:29:00,968] {processor.py:163} INFO - Started process (PID=6226) to work on /opt/airflow/dags/SimpleHTTPOperator.py
[2025-05-20 14:29:00,969] {processor.py:642} INFO - Processing file /opt/airflow/dags/SimpleHTTPOperator.py for tasks to queue
[2025-05-20 14:29:00,970] {logging_mixin.py:109} INFO - [2025-05-20 14:29:00,970] {dagbag.py:500} INFO - Filling up the DagBag from /opt/airflow/dags/SimpleHTTPOperator.py
[2025-05-20 14:29:01,459] {processor.py:654} INFO - DAG(s) dict_keys(['SimpleHTTPTest']) retrieved from /opt/airflow/dags/SimpleHTTPOperator.py
[2025-05-20 14:29:01,466] {logging_mixin.py:109} INFO - [2025-05-20 14:29:01,466] {dag.py:2398} INFO - Sync 1 DAGs
[2025-05-20 14:29:01,479] {logging_mixin.py:109} INFO - [2025-05-20 14:29:01,479] {dag.py:2937} INFO - Setting next_dagrun for SimpleHTTPTest to None
[2025-05-20 14:29:01,488] {processor.py:171} INFO - Processing /opt/airflow/dags/SimpleHTTPOperator.py took 0.522 seconds
[2025-05-20 14:29:32,882] {processor.py:163} INFO - Started process (PID=6358) to work on /opt/airflow/dags/SimpleHTTPOperator.py
[2025-05-20 14:29:32,884] {processor.py:642} INFO - Processing file /opt/airflow/dags/SimpleHTTPOperator.py for tasks to queue
[2025-05-20 14:29:32,884] {logging_mixin.py:109} INFO - [2025-05-20 14:29:32,884] {dagbag.py:500} INFO - Filling up the DagBag from /opt/airflow/dags/SimpleHTTPOperator.py
[2025-05-20 14:29:33,370] {processor.py:654} INFO - DAG(s) dict_keys(['SimpleHTTPTest']) retrieved from /opt/airflow/dags/SimpleHTTPOperator.py
[2025-05-20 14:29:33,379] {logging_mixin.py:109} INFO - [2025-05-20 14:29:33,379] {dag.py:2398} INFO - Sync 1 DAGs
[2025-05-20 14:29:33,393] {logging_mixin.py:109} INFO - [2025-05-20 14:29:33,393] {dag.py:2937} INFO - Setting next_dagrun for SimpleHTTPTest to None
[2025-05-20 14:29:33,401] {processor.py:171} INFO - Processing /opt/airflow/dags/SimpleHTTPOperator.py took 0.522 seconds
[2025-05-20 14:30:04,865] {processor.py:163} INFO - Started process (PID=6500) to work on /opt/airflow/dags/SimpleHTTPOperator.py
[2025-05-20 14:30:04,866] {processor.py:642} INFO - Processing file /opt/airflow/dags/SimpleHTTPOperator.py for tasks to queue
[2025-05-20 14:30:04,867] {logging_mixin.py:109} INFO - [2025-05-20 14:30:04,867] {dagbag.py:500} INFO - Filling up the DagBag from /opt/airflow/dags/SimpleHTTPOperator.py
[2025-05-20 14:30:05,425] {processor.py:654} INFO - DAG(s) dict_keys(['SimpleHTTPTest']) retrieved from /opt/airflow/dags/SimpleHTTPOperator.py
[2025-05-20 14:30:05,434] {logging_mixin.py:109} INFO - [2025-05-20 14:30:05,434] {dag.py:2398} INFO - Sync 1 DAGs
[2025-05-20 14:30:05,448] {logging_mixin.py:109} INFO - [2025-05-20 14:30:05,448] {dag.py:2937} INFO - Setting next_dagrun for SimpleHTTPTest to None
[2025-05-20 14:30:05,456] {processor.py:171} INFO - Processing /opt/airflow/dags/SimpleHTTPOperator.py took 0.593 seconds
[2025-05-20 14:30:36,970] {processor.py:163} INFO - Started process (PID=6632) to work on /opt/airflow/dags/SimpleHTTPOperator.py
[2025-05-20 14:30:36,971] {processor.py:642} INFO - Processing file /opt/airflow/dags/SimpleHTTPOperator.py for tasks to queue
[2025-05-20 14:30:36,971] {logging_mixin.py:109} INFO - [2025-05-20 14:30:36,971] {dagbag.py:500} INFO - Filling up the DagBag from /opt/airflow/dags/SimpleHTTPOperator.py
[2025-05-20 14:30:37,443] {processor.py:654} INFO - DAG(s) dict_keys(['SimpleHTTPTest']) retrieved from /opt/airflow/dags/SimpleHTTPOperator.py
[2025-05-20 14:30:37,452] {logging_mixin.py:109} INFO - [2025-05-20 14:30:37,452] {dag.py:2398} INFO - Sync 1 DAGs
[2025-05-20 14:30:37,464] {logging_mixin.py:109} INFO - [2025-05-20 14:30:37,463] {dag.py:2937} INFO - Setting next_dagrun for SimpleHTTPTest to None
[2025-05-20 14:30:37,473] {processor.py:171} INFO - Processing /opt/airflow/dags/SimpleHTTPOperator.py took 0.505 seconds
[2025-05-20 14:31:09,074] {processor.py:163} INFO - Started process (PID=6764) to work on /opt/airflow/dags/SimpleHTTPOperator.py
[2025-05-20 14:31:09,076] {processor.py:642} INFO - Processing file /opt/airflow/dags/SimpleHTTPOperator.py for tasks to queue
[2025-05-20 14:31:09,077] {logging_mixin.py:109} INFO - [2025-05-20 14:31:09,077] {dagbag.py:500} INFO - Filling up the DagBag from /opt/airflow/dags/SimpleHTTPOperator.py
[2025-05-20 14:31:09,648] {processor.py:654} INFO - DAG(s) dict_keys(['SimpleHTTPTest']) retrieved from /opt/airflow/dags/SimpleHTTPOperator.py
[2025-05-20 14:31:09,829] {logging_mixin.py:109} INFO - [2025-05-20 14:31:09,829] {dag.py:2398} INFO - Sync 1 DAGs
[2025-05-20 14:31:09,841] {logging_mixin.py:109} INFO - [2025-05-20 14:31:09,841] {dag.py:2937} INFO - Setting next_dagrun for SimpleHTTPTest to None
[2025-05-20 14:31:09,850] {processor.py:171} INFO - Processing /opt/airflow/dags/SimpleHTTPOperator.py took 0.779 seconds
[2025-05-20 14:31:41,667] {processor.py:163} INFO - Started process (PID=6906) to work on /opt/airflow/dags/SimpleHTTPOperator.py
[2025-05-20 14:31:41,668] {processor.py:642} INFO - Processing file /opt/airflow/dags/SimpleHTTPOperator.py for tasks to queue
[2025-05-20 14:31:41,668] {logging_mixin.py:109} INFO - [2025-05-20 14:31:41,668] {dagbag.py:500} INFO - Filling up the DagBag from /opt/airflow/dags/SimpleHTTPOperator.py
[2025-05-20 14:31:42,194] {processor.py:654} INFO - DAG(s) dict_keys(['SimpleHTTPTest']) retrieved from /opt/airflow/dags/SimpleHTTPOperator.py
[2025-05-20 14:31:42,202] {logging_mixin.py:109} INFO - [2025-05-20 14:31:42,202] {dag.py:2398} INFO - Sync 1 DAGs
[2025-05-20 14:31:42,215] {logging_mixin.py:109} INFO - [2025-05-20 14:31:42,215] {dag.py:2937} INFO - Setting next_dagrun for SimpleHTTPTest to None
[2025-05-20 14:31:42,225] {processor.py:171} INFO - Processing /opt/airflow/dags/SimpleHTTPOperator.py took 0.560 seconds
[2025-05-20 14:32:13,591] {processor.py:163} INFO - Started process (PID=7038) to work on /opt/airflow/dags/SimpleHTTPOperator.py
[2025-05-20 14:32:13,592] {processor.py:642} INFO - Processing file /opt/airflow/dags/SimpleHTTPOperator.py for tasks to queue
[2025-05-20 14:32:13,592] {logging_mixin.py:109} INFO - [2025-05-20 14:32:13,592] {dagbag.py:500} INFO - Filling up the DagBag from /opt/airflow/dags/SimpleHTTPOperator.py
[2025-05-20 14:32:14,382] {processor.py:654} INFO - DAG(s) dict_keys(['SimpleHTTPTest']) retrieved from /opt/airflow/dags/SimpleHTTPOperator.py
[2025-05-20 14:32:14,392] {logging_mixin.py:109} INFO - [2025-05-20 14:32:14,391] {dag.py:2398} INFO - Sync 1 DAGs
[2025-05-20 14:32:14,408] {logging_mixin.py:109} INFO - [2025-05-20 14:32:14,407] {dag.py:2937} INFO - Setting next_dagrun for SimpleHTTPTest to None
[2025-05-20 14:32:14,417] {processor.py:171} INFO - Processing /opt/airflow/dags/SimpleHTTPOperator.py took 0.830 seconds
[2025-05-20 14:32:45,926] {processor.py:163} INFO - Started process (PID=7170) to work on /opt/airflow/dags/SimpleHTTPOperator.py
[2025-05-20 14:32:45,927] {processor.py:642} INFO - Processing file /opt/airflow/dags/SimpleHTTPOperator.py for tasks to queue
[2025-05-20 14:32:45,927] {logging_mixin.py:109} INFO - [2025-05-20 14:32:45,927] {dagbag.py:500} INFO - Filling up the DagBag from /opt/airflow/dags/SimpleHTTPOperator.py
[2025-05-20 14:32:46,492] {processor.py:654} INFO - DAG(s) dict_keys(['SimpleHTTPTest']) retrieved from /opt/airflow/dags/SimpleHTTPOperator.py
[2025-05-20 14:32:46,500] {logging_mixin.py:109} INFO - [2025-05-20 14:32:46,500] {dag.py:2398} INFO - Sync 1 DAGs
[2025-05-20 14:32:46,512] {logging_mixin.py:109} INFO - [2025-05-20 14:32:46,512] {dag.py:2937} INFO - Setting next_dagrun for SimpleHTTPTest to None
[2025-05-20 14:32:46,521] {processor.py:171} INFO - Processing /opt/airflow/dags/SimpleHTTPOperator.py took 0.598 seconds
[2025-05-20 14:33:18,164] {processor.py:163} INFO - Started process (PID=7312) to work on /opt/airflow/dags/SimpleHTTPOperator.py
[2025-05-20 14:33:18,165] {processor.py:642} INFO - Processing file /opt/airflow/dags/SimpleHTTPOperator.py for tasks to queue
[2025-05-20 14:33:18,165] {logging_mixin.py:109} INFO - [2025-05-20 14:33:18,165] {dagbag.py:500} INFO - Filling up the DagBag from /opt/airflow/dags/SimpleHTTPOperator.py
[2025-05-20 14:33:18,599] {processor.py:654} INFO - DAG(s) dict_keys(['SimpleHTTPTest']) retrieved from /opt/airflow/dags/SimpleHTTPOperator.py
[2025-05-20 14:33:18,607] {logging_mixin.py:109} INFO - [2025-05-20 14:33:18,606] {dag.py:2398} INFO - Sync 1 DAGs
[2025-05-20 14:33:18,618] {logging_mixin.py:109} INFO - [2025-05-20 14:33:18,618] {dag.py:2937} INFO - Setting next_dagrun for SimpleHTTPTest to None
[2025-05-20 14:33:18,625] {processor.py:171} INFO - Processing /opt/airflow/dags/SimpleHTTPOperator.py took 0.464 seconds
[2025-05-20 14:33:50,878] {processor.py:163} INFO - Started process (PID=7444) to work on /opt/airflow/dags/SimpleHTTPOperator.py
[2025-05-20 14:33:50,879] {processor.py:642} INFO - Processing file /opt/airflow/dags/SimpleHTTPOperator.py for tasks to queue
[2025-05-20 14:33:50,880] {logging_mixin.py:109} INFO - [2025-05-20 14:33:50,880] {dagbag.py:500} INFO - Filling up the DagBag from /opt/airflow/dags/SimpleHTTPOperator.py
[2025-05-20 14:33:51,329] {processor.py:654} INFO - DAG(s) dict_keys(['SimpleHTTPTest']) retrieved from /opt/airflow/dags/SimpleHTTPOperator.py
[2025-05-20 14:33:51,337] {logging_mixin.py:109} INFO - [2025-05-20 14:33:51,337] {dag.py:2398} INFO - Sync 1 DAGs
[2025-05-20 14:33:51,347] {logging_mixin.py:109} INFO - [2025-05-20 14:33:51,347] {dag.py:2937} INFO - Setting next_dagrun for SimpleHTTPTest to None
[2025-05-20 14:33:51,355] {processor.py:171} INFO - Processing /opt/airflow/dags/SimpleHTTPOperator.py took 0.479 seconds
[2025-05-20 14:34:23,295] {processor.py:163} INFO - Started process (PID=7585) to work on /opt/airflow/dags/SimpleHTTPOperator.py
[2025-05-20 14:34:23,297] {processor.py:642} INFO - Processing file /opt/airflow/dags/SimpleHTTPOperator.py for tasks to queue
[2025-05-20 14:34:23,297] {logging_mixin.py:109} INFO - [2025-05-20 14:34:23,297] {dagbag.py:500} INFO - Filling up the DagBag from /opt/airflow/dags/SimpleHTTPOperator.py
[2025-05-20 14:34:23,835] {processor.py:654} INFO - DAG(s) dict_keys(['SimpleHTTPTest']) retrieved from /opt/airflow/dags/SimpleHTTPOperator.py
[2025-05-20 14:34:23,844] {logging_mixin.py:109} INFO - [2025-05-20 14:34:23,844] {dag.py:2398} INFO - Sync 1 DAGs
[2025-05-20 14:34:23,860] {logging_mixin.py:109} INFO - [2025-05-20 14:34:23,860] {dag.py:2937} INFO - Setting next_dagrun for SimpleHTTPTest to None
[2025-05-20 14:34:23,870] {processor.py:171} INFO - Processing /opt/airflow/dags/SimpleHTTPOperator.py took 0.578 seconds
[2025-05-20 14:34:55,721] {processor.py:163} INFO - Started process (PID=7718) to work on /opt/airflow/dags/SimpleHTTPOperator.py
[2025-05-20 14:34:55,722] {processor.py:642} INFO - Processing file /opt/airflow/dags/SimpleHTTPOperator.py for tasks to queue
[2025-05-20 14:34:55,723] {logging_mixin.py:109} INFO - [2025-05-20 14:34:55,723] {dagbag.py:500} INFO - Filling up the DagBag from /opt/airflow/dags/SimpleHTTPOperator.py
[2025-05-20 14:34:56,205] {processor.py:654} INFO - DAG(s) dict_keys(['SimpleHTTPTest']) retrieved from /opt/airflow/dags/SimpleHTTPOperator.py
[2025-05-20 14:34:56,212] {logging_mixin.py:109} INFO - [2025-05-20 14:34:56,212] {dag.py:2398} INFO - Sync 1 DAGs
[2025-05-20 14:34:56,224] {logging_mixin.py:109} INFO - [2025-05-20 14:34:56,224] {dag.py:2937} INFO - Setting next_dagrun for SimpleHTTPTest to None
[2025-05-20 14:34:56,232] {processor.py:171} INFO - Processing /opt/airflow/dags/SimpleHTTPOperator.py took 0.514 seconds
[2025-05-20 14:35:28,140] {processor.py:163} INFO - Started process (PID=7850) to work on /opt/airflow/dags/SimpleHTTPOperator.py
[2025-05-20 14:35:28,141] {processor.py:642} INFO - Processing file /opt/airflow/dags/SimpleHTTPOperator.py for tasks to queue
[2025-05-20 14:35:28,142] {logging_mixin.py:109} INFO - [2025-05-20 14:35:28,142] {dagbag.py:500} INFO - Filling up the DagBag from /opt/airflow/dags/SimpleHTTPOperator.py
[2025-05-20 14:35:28,960] {processor.py:654} INFO - DAG(s) dict_keys(['SimpleHTTPTest']) retrieved from /opt/airflow/dags/SimpleHTTPOperator.py
[2025-05-20 14:35:28,968] {logging_mixin.py:109} INFO - [2025-05-20 14:35:28,968] {dag.py:2398} INFO - Sync 1 DAGs
[2025-05-20 14:35:28,981] {logging_mixin.py:109} INFO - [2025-05-20 14:35:28,980] {dag.py:2937} INFO - Setting next_dagrun for SimpleHTTPTest to None
[2025-05-20 14:35:29,002] {processor.py:171} INFO - Processing /opt/airflow/dags/SimpleHTTPOperator.py took 0.865 seconds
[2025-05-20 14:36:00,167] {processor.py:163} INFO - Started process (PID=7993) to work on /opt/airflow/dags/SimpleHTTPOperator.py
[2025-05-20 14:36:00,168] {processor.py:642} INFO - Processing file /opt/airflow/dags/SimpleHTTPOperator.py for tasks to queue
[2025-05-20 14:36:00,168] {logging_mixin.py:109} INFO - [2025-05-20 14:36:00,168] {dagbag.py:500} INFO - Filling up the DagBag from /opt/airflow/dags/SimpleHTTPOperator.py
[2025-05-20 14:36:00,706] {processor.py:654} INFO - DAG(s) dict_keys(['SimpleHTTPTest']) retrieved from /opt/airflow/dags/SimpleHTTPOperator.py
[2025-05-20 14:36:00,715] {logging_mixin.py:109} INFO - [2025-05-20 14:36:00,715] {dag.py:2398} INFO - Sync 1 DAGs
[2025-05-20 14:36:00,729] {logging_mixin.py:109} INFO - [2025-05-20 14:36:00,729] {dag.py:2937} INFO - Setting next_dagrun for SimpleHTTPTest to None
[2025-05-20 14:36:00,738] {processor.py:171} INFO - Processing /opt/airflow/dags/SimpleHTTPOperator.py took 0.573 seconds
[2025-05-20 14:36:32,147] {processor.py:163} INFO - Started process (PID=8125) to work on /opt/airflow/dags/SimpleHTTPOperator.py
[2025-05-20 14:36:32,148] {processor.py:642} INFO - Processing file /opt/airflow/dags/SimpleHTTPOperator.py for tasks to queue
[2025-05-20 14:36:32,148] {logging_mixin.py:109} INFO - [2025-05-20 14:36:32,148] {dagbag.py:500} INFO - Filling up the DagBag from /opt/airflow/dags/SimpleHTTPOperator.py
[2025-05-20 14:36:32,671] {processor.py:654} INFO - DAG(s) dict_keys(['SimpleHTTPTest']) retrieved from /opt/airflow/dags/SimpleHTTPOperator.py
[2025-05-20 14:36:32,849] {logging_mixin.py:109} INFO - [2025-05-20 14:36:32,849] {dag.py:2398} INFO - Sync 1 DAGs
[2025-05-20 14:36:32,861] {logging_mixin.py:109} INFO - [2025-05-20 14:36:32,861] {dag.py:2937} INFO - Setting next_dagrun for SimpleHTTPTest to None
[2025-05-20 14:36:32,870] {processor.py:171} INFO - Processing /opt/airflow/dags/SimpleHTTPOperator.py took 0.726 seconds
[2025-05-20 14:37:04,421] {processor.py:163} INFO - Started process (PID=8257) to work on /opt/airflow/dags/SimpleHTTPOperator.py
[2025-05-20 14:37:04,422] {processor.py:642} INFO - Processing file /opt/airflow/dags/SimpleHTTPOperator.py for tasks to queue
[2025-05-20 14:37:04,423] {logging_mixin.py:109} INFO - [2025-05-20 14:37:04,423] {dagbag.py:500} INFO - Filling up the DagBag from /opt/airflow/dags/SimpleHTTPOperator.py
[2025-05-20 14:37:04,952] {processor.py:654} INFO - DAG(s) dict_keys(['SimpleHTTPTest']) retrieved from /opt/airflow/dags/SimpleHTTPOperator.py
[2025-05-20 14:37:04,961] {logging_mixin.py:109} INFO - [2025-05-20 14:37:04,961] {dag.py:2398} INFO - Sync 1 DAGs
[2025-05-20 14:37:04,972] {logging_mixin.py:109} INFO - [2025-05-20 14:37:04,971] {dag.py:2937} INFO - Setting next_dagrun for SimpleHTTPTest to None
[2025-05-20 14:37:04,978] {processor.py:171} INFO - Processing /opt/airflow/dags/SimpleHTTPOperator.py took 0.560 seconds
[2025-05-20 14:37:36,781] {processor.py:163} INFO - Started process (PID=8399) to work on /opt/airflow/dags/SimpleHTTPOperator.py
[2025-05-20 14:37:36,782] {processor.py:642} INFO - Processing file /opt/airflow/dags/SimpleHTTPOperator.py for tasks to queue
[2025-05-20 14:37:36,783] {logging_mixin.py:109} INFO - [2025-05-20 14:37:36,783] {dagbag.py:500} INFO - Filling up the DagBag from /opt/airflow/dags/SimpleHTTPOperator.py
[2025-05-20 14:37:37,279] {processor.py:654} INFO - DAG(s) dict_keys(['SimpleHTTPTest']) retrieved from /opt/airflow/dags/SimpleHTTPOperator.py
[2025-05-20 14:37:37,288] {logging_mixin.py:109} INFO - [2025-05-20 14:37:37,288] {dag.py:2398} INFO - Sync 1 DAGs
[2025-05-20 14:37:37,301] {logging_mixin.py:109} INFO - [2025-05-20 14:37:37,301] {dag.py:2937} INFO - Setting next_dagrun for SimpleHTTPTest to None
[2025-05-20 14:37:37,309] {processor.py:171} INFO - Processing /opt/airflow/dags/SimpleHTTPOperator.py took 0.530 seconds
[2025-05-20 14:38:09,270] {processor.py:163} INFO - Started process (PID=8531) to work on /opt/airflow/dags/SimpleHTTPOperator.py
[2025-05-20 14:38:09,271] {processor.py:642} INFO - Processing file /opt/airflow/dags/SimpleHTTPOperator.py for tasks to queue
[2025-05-20 14:38:09,271] {logging_mixin.py:109} INFO - [2025-05-20 14:38:09,271] {dagbag.py:500} INFO - Filling up the DagBag from /opt/airflow/dags/SimpleHTTPOperator.py
[2025-05-20 14:38:09,821] {processor.py:654} INFO - DAG(s) dict_keys(['SimpleHTTPTest']) retrieved from /opt/airflow/dags/SimpleHTTPOperator.py
[2025-05-20 14:38:09,831] {logging_mixin.py:109} INFO - [2025-05-20 14:38:09,831] {dag.py:2398} INFO - Sync 1 DAGs
[2025-05-20 14:38:09,849] {logging_mixin.py:109} INFO - [2025-05-20 14:38:09,849] {dag.py:2937} INFO - Setting next_dagrun for SimpleHTTPTest to None
[2025-05-20 14:38:09,856] {processor.py:171} INFO - Processing /opt/airflow/dags/SimpleHTTPOperator.py took 0.589 seconds
[2025-05-20 14:38:41,869] {processor.py:163} INFO - Started process (PID=8673) to work on /opt/airflow/dags/SimpleHTTPOperator.py
[2025-05-20 14:38:41,870] {processor.py:642} INFO - Processing file /opt/airflow/dags/SimpleHTTPOperator.py for tasks to queue
[2025-05-20 14:38:41,870] {logging_mixin.py:109} INFO - [2025-05-20 14:38:41,870] {dagbag.py:500} INFO - Filling up the DagBag from /opt/airflow/dags/SimpleHTTPOperator.py
[2025-05-20 14:38:42,287] {processor.py:654} INFO - DAG(s) dict_keys(['SimpleHTTPTest']) retrieved from /opt/airflow/dags/SimpleHTTPOperator.py
[2025-05-20 14:38:42,444] {logging_mixin.py:109} INFO - [2025-05-20 14:38:42,444] {dag.py:2398} INFO - Sync 1 DAGs
[2025-05-20 14:38:42,454] {logging_mixin.py:109} INFO - [2025-05-20 14:38:42,454] {dag.py:2937} INFO - Setting next_dagrun for SimpleHTTPTest to None
[2025-05-20 14:38:42,462] {processor.py:171} INFO - Processing /opt/airflow/dags/SimpleHTTPOperator.py took 0.595 seconds
[2025-05-20 14:39:14,070] {processor.py:163} INFO - Started process (PID=8805) to work on /opt/airflow/dags/SimpleHTTPOperator.py
[2025-05-20 14:39:14,072] {processor.py:642} INFO - Processing file /opt/airflow/dags/SimpleHTTPOperator.py for tasks to queue
[2025-05-20 14:39:14,073] {logging_mixin.py:109} INFO - [2025-05-20 14:39:14,073] {dagbag.py:500} INFO - Filling up the DagBag from /opt/airflow/dags/SimpleHTTPOperator.py
[2025-05-20 14:39:14,628] {processor.py:654} INFO - DAG(s) dict_keys(['SimpleHTTPTest']) retrieved from /opt/airflow/dags/SimpleHTTPOperator.py
[2025-05-20 14:39:14,638] {logging_mixin.py:109} INFO - [2025-05-20 14:39:14,638] {dag.py:2398} INFO - Sync 1 DAGs
[2025-05-20 14:39:14,653] {logging_mixin.py:109} INFO - [2025-05-20 14:39:14,653] {dag.py:2937} INFO - Setting next_dagrun for SimpleHTTPTest to None
[2025-05-20 14:39:14,666] {processor.py:171} INFO - Processing /opt/airflow/dags/SimpleHTTPOperator.py took 0.603 seconds
[2025-05-20 14:39:46,501] {processor.py:163} INFO - Started process (PID=8947) to work on /opt/airflow/dags/SimpleHTTPOperator.py
[2025-05-20 14:39:46,503] {processor.py:642} INFO - Processing file /opt/airflow/dags/SimpleHTTPOperator.py for tasks to queue
[2025-05-20 14:39:46,503] {logging_mixin.py:109} INFO - [2025-05-20 14:39:46,503] {dagbag.py:500} INFO - Filling up the DagBag from /opt/airflow/dags/SimpleHTTPOperator.py
[2025-05-20 14:39:46,990] {processor.py:654} INFO - DAG(s) dict_keys(['SimpleHTTPTest']) retrieved from /opt/airflow/dags/SimpleHTTPOperator.py
[2025-05-20 14:39:46,999] {logging_mixin.py:109} INFO - [2025-05-20 14:39:46,999] {dag.py:2398} INFO - Sync 1 DAGs
[2025-05-20 14:39:47,013] {logging_mixin.py:109} INFO - [2025-05-20 14:39:47,013] {dag.py:2937} INFO - Setting next_dagrun for SimpleHTTPTest to None
[2025-05-20 14:39:47,022] {processor.py:171} INFO - Processing /opt/airflow/dags/SimpleHTTPOperator.py took 0.523 seconds
[2025-05-20 14:40:19,157] {processor.py:163} INFO - Started process (PID=9095) to work on /opt/airflow/dags/SimpleHTTPOperator.py
[2025-05-20 14:40:19,158] {processor.py:642} INFO - Processing file /opt/airflow/dags/SimpleHTTPOperator.py for tasks to queue
[2025-05-20 14:40:19,158] {logging_mixin.py:109} INFO - [2025-05-20 14:40:19,158] {dagbag.py:500} INFO - Filling up the DagBag from /opt/airflow/dags/SimpleHTTPOperator.py
[2025-05-20 14:40:19,612] {processor.py:654} INFO - DAG(s) dict_keys(['SimpleHTTPTest']) retrieved from /opt/airflow/dags/SimpleHTTPOperator.py
[2025-05-20 14:40:19,764] {logging_mixin.py:109} INFO - [2025-05-20 14:40:19,764] {dag.py:2398} INFO - Sync 1 DAGs
[2025-05-20 14:40:19,774] {logging_mixin.py:109} INFO - [2025-05-20 14:40:19,774] {dag.py:2937} INFO - Setting next_dagrun for SimpleHTTPTest to None
[2025-05-20 14:40:19,780] {processor.py:171} INFO - Processing /opt/airflow/dags/SimpleHTTPOperator.py took 0.626 seconds
[2025-05-20 14:40:51,791] {processor.py:163} INFO - Started process (PID=9242) to work on /opt/airflow/dags/SimpleHTTPOperator.py
[2025-05-20 14:40:51,792] {processor.py:642} INFO - Processing file /opt/airflow/dags/SimpleHTTPOperator.py for tasks to queue
[2025-05-20 14:40:51,793] {logging_mixin.py:109} INFO - [2025-05-20 14:40:51,793] {dagbag.py:500} INFO - Filling up the DagBag from /opt/airflow/dags/SimpleHTTPOperator.py
[2025-05-20 14:40:52,238] {processor.py:654} INFO - DAG(s) dict_keys(['SimpleHTTPTest']) retrieved from /opt/airflow/dags/SimpleHTTPOperator.py
[2025-05-20 14:40:52,476] {logging_mixin.py:109} INFO - [2025-05-20 14:40:52,475] {dag.py:2398} INFO - Sync 1 DAGs
[2025-05-20 14:40:52,489] {logging_mixin.py:109} INFO - [2025-05-20 14:40:52,489] {dag.py:2937} INFO - Setting next_dagrun for SimpleHTTPTest to None
[2025-05-20 14:40:52,497] {processor.py:171} INFO - Processing /opt/airflow/dags/SimpleHTTPOperator.py took 0.708 seconds
[2025-05-20 14:41:24,085] {processor.py:163} INFO - Started process (PID=9402) to work on /opt/airflow/dags/SimpleHTTPOperator.py
[2025-05-20 14:41:24,086] {processor.py:642} INFO - Processing file /opt/airflow/dags/SimpleHTTPOperator.py for tasks to queue
[2025-05-20 14:41:24,087] {logging_mixin.py:109} INFO - [2025-05-20 14:41:24,087] {dagbag.py:500} INFO - Filling up the DagBag from /opt/airflow/dags/SimpleHTTPOperator.py
[2025-05-20 14:41:24,538] {processor.py:654} INFO - DAG(s) dict_keys(['SimpleHTTPTest']) retrieved from /opt/airflow/dags/SimpleHTTPOperator.py
[2025-05-20 14:41:24,678] {logging_mixin.py:109} INFO - [2025-05-20 14:41:24,678] {dag.py:2398} INFO - Sync 1 DAGs
[2025-05-20 14:41:24,689] {logging_mixin.py:109} INFO - [2025-05-20 14:41:24,689] {dag.py:2937} INFO - Setting next_dagrun for SimpleHTTPTest to None
[2025-05-20 14:41:24,696] {processor.py:171} INFO - Processing /opt/airflow/dags/SimpleHTTPOperator.py took 0.613 seconds
[2025-05-20 14:41:39,728] {processor.py:163} INFO - Started process (PID=9507) to work on /opt/airflow/dags/SimpleHTTPOperator.py
[2025-05-20 14:41:39,730] {processor.py:642} INFO - Processing file /opt/airflow/dags/SimpleHTTPOperator.py for tasks to queue
[2025-05-20 14:41:39,730] {logging_mixin.py:109} INFO - [2025-05-20 14:41:39,730] {dagbag.py:500} INFO - Filling up the DagBag from /opt/airflow/dags/SimpleHTTPOperator.py
[2025-05-20 14:41:40,290] {processor.py:654} INFO - DAG(s) dict_keys(['SimpleHTTPTest']) retrieved from /opt/airflow/dags/SimpleHTTPOperator.py
[2025-05-20 14:41:40,294] {logging_mixin.py:109} INFO - [2025-05-20 14:41:40,294] {dag.py:2398} INFO - Sync 1 DAGs
[2025-05-20 14:41:40,309] {logging_mixin.py:109} INFO - [2025-05-20 14:41:40,309] {dag.py:2937} INFO - Setting next_dagrun for SimpleHTTPTest to None
[2025-05-20 14:41:40,322] {processor.py:171} INFO - Processing /opt/airflow/dags/SimpleHTTPOperator.py took 0.597 seconds
[2025-05-20 14:42:10,467] {processor.py:163} INFO - Started process (PID=9639) to work on /opt/airflow/dags/SimpleHTTPOperator.py
[2025-05-20 14:42:10,469] {processor.py:642} INFO - Processing file /opt/airflow/dags/SimpleHTTPOperator.py for tasks to queue
[2025-05-20 14:42:10,470] {logging_mixin.py:109} INFO - [2025-05-20 14:42:10,470] {dagbag.py:500} INFO - Filling up the DagBag from /opt/airflow/dags/SimpleHTTPOperator.py
[2025-05-20 14:42:10,891] {processor.py:654} INFO - DAG(s) dict_keys(['SimpleHTTPTest']) retrieved from /opt/airflow/dags/SimpleHTTPOperator.py
[2025-05-20 14:42:11,046] {logging_mixin.py:109} INFO - [2025-05-20 14:42:11,046] {dag.py:2398} INFO - Sync 1 DAGs
[2025-05-20 14:42:11,056] {logging_mixin.py:109} INFO - [2025-05-20 14:42:11,056] {dag.py:2937} INFO - Setting next_dagrun for SimpleHTTPTest to None
[2025-05-20 14:42:11,064] {processor.py:171} INFO - Processing /opt/airflow/dags/SimpleHTTPOperator.py took 0.600 seconds
[2025-05-20 14:42:41,295] {processor.py:163} INFO - Started process (PID=9781) to work on /opt/airflow/dags/SimpleHTTPOperator.py
[2025-05-20 14:42:41,296] {processor.py:642} INFO - Processing file /opt/airflow/dags/SimpleHTTPOperator.py for tasks to queue
[2025-05-20 14:42:41,297] {logging_mixin.py:109} INFO - [2025-05-20 14:42:41,297] {dagbag.py:500} INFO - Filling up the DagBag from /opt/airflow/dags/SimpleHTTPOperator.py
[2025-05-20 14:42:41,736] {processor.py:654} INFO - DAG(s) dict_keys(['SimpleHTTPTest']) retrieved from /opt/airflow/dags/SimpleHTTPOperator.py
[2025-05-20 14:42:41,743] {logging_mixin.py:109} INFO - [2025-05-20 14:42:41,743] {dag.py:2398} INFO - Sync 1 DAGs
[2025-05-20 14:42:41,755] {logging_mixin.py:109} INFO - [2025-05-20 14:42:41,755] {dag.py:2937} INFO - Setting next_dagrun for SimpleHTTPTest to None
[2025-05-20 14:42:41,762] {processor.py:171} INFO - Processing /opt/airflow/dags/SimpleHTTPOperator.py took 0.470 seconds
[2025-05-20 14:43:12,459] {processor.py:163} INFO - Started process (PID=9913) to work on /opt/airflow/dags/SimpleHTTPOperator.py
[2025-05-20 14:43:12,461] {processor.py:642} INFO - Processing file /opt/airflow/dags/SimpleHTTPOperator.py for tasks to queue
[2025-05-20 14:43:12,462] {logging_mixin.py:109} INFO - [2025-05-20 14:43:12,462] {dagbag.py:500} INFO - Filling up the DagBag from /opt/airflow/dags/SimpleHTTPOperator.py
[2025-05-20 14:43:13,044] {processor.py:654} INFO - DAG(s) dict_keys(['SimpleHTTPTest']) retrieved from /opt/airflow/dags/SimpleHTTPOperator.py
[2025-05-20 14:43:13,058] {logging_mixin.py:109} INFO - [2025-05-20 14:43:13,058] {dag.py:2398} INFO - Sync 1 DAGs
[2025-05-20 14:43:13,080] {logging_mixin.py:109} INFO - [2025-05-20 14:43:13,079] {dag.py:2937} INFO - Setting next_dagrun for SimpleHTTPTest to None
[2025-05-20 14:43:13,092] {processor.py:171} INFO - Processing /opt/airflow/dags/SimpleHTTPOperator.py took 0.636 seconds
[2025-05-20 14:43:43,323] {processor.py:163} INFO - Started process (PID=10045) to work on /opt/airflow/dags/SimpleHTTPOperator.py
[2025-05-20 14:43:43,324] {processor.py:642} INFO - Processing file /opt/airflow/dags/SimpleHTTPOperator.py for tasks to queue
[2025-05-20 14:43:43,325] {logging_mixin.py:109} INFO - [2025-05-20 14:43:43,325] {dagbag.py:500} INFO - Filling up the DagBag from /opt/airflow/dags/SimpleHTTPOperator.py
[2025-05-20 14:43:43,812] {processor.py:654} INFO - DAG(s) dict_keys(['SimpleHTTPTest']) retrieved from /opt/airflow/dags/SimpleHTTPOperator.py
[2025-05-20 14:43:43,820] {logging_mixin.py:109} INFO - [2025-05-20 14:43:43,820] {dag.py:2398} INFO - Sync 1 DAGs
[2025-05-20 14:43:43,831] {logging_mixin.py:109} INFO - [2025-05-20 14:43:43,831] {dag.py:2937} INFO - Setting next_dagrun for SimpleHTTPTest to None
[2025-05-20 14:43:43,839] {processor.py:171} INFO - Processing /opt/airflow/dags/SimpleHTTPOperator.py took 0.518 seconds
[2025-05-20 14:44:14,091] {processor.py:163} INFO - Started process (PID=10186) to work on /opt/airflow/dags/SimpleHTTPOperator.py
[2025-05-20 14:44:14,094] {processor.py:642} INFO - Processing file /opt/airflow/dags/SimpleHTTPOperator.py for tasks to queue
[2025-05-20 14:44:14,095] {logging_mixin.py:109} INFO - [2025-05-20 14:44:14,095] {dagbag.py:500} INFO - Filling up the DagBag from /opt/airflow/dags/SimpleHTTPOperator.py
[2025-05-20 14:44:14,556] {processor.py:654} INFO - DAG(s) dict_keys(['SimpleHTTPTest']) retrieved from /opt/airflow/dags/SimpleHTTPOperator.py
[2025-05-20 14:44:14,564] {logging_mixin.py:109} INFO - [2025-05-20 14:44:14,564] {dag.py:2398} INFO - Sync 1 DAGs
[2025-05-20 14:44:14,575] {logging_mixin.py:109} INFO - [2025-05-20 14:44:14,575] {dag.py:2937} INFO - Setting next_dagrun for SimpleHTTPTest to None
[2025-05-20 14:44:14,582] {processor.py:171} INFO - Processing /opt/airflow/dags/SimpleHTTPOperator.py took 0.494 seconds
[2025-05-20 14:44:44,686] {processor.py:163} INFO - Started process (PID=10319) to work on /opt/airflow/dags/SimpleHTTPOperator.py
[2025-05-20 14:44:44,691] {processor.py:642} INFO - Processing file /opt/airflow/dags/SimpleHTTPOperator.py for tasks to queue
[2025-05-20 14:44:44,691] {logging_mixin.py:109} INFO - [2025-05-20 14:44:44,691] {dagbag.py:500} INFO - Filling up the DagBag from /opt/airflow/dags/SimpleHTTPOperator.py
[2025-05-20 14:44:45,266] {processor.py:654} INFO - DAG(s) dict_keys(['SimpleHTTPTest']) retrieved from /opt/airflow/dags/SimpleHTTPOperator.py
[2025-05-20 14:44:45,277] {logging_mixin.py:109} INFO - [2025-05-20 14:44:45,277] {dag.py:2398} INFO - Sync 1 DAGs
[2025-05-20 14:44:45,297] {logging_mixin.py:109} INFO - [2025-05-20 14:44:45,297] {dag.py:2937} INFO - Setting next_dagrun for SimpleHTTPTest to None
[2025-05-20 14:44:45,307] {processor.py:171} INFO - Processing /opt/airflow/dags/SimpleHTTPOperator.py took 0.625 seconds
[2025-05-20 14:45:15,666] {processor.py:163} INFO - Started process (PID=10451) to work on /opt/airflow/dags/SimpleHTTPOperator.py
[2025-05-20 14:45:15,669] {processor.py:642} INFO - Processing file /opt/airflow/dags/SimpleHTTPOperator.py for tasks to queue
[2025-05-20 14:45:15,669] {logging_mixin.py:109} INFO - [2025-05-20 14:45:15,669] {dagbag.py:500} INFO - Filling up the DagBag from /opt/airflow/dags/SimpleHTTPOperator.py
[2025-05-20 14:45:16,116] {processor.py:654} INFO - DAG(s) dict_keys(['SimpleHTTPTest']) retrieved from /opt/airflow/dags/SimpleHTTPOperator.py
[2025-05-20 14:45:16,123] {logging_mixin.py:109} INFO - [2025-05-20 14:45:16,123] {dag.py:2398} INFO - Sync 1 DAGs
[2025-05-20 14:45:16,133] {logging_mixin.py:109} INFO - [2025-05-20 14:45:16,133] {dag.py:2937} INFO - Setting next_dagrun for SimpleHTTPTest to None
[2025-05-20 14:45:16,142] {processor.py:171} INFO - Processing /opt/airflow/dags/SimpleHTTPOperator.py took 0.484 seconds
[2025-05-20 14:45:46,819] {processor.py:163} INFO - Started process (PID=10583) to work on /opt/airflow/dags/SimpleHTTPOperator.py
[2025-05-20 14:45:46,820] {processor.py:642} INFO - Processing file /opt/airflow/dags/SimpleHTTPOperator.py for tasks to queue
[2025-05-20 14:45:46,821] {logging_mixin.py:109} INFO - [2025-05-20 14:45:46,821] {dagbag.py:500} INFO - Filling up the DagBag from /opt/airflow/dags/SimpleHTTPOperator.py
[2025-05-20 14:45:47,237] {processor.py:654} INFO - DAG(s) dict_keys(['SimpleHTTPTest']) retrieved from /opt/airflow/dags/SimpleHTTPOperator.py
[2025-05-20 14:45:47,377] {logging_mixin.py:109} INFO - [2025-05-20 14:45:47,377] {dag.py:2398} INFO - Sync 1 DAGs
[2025-05-20 14:45:47,387] {logging_mixin.py:109} INFO - [2025-05-20 14:45:47,387] {dag.py:2937} INFO - Setting next_dagrun for SimpleHTTPTest to None
[2025-05-20 14:45:47,395] {processor.py:171} INFO - Processing /opt/airflow/dags/SimpleHTTPOperator.py took 0.578 seconds
[2025-05-20 14:46:19,499] {processor.py:163} INFO - Started process (PID=10719) to work on /opt/airflow/dags/SimpleHTTPOperator.py
[2025-05-20 14:46:19,500] {processor.py:642} INFO - Processing file /opt/airflow/dags/SimpleHTTPOperator.py for tasks to queue
[2025-05-20 14:46:19,500] {logging_mixin.py:109} INFO - [2025-05-20 14:46:19,500] {dagbag.py:500} INFO - Filling up the DagBag from /opt/airflow/dags/SimpleHTTPOperator.py
[2025-05-20 14:46:19,940] {processor.py:654} INFO - DAG(s) dict_keys(['SimpleHTTPTest']) retrieved from /opt/airflow/dags/SimpleHTTPOperator.py
[2025-05-20 14:46:19,948] {logging_mixin.py:109} INFO - [2025-05-20 14:46:19,948] {dag.py:2398} INFO - Sync 1 DAGs
[2025-05-20 14:46:19,960] {logging_mixin.py:109} INFO - [2025-05-20 14:46:19,960] {dag.py:2937} INFO - Setting next_dagrun for SimpleHTTPTest to None
[2025-05-20 14:46:19,967] {processor.py:171} INFO - Processing /opt/airflow/dags/SimpleHTTPOperator.py took 0.471 seconds
[2025-05-20 14:46:50,515] {processor.py:163} INFO - Started process (PID=10853) to work on /opt/airflow/dags/SimpleHTTPOperator.py
[2025-05-20 14:46:50,516] {processor.py:642} INFO - Processing file /opt/airflow/dags/SimpleHTTPOperator.py for tasks to queue
[2025-05-20 14:46:50,516] {logging_mixin.py:109} INFO - [2025-05-20 14:46:50,516] {dagbag.py:500} INFO - Filling up the DagBag from /opt/airflow/dags/SimpleHTTPOperator.py
[2025-05-20 14:46:50,887] {processor.py:654} INFO - DAG(s) dict_keys(['SimpleHTTPTest']) retrieved from /opt/airflow/dags/SimpleHTTPOperator.py
[2025-05-20 14:46:51,037] {logging_mixin.py:109} INFO - [2025-05-20 14:46:51,037] {dag.py:2398} INFO - Sync 1 DAGs
[2025-05-20 14:46:51,051] {logging_mixin.py:109} INFO - [2025-05-20 14:46:51,051] {dag.py:2937} INFO - Setting next_dagrun for SimpleHTTPTest to None
[2025-05-20 14:46:51,060] {processor.py:171} INFO - Processing /opt/airflow/dags/SimpleHTTPOperator.py took 0.548 seconds
[2025-05-20 14:47:21,404] {processor.py:163} INFO - Started process (PID=10911) to work on /opt/airflow/dags/SimpleHTTPOperator.py
[2025-05-20 14:47:21,407] {processor.py:642} INFO - Processing file /opt/airflow/dags/SimpleHTTPOperator.py for tasks to queue
[2025-05-20 14:47:21,407] {logging_mixin.py:109} INFO - [2025-05-20 14:47:21,407] {dagbag.py:500} INFO - Filling up the DagBag from /opt/airflow/dags/SimpleHTTPOperator.py
[2025-05-20 14:47:21,924] {processor.py:654} INFO - DAG(s) dict_keys(['SimpleHTTPTest']) retrieved from /opt/airflow/dags/SimpleHTTPOperator.py
[2025-05-20 14:47:22,103] {logging_mixin.py:109} INFO - [2025-05-20 14:47:22,103] {dag.py:2398} INFO - Sync 1 DAGs
[2025-05-20 14:47:22,116] {logging_mixin.py:109} INFO - [2025-05-20 14:47:22,115] {dag.py:2937} INFO - Setting next_dagrun for SimpleHTTPTest to None
[2025-05-20 14:47:22,126] {processor.py:171} INFO - Processing /opt/airflow/dags/SimpleHTTPOperator.py took 0.725 seconds
[2025-05-20 14:47:53,678] {processor.py:163} INFO - Started process (PID=11053) to work on /opt/airflow/dags/SimpleHTTPOperator.py
[2025-05-20 14:47:53,679] {processor.py:642} INFO - Processing file /opt/airflow/dags/SimpleHTTPOperator.py for tasks to queue
[2025-05-20 14:47:53,679] {logging_mixin.py:109} INFO - [2025-05-20 14:47:53,679] {dagbag.py:500} INFO - Filling up the DagBag from /opt/airflow/dags/SimpleHTTPOperator.py
[2025-05-20 14:47:54,154] {processor.py:654} INFO - DAG(s) dict_keys(['SimpleHTTPTest']) retrieved from /opt/airflow/dags/SimpleHTTPOperator.py
[2025-05-20 14:47:54,161] {logging_mixin.py:109} INFO - [2025-05-20 14:47:54,161] {dag.py:2398} INFO - Sync 1 DAGs
[2025-05-20 14:47:54,172] {logging_mixin.py:109} INFO - [2025-05-20 14:47:54,171] {dag.py:2937} INFO - Setting next_dagrun for SimpleHTTPTest to None
[2025-05-20 14:47:54,179] {processor.py:171} INFO - Processing /opt/airflow/dags/SimpleHTTPOperator.py took 0.504 seconds
[2025-05-20 14:48:26,417] {processor.py:163} INFO - Started process (PID=11185) to work on /opt/airflow/dags/SimpleHTTPOperator.py
[2025-05-20 14:48:26,418] {processor.py:642} INFO - Processing file /opt/airflow/dags/SimpleHTTPOperator.py for tasks to queue
[2025-05-20 14:48:26,419] {logging_mixin.py:109} INFO - [2025-05-20 14:48:26,419] {dagbag.py:500} INFO - Filling up the DagBag from /opt/airflow/dags/SimpleHTTPOperator.py
[2025-05-20 14:48:26,903] {processor.py:654} INFO - DAG(s) dict_keys(['SimpleHTTPTest']) retrieved from /opt/airflow/dags/SimpleHTTPOperator.py
[2025-05-20 14:48:26,911] {logging_mixin.py:109} INFO - [2025-05-20 14:48:26,911] {dag.py:2398} INFO - Sync 1 DAGs
[2025-05-20 14:48:26,922] {logging_mixin.py:109} INFO - [2025-05-20 14:48:26,922] {dag.py:2937} INFO - Setting next_dagrun for SimpleHTTPTest to None
[2025-05-20 14:48:26,933] {processor.py:171} INFO - Processing /opt/airflow/dags/SimpleHTTPOperator.py took 0.518 seconds
[2025-05-20 14:48:58,760] {processor.py:163} INFO - Started process (PID=11327) to work on /opt/airflow/dags/SimpleHTTPOperator.py
[2025-05-20 14:48:58,761] {processor.py:642} INFO - Processing file /opt/airflow/dags/SimpleHTTPOperator.py for tasks to queue
[2025-05-20 14:48:58,761] {logging_mixin.py:109} INFO - [2025-05-20 14:48:58,761] {dagbag.py:500} INFO - Filling up the DagBag from /opt/airflow/dags/SimpleHTTPOperator.py
[2025-05-20 14:48:59,205] {processor.py:654} INFO - DAG(s) dict_keys(['SimpleHTTPTest']) retrieved from /opt/airflow/dags/SimpleHTTPOperator.py
[2025-05-20 14:48:59,212] {logging_mixin.py:109} INFO - [2025-05-20 14:48:59,212] {dag.py:2398} INFO - Sync 1 DAGs
[2025-05-20 14:48:59,223] {logging_mixin.py:109} INFO - [2025-05-20 14:48:59,223] {dag.py:2937} INFO - Setting next_dagrun for SimpleHTTPTest to None
[2025-05-20 14:48:59,229] {processor.py:171} INFO - Processing /opt/airflow/dags/SimpleHTTPOperator.py took 0.472 seconds
[2025-05-20 14:49:32,120] {processor.py:163} INFO - Started process (PID=11459) to work on /opt/airflow/dags/SimpleHTTPOperator.py
[2025-05-20 14:49:32,124] {processor.py:642} INFO - Processing file /opt/airflow/dags/SimpleHTTPOperator.py for tasks to queue
[2025-05-20 14:49:32,125] {logging_mixin.py:109} INFO - [2025-05-20 14:49:32,125] {dagbag.py:500} INFO - Filling up the DagBag from /opt/airflow/dags/SimpleHTTPOperator.py
[2025-05-20 14:49:32,788] {processor.py:654} INFO - DAG(s) dict_keys(['SimpleHTTPTest']) retrieved from /opt/airflow/dags/SimpleHTTPOperator.py
[2025-05-20 14:49:32,799] {logging_mixin.py:109} INFO - [2025-05-20 14:49:32,799] {dag.py:2398} INFO - Sync 1 DAGs
[2025-05-20 14:49:32,817] {logging_mixin.py:109} INFO - [2025-05-20 14:49:32,817] {dag.py:2937} INFO - Setting next_dagrun for SimpleHTTPTest to None
[2025-05-20 14:49:32,831] {processor.py:171} INFO - Processing /opt/airflow/dags/SimpleHTTPOperator.py took 0.717 seconds
[2025-05-20 14:50:03,907] {processor.py:163} INFO - Started process (PID=11592) to work on /opt/airflow/dags/SimpleHTTPOperator.py
[2025-05-20 14:50:03,909] {processor.py:642} INFO - Processing file /opt/airflow/dags/SimpleHTTPOperator.py for tasks to queue
[2025-05-20 14:50:03,910] {logging_mixin.py:109} INFO - [2025-05-20 14:50:03,910] {dagbag.py:500} INFO - Filling up the DagBag from /opt/airflow/dags/SimpleHTTPOperator.py
[2025-05-20 14:50:04,502] {processor.py:654} INFO - DAG(s) dict_keys(['SimpleHTTPTest']) retrieved from /opt/airflow/dags/SimpleHTTPOperator.py
[2025-05-20 14:50:04,667] {logging_mixin.py:109} INFO - [2025-05-20 14:50:04,667] {dag.py:2398} INFO - Sync 1 DAGs
[2025-05-20 14:50:04,682] {logging_mixin.py:109} INFO - [2025-05-20 14:50:04,682] {dag.py:2937} INFO - Setting next_dagrun for SimpleHTTPTest to None
[2025-05-20 14:50:04,691] {processor.py:171} INFO - Processing /opt/airflow/dags/SimpleHTTPOperator.py took 0.787 seconds
[2025-05-20 14:50:36,503] {processor.py:163} INFO - Started process (PID=11734) to work on /opt/airflow/dags/SimpleHTTPOperator.py
[2025-05-20 14:50:36,505] {processor.py:642} INFO - Processing file /opt/airflow/dags/SimpleHTTPOperator.py for tasks to queue
[2025-05-20 14:50:36,505] {logging_mixin.py:109} INFO - [2025-05-20 14:50:36,505] {dagbag.py:500} INFO - Filling up the DagBag from /opt/airflow/dags/SimpleHTTPOperator.py
[2025-05-20 14:50:37,056] {processor.py:654} INFO - DAG(s) dict_keys(['SimpleHTTPTest']) retrieved from /opt/airflow/dags/SimpleHTTPOperator.py
[2025-05-20 14:50:37,274] {logging_mixin.py:109} INFO - [2025-05-20 14:50:37,274] {dag.py:2398} INFO - Sync 1 DAGs
[2025-05-20 14:50:37,289] {logging_mixin.py:109} INFO - [2025-05-20 14:50:37,289] {dag.py:2937} INFO - Setting next_dagrun for SimpleHTTPTest to None
[2025-05-20 14:50:37,298] {processor.py:171} INFO - Processing /opt/airflow/dags/SimpleHTTPOperator.py took 0.799 seconds
[2025-05-20 14:51:09,510] {processor.py:163} INFO - Started process (PID=11866) to work on /opt/airflow/dags/SimpleHTTPOperator.py
[2025-05-20 14:51:09,513] {processor.py:642} INFO - Processing file /opt/airflow/dags/SimpleHTTPOperator.py for tasks to queue
[2025-05-20 14:51:09,514] {logging_mixin.py:109} INFO - [2025-05-20 14:51:09,513] {dagbag.py:500} INFO - Filling up the DagBag from /opt/airflow/dags/SimpleHTTPOperator.py
[2025-05-20 14:51:09,948] {processor.py:654} INFO - DAG(s) dict_keys(['SimpleHTTPTest']) retrieved from /opt/airflow/dags/SimpleHTTPOperator.py
[2025-05-20 14:51:09,955] {logging_mixin.py:109} INFO - [2025-05-20 14:51:09,955] {dag.py:2398} INFO - Sync 1 DAGs
[2025-05-20 14:51:09,966] {logging_mixin.py:109} INFO - [2025-05-20 14:51:09,966] {dag.py:2937} INFO - Setting next_dagrun for SimpleHTTPTest to None
[2025-05-20 14:51:09,973] {processor.py:171} INFO - Processing /opt/airflow/dags/SimpleHTTPOperator.py took 0.465 seconds
[2025-05-20 14:51:42,271] {processor.py:163} INFO - Started process (PID=11998) to work on /opt/airflow/dags/SimpleHTTPOperator.py
[2025-05-20 14:51:42,273] {processor.py:642} INFO - Processing file /opt/airflow/dags/SimpleHTTPOperator.py for tasks to queue
[2025-05-20 14:51:42,274] {logging_mixin.py:109} INFO - [2025-05-20 14:51:42,274] {dagbag.py:500} INFO - Filling up the DagBag from /opt/airflow/dags/SimpleHTTPOperator.py
[2025-05-20 14:51:42,850] {processor.py:654} INFO - DAG(s) dict_keys(['SimpleHTTPTest']) retrieved from /opt/airflow/dags/SimpleHTTPOperator.py
[2025-05-20 14:51:42,859] {logging_mixin.py:109} INFO - [2025-05-20 14:51:42,859] {dag.py:2398} INFO - Sync 1 DAGs
[2025-05-20 14:51:42,872] {logging_mixin.py:109} INFO - [2025-05-20 14:51:42,871] {dag.py:2937} INFO - Setting next_dagrun for SimpleHTTPTest to None
[2025-05-20 14:51:42,880] {processor.py:171} INFO - Processing /opt/airflow/dags/SimpleHTTPOperator.py took 0.613 seconds
[2025-05-20 14:52:14,263] {processor.py:163} INFO - Started process (PID=12144) to work on /opt/airflow/dags/SimpleHTTPOperator.py
[2025-05-20 14:52:14,265] {processor.py:642} INFO - Processing file /opt/airflow/dags/SimpleHTTPOperator.py for tasks to queue
[2025-05-20 14:52:14,265] {logging_mixin.py:109} INFO - [2025-05-20 14:52:14,265] {dagbag.py:500} INFO - Filling up the DagBag from /opt/airflow/dags/SimpleHTTPOperator.py
[2025-05-20 14:52:14,730] {processor.py:654} INFO - DAG(s) dict_keys(['SimpleHTTPTest']) retrieved from /opt/airflow/dags/SimpleHTTPOperator.py
[2025-05-20 14:52:14,738] {logging_mixin.py:109} INFO - [2025-05-20 14:52:14,738] {dag.py:2398} INFO - Sync 1 DAGs
[2025-05-20 14:52:14,750] {logging_mixin.py:109} INFO - [2025-05-20 14:52:14,750] {dag.py:2937} INFO - Setting next_dagrun for SimpleHTTPTest to None
[2025-05-20 14:52:14,759] {processor.py:171} INFO - Processing /opt/airflow/dags/SimpleHTTPOperator.py took 0.498 seconds
[2025-05-20 14:52:47,016] {processor.py:163} INFO - Started process (PID=12276) to work on /opt/airflow/dags/SimpleHTTPOperator.py
[2025-05-20 14:52:47,018] {processor.py:642} INFO - Processing file /opt/airflow/dags/SimpleHTTPOperator.py for tasks to queue
[2025-05-20 14:52:47,019] {logging_mixin.py:109} INFO - [2025-05-20 14:52:47,019] {dagbag.py:500} INFO - Filling up the DagBag from /opt/airflow/dags/SimpleHTTPOperator.py
[2025-05-20 14:52:47,716] {processor.py:654} INFO - DAG(s) dict_keys(['SimpleHTTPTest']) retrieved from /opt/airflow/dags/SimpleHTTPOperator.py
[2025-05-20 14:52:47,724] {logging_mixin.py:109} INFO - [2025-05-20 14:52:47,724] {dag.py:2398} INFO - Sync 1 DAGs
[2025-05-20 14:52:47,783] {logging_mixin.py:109} INFO - [2025-05-20 14:52:47,783] {dag.py:2937} INFO - Setting next_dagrun for SimpleHTTPTest to None
[2025-05-20 14:52:47,790] {processor.py:171} INFO - Processing /opt/airflow/dags/SimpleHTTPOperator.py took 0.777 seconds
[2025-05-20 14:53:19,530] {processor.py:163} INFO - Started process (PID=12415) to work on /opt/airflow/dags/SimpleHTTPOperator.py
[2025-05-20 14:53:19,545] {processor.py:642} INFO - Processing file /opt/airflow/dags/SimpleHTTPOperator.py for tasks to queue
[2025-05-20 14:53:19,552] {logging_mixin.py:109} INFO - [2025-05-20 14:53:19,550] {dagbag.py:500} INFO - Filling up the DagBag from /opt/airflow/dags/SimpleHTTPOperator.py
[2025-05-20 14:53:20,377] {processor.py:654} INFO - DAG(s) dict_keys(['SimpleHTTPTest']) retrieved from /opt/airflow/dags/SimpleHTTPOperator.py
[2025-05-20 14:53:20,387] {logging_mixin.py:109} INFO - [2025-05-20 14:53:20,387] {dag.py:2398} INFO - Sync 1 DAGs
[2025-05-20 14:53:20,403] {logging_mixin.py:109} INFO - [2025-05-20 14:53:20,403] {dag.py:2937} INFO - Setting next_dagrun for SimpleHTTPTest to None
[2025-05-20 14:53:20,413] {processor.py:171} INFO - Processing /opt/airflow/dags/SimpleHTTPOperator.py took 0.902 seconds
[2025-05-20 14:53:51,830] {processor.py:163} INFO - Started process (PID=12550) to work on /opt/airflow/dags/SimpleHTTPOperator.py
[2025-05-20 14:53:51,833] {processor.py:642} INFO - Processing file /opt/airflow/dags/SimpleHTTPOperator.py for tasks to queue
[2025-05-20 14:53:51,834] {logging_mixin.py:109} INFO - [2025-05-20 14:53:51,834] {dagbag.py:500} INFO - Filling up the DagBag from /opt/airflow/dags/SimpleHTTPOperator.py
[2025-05-20 14:53:52,291] {processor.py:654} INFO - DAG(s) dict_keys(['SimpleHTTPTest']) retrieved from /opt/airflow/dags/SimpleHTTPOperator.py
[2025-05-20 14:53:52,299] {logging_mixin.py:109} INFO - [2025-05-20 14:53:52,299] {dag.py:2398} INFO - Sync 1 DAGs
[2025-05-20 14:53:52,313] {logging_mixin.py:109} INFO - [2025-05-20 14:53:52,313] {dag.py:2937} INFO - Setting next_dagrun for SimpleHTTPTest to None
[2025-05-20 14:53:52,320] {processor.py:171} INFO - Processing /opt/airflow/dags/SimpleHTTPOperator.py took 0.493 seconds
[2025-05-20 14:54:24,777] {processor.py:163} INFO - Started process (PID=12682) to work on /opt/airflow/dags/SimpleHTTPOperator.py
[2025-05-20 14:54:24,779] {processor.py:642} INFO - Processing file /opt/airflow/dags/SimpleHTTPOperator.py for tasks to queue
[2025-05-20 14:54:24,780] {logging_mixin.py:109} INFO - [2025-05-20 14:54:24,780] {dagbag.py:500} INFO - Filling up the DagBag from /opt/airflow/dags/SimpleHTTPOperator.py
[2025-05-20 14:54:25,216] {processor.py:654} INFO - DAG(s) dict_keys(['SimpleHTTPTest']) retrieved from /opt/airflow/dags/SimpleHTTPOperator.py
[2025-05-20 14:54:25,223] {logging_mixin.py:109} INFO - [2025-05-20 14:54:25,223] {dag.py:2398} INFO - Sync 1 DAGs
[2025-05-20 14:54:25,233] {logging_mixin.py:109} INFO - [2025-05-20 14:54:25,233] {dag.py:2937} INFO - Setting next_dagrun for SimpleHTTPTest to None
[2025-05-20 14:54:25,240] {processor.py:171} INFO - Processing /opt/airflow/dags/SimpleHTTPOperator.py took 0.466 seconds
[2025-05-20 14:54:57,148] {processor.py:163} INFO - Started process (PID=12824) to work on /opt/airflow/dags/SimpleHTTPOperator.py
[2025-05-20 14:54:57,151] {processor.py:642} INFO - Processing file /opt/airflow/dags/SimpleHTTPOperator.py for tasks to queue
[2025-05-20 14:54:57,151] {logging_mixin.py:109} INFO - [2025-05-20 14:54:57,151] {dagbag.py:500} INFO - Filling up the DagBag from /opt/airflow/dags/SimpleHTTPOperator.py
[2025-05-20 14:54:57,837] {processor.py:654} INFO - DAG(s) dict_keys(['SimpleHTTPTest']) retrieved from /opt/airflow/dags/SimpleHTTPOperator.py
[2025-05-20 14:54:57,844] {logging_mixin.py:109} INFO - [2025-05-20 14:54:57,844] {dag.py:2398} INFO - Sync 1 DAGs
[2025-05-20 14:54:57,855] {logging_mixin.py:109} INFO - [2025-05-20 14:54:57,855] {dag.py:2937} INFO - Setting next_dagrun for SimpleHTTPTest to None
[2025-05-20 14:54:57,889] {processor.py:171} INFO - Processing /opt/airflow/dags/SimpleHTTPOperator.py took 0.743 seconds
[2025-05-20 14:55:30,266] {processor.py:163} INFO - Started process (PID=12956) to work on /opt/airflow/dags/SimpleHTTPOperator.py
[2025-05-20 14:55:30,269] {processor.py:642} INFO - Processing file /opt/airflow/dags/SimpleHTTPOperator.py for tasks to queue
[2025-05-20 14:55:30,270] {logging_mixin.py:109} INFO - [2025-05-20 14:55:30,270] {dagbag.py:500} INFO - Filling up the DagBag from /opt/airflow/dags/SimpleHTTPOperator.py
[2025-05-20 14:55:30,971] {processor.py:654} INFO - DAG(s) dict_keys(['SimpleHTTPTest']) retrieved from /opt/airflow/dags/SimpleHTTPOperator.py
[2025-05-20 14:55:30,980] {logging_mixin.py:109} INFO - [2025-05-20 14:55:30,980] {dag.py:2398} INFO - Sync 1 DAGs
[2025-05-20 14:55:30,993] {logging_mixin.py:109} INFO - [2025-05-20 14:55:30,993] {dag.py:2937} INFO - Setting next_dagrun for SimpleHTTPTest to None
[2025-05-20 14:55:31,002] {processor.py:171} INFO - Processing /opt/airflow/dags/SimpleHTTPOperator.py took 0.739 seconds
[2025-05-20 14:56:02,808] {processor.py:163} INFO - Started process (PID=13088) to work on /opt/airflow/dags/SimpleHTTPOperator.py
[2025-05-20 14:56:02,811] {processor.py:642} INFO - Processing file /opt/airflow/dags/SimpleHTTPOperator.py for tasks to queue
[2025-05-20 14:56:02,812] {logging_mixin.py:109} INFO - [2025-05-20 14:56:02,812] {dagbag.py:500} INFO - Filling up the DagBag from /opt/airflow/dags/SimpleHTTPOperator.py
[2025-05-20 14:56:03,447] {processor.py:654} INFO - DAG(s) dict_keys(['SimpleHTTPTest']) retrieved from /opt/airflow/dags/SimpleHTTPOperator.py
[2025-05-20 14:56:03,458] {logging_mixin.py:109} INFO - [2025-05-20 14:56:03,457] {dag.py:2398} INFO - Sync 1 DAGs
[2025-05-20 14:56:03,473] {logging_mixin.py:109} INFO - [2025-05-20 14:56:03,473] {dag.py:2937} INFO - Setting next_dagrun for SimpleHTTPTest to None
[2025-05-20 14:56:03,482] {processor.py:171} INFO - Processing /opt/airflow/dags/SimpleHTTPOperator.py took 0.676 seconds
