[2025-05-20 14:24:33,196] {taskinstance.py:1037} INFO - Dependencies all met for <TaskInstance: ETLWeatherPrintAirflow2.transform manual__2025-05-20T14:24:30.791887+00:00 [queued]>
[2025-05-20 14:24:33,204] {taskinstance.py:1037} INFO - Dependencies all met for <TaskInstance: ETLWeatherPrintAirflow2.transform manual__2025-05-20T14:24:30.791887+00:00 [queued]>
[2025-05-20 14:24:33,204] {taskinstance.py:1243} INFO - 
--------------------------------------------------------------------------------
[2025-05-20 14:24:33,204] {taskinstance.py:1244} INFO - Starting attempt 1 of 1
[2025-05-20 14:24:33,204] {taskinstance.py:1245} INFO - 
--------------------------------------------------------------------------------
[2025-05-20 14:24:33,213] {taskinstance.py:1264} INFO - Executing <Task(PythonOperator): transform> on 2025-05-20 14:24:30.791887+00:00
[2025-05-20 14:24:33,218] {standard_task_runner.py:52} INFO - Started process 930 to run task
[2025-05-20 14:24:33,220] {standard_task_runner.py:76} INFO - Running: ['***', 'tasks', 'run', 'ETLWeatherPrintAirflow2', 'transform', 'manual__2025-05-20T14:24:30.791887+00:00', '--job-id', '48', '--raw', '--subdir', 'DAGS_FOLDER/00_ETLWeatherPrintAirflow2.py', '--cfg-path', '/tmp/tmpuyx3aeeb', '--error-file', '/tmp/tmp3cynyhbl']
[2025-05-20 14:24:33,220] {standard_task_runner.py:77} INFO - Job 48: Subtask transform
[2025-05-20 14:24:33,260] {logging_mixin.py:109} INFO - Running <TaskInstance: ETLWeatherPrintAirflow2.transform manual__2025-05-20T14:24:30.791887+00:00 [running]> on host fabc4724d39b
[2025-05-20 14:24:33,298] {taskinstance.py:1431} INFO - Exporting the following env vars:
AIRFLOW_CTX_DAG_OWNER=***
AIRFLOW_CTX_DAG_ID=ETLWeatherPrintAirflow2
AIRFLOW_CTX_TASK_ID=transform
AIRFLOW_CTX_EXECUTION_DATE=2025-05-20T14:24:30.791887+00:00
AIRFLOW_CTX_DAG_RUN_ID=manual__2025-05-20T14:24:30.791887+00:00
[2025-05-20 14:24:33,305] {logging_mixin.py:109} INFO - {"location": {"name": "Berlin", "region": "Berlin", "country": "Germany", "lat": 52.5167, "lon": 13.4, "tz_id": "Europe/Berlin", "localtime_epoch": 1747751124, "localtime": "2025-05-20 16:25"}, "current": {"last_updated_epoch": 1747750500, "last_updated": "2025-05-20 16:15", "temp_c": 23.2, "temp_f": 73.8, "is_day": 1, "condition": {"text": "Sunny", "icon": "//cdn.weatherapi.com/weather/64x64/day/113.png", "code": 1000}, "wind_mph": 7.6, "wind_kph": 12.2, "wind_degree": 304, "wind_dir": "NW", "pressure_mb": 1014.0, "pressure_in": 29.94, "precip_mm": 0.0, "precip_in": 0.0, "humidity": 38, "cloud": 0, "feelslike_c": 23.8, "feelslike_f": 74.8, "windchill_c": 22.2, "windchill_f": 72.0, "heatindex_c": 23.4, "heatindex_f": 74.1, "dewpoint_c": 4.1, "dewpoint_f": 39.3, "vis_km": 10.0, "vis_miles": 6.0, "uv": 3.5, "gust_mph": 8.7, "gust_kph": 14.1}}
[2025-05-20 14:24:33,320] {python.py:175} INFO - Done. Returned value was: None
[2025-05-20 14:24:33,329] {taskinstance.py:1282} INFO - Marking task as SUCCESS. dag_id=ETLWeatherPrintAirflow2, task_id=transform, execution_date=20250520T142430, start_date=20250520T142433, end_date=20250520T142433
[2025-05-20 14:24:33,351] {local_task_job.py:154} INFO - Task exited with return code 0
[2025-05-20 14:24:33,375] {local_task_job.py:264} INFO - 1 downstream tasks scheduled from follow-on schedule check
