[2025-05-20 14:52:02,107] {taskinstance.py:1037} INFO - Dependencies all met for <TaskInstance: ETLWeatherPostgresAndPrint.query_print manual__2025-05-20T14:51:59.143497+00:00 [queued]>
[2025-05-20 14:52:02,115] {taskinstance.py:1037} INFO - Dependencies all met for <TaskInstance: ETLWeatherPostgresAndPrint.query_print manual__2025-05-20T14:51:59.143497+00:00 [queued]>
[2025-05-20 14:52:02,115] {taskinstance.py:1243} INFO - 
--------------------------------------------------------------------------------
[2025-05-20 14:52:02,115] {taskinstance.py:1244} INFO - Starting attempt 1 of 1
[2025-05-20 14:52:02,115] {taskinstance.py:1245} INFO - 
--------------------------------------------------------------------------------
[2025-05-20 14:52:02,123] {taskinstance.py:1264} INFO - Executing <Task(_PythonDecoratedOperator): query_print> on 2025-05-20 14:51:59.143497+00:00
[2025-05-20 14:52:02,128] {standard_task_runner.py:52} INFO - Started process 2129 to run task
[2025-05-20 14:52:02,130] {standard_task_runner.py:76} INFO - Running: ['***', 'tasks', 'run', 'ETLWeatherPostgresAndPrint', 'query_print', 'manual__2025-05-20T14:51:59.143497+00:00', '--job-id', '61', '--raw', '--subdir', 'DAGS_FOLDER/03-ETLWeatherPostgresAndPrint.py', '--cfg-path', '/tmp/tmpsto8b7p7', '--error-file', '/tmp/tmp0w2ktsu2']
[2025-05-20 14:52:02,131] {standard_task_runner.py:77} INFO - Job 61: Subtask query_print
[2025-05-20 14:52:02,175] {logging_mixin.py:109} INFO - Running <TaskInstance: ETLWeatherPostgresAndPrint.query_print manual__2025-05-20T14:51:59.143497+00:00 [running]> on host fabc4724d39b
[2025-05-20 14:52:02,218] {taskinstance.py:1431} INFO - Exporting the following env vars:
AIRFLOW_CTX_DAG_OWNER=***
AIRFLOW_CTX_DAG_ID=ETLWeatherPostgresAndPrint
AIRFLOW_CTX_TASK_ID=query_print
AIRFLOW_CTX_EXECUTION_DATE=2025-05-20T14:51:59.143497+00:00
AIRFLOW_CTX_DAG_RUN_ID=manual__2025-05-20T14:51:59.143497+00:00
[2025-05-20 14:52:02,219] {logging_mixin.py:109} INFO - [{'location': 'Berlin', 'temp_c': 24.2, 'wind_kph': 12.2, 'timestamp': '2025-05-20T14:52:20+02:00'}]
[2025-05-20 14:52:02,219] {python.py:175} INFO - Done. Returned value was: None
[2025-05-20 14:52:02,228] {taskinstance.py:1282} INFO - Marking task as SUCCESS. dag_id=ETLWeatherPostgresAndPrint, task_id=query_print, execution_date=20250520T145159, start_date=20250520T145202, end_date=20250520T145202
[2025-05-20 14:52:02,262] {local_task_job.py:154} INFO - Task exited with return code 0
[2025-05-20 14:52:02,286] {local_task_job.py:264} INFO - 0 downstream tasks scheduled from follow-on schedule check
