[2025-05-20 14:40:32,333] {taskinstance.py:1037} INFO - Dependencies all met for <TaskInstance: ETLWeatherPrint.extract manual__2025-05-20T14:40:31.309692+00:00 [queued]>
[2025-05-20 14:40:32,344] {taskinstance.py:1037} INFO - Dependencies all met for <TaskInstance: ETLWeatherPrint.extract manual__2025-05-20T14:40:31.309692+00:00 [queued]>
[2025-05-20 14:40:32,345] {taskinstance.py:1243} INFO - 
--------------------------------------------------------------------------------
[2025-05-20 14:40:32,345] {taskinstance.py:1244} INFO - Starting attempt 1 of 1
[2025-05-20 14:40:32,345] {taskinstance.py:1245} INFO - 
--------------------------------------------------------------------------------
[2025-05-20 14:40:32,355] {taskinstance.py:1264} INFO - Executing <Task(_PythonDecoratedOperator): extract> on 2025-05-20 14:40:31.309692+00:00
[2025-05-20 14:40:32,365] {standard_task_runner.py:52} INFO - Started process 1619 to run task
[2025-05-20 14:40:32,369] {standard_task_runner.py:76} INFO - Running: ['***', 'tasks', 'run', 'ETLWeatherPrint', 'extract', 'manual__2025-05-20T14:40:31.309692+00:00', '--job-id', '52', '--raw', '--subdir', 'DAGS_FOLDER/01-ETLWeatherPrint.py', '--cfg-path', '/tmp/tmpfmewfjuo', '--error-file', '/tmp/tmp0lf1oyd9']
[2025-05-20 14:40:32,369] {standard_task_runner.py:77} INFO - Job 52: Subtask extract
[2025-05-20 14:40:32,425] {logging_mixin.py:109} INFO - Running <TaskInstance: ETLWeatherPrint.extract manual__2025-05-20T14:40:31.309692+00:00 [running]> on host fabc4724d39b
[2025-05-20 14:40:32,473] {taskinstance.py:1431} INFO - Exporting the following env vars:
AIRFLOW_CTX_DAG_OWNER=***
AIRFLOW_CTX_DAG_ID=ETLWeatherPrint
AIRFLOW_CTX_TASK_ID=extract
AIRFLOW_CTX_EXECUTION_DATE=2025-05-20T14:40:31.309692+00:00
AIRFLOW_CTX_DAG_RUN_ID=manual__2025-05-20T14:40:31.309692+00:00
[2025-05-20 14:40:32,592] {python.py:175} INFO - Done. Returned value was: {'location': {'name': 'Berlin', 'region': 'Berlin', 'country': 'Germany', 'lat': 52.5167, 'lon': 13.4, 'tz_id': 'Europe/Berlin', 'localtime_epoch': 1747752048, 'localtime': '2025-05-20 16:40'}, 'current': {'last_updated_epoch': 1747751400, 'last_updated': '2025-05-20 16:30', 'temp_c': 24.0, 'temp_f': 75.2, 'is_day': 1, 'condition': {'text': 'Sunny', 'icon': '//cdn.weatherapi.com/weather/64x64/day/113.png', 'code': 1000}, 'wind_mph': 7.6, 'wind_kph': 12.2, 'wind_degree': 304, 'wind_dir': 'NW', 'pressure_mb': 1014.0, 'pressure_in': 29.94, 'precip_mm': 0.0, 'precip_in': 0.0, 'humidity': 36, 'cloud': 0, 'feelslike_c': 24.2, 'feelslike_f': 75.5, 'windchill_c': 22.2, 'windchill_f': 72.0, 'heatindex_c': 23.4, 'heatindex_f': 74.1, 'dewpoint_c': 4.1, 'dewpoint_f': 39.3, 'vis_km': 10.0, 'vis_miles': 6.0, 'uv': 3.5, 'gust_mph': 8.7, 'gust_kph': 14.1}}
[2025-05-20 14:40:32,616] {taskinstance.py:1282} INFO - Marking task as SUCCESS. dag_id=ETLWeatherPrint, task_id=extract, execution_date=20250520T144031, start_date=20250520T144032, end_date=20250520T144032
[2025-05-20 14:40:32,660] {local_task_job.py:154} INFO - Task exited with return code 0
[2025-05-20 14:40:32,691] {local_task_job.py:264} INFO - 0 downstream tasks scheduled from follow-on schedule check
