[2025-05-20 14:40:34,235] {taskinstance.py:1037} INFO - Dependencies all met for <TaskInstance: ETLWeatherPrint.load manual__2025-05-20T14:40:31.309692+00:00 [queued]>
[2025-05-20 14:40:34,243] {taskinstance.py:1037} INFO - Dependencies all met for <TaskInstance: ETLWeatherPrint.load manual__2025-05-20T14:40:31.309692+00:00 [queued]>
[2025-05-20 14:40:34,244] {taskinstance.py:1243} INFO - 
--------------------------------------------------------------------------------
[2025-05-20 14:40:34,244] {taskinstance.py:1244} INFO - Starting attempt 1 of 1
[2025-05-20 14:40:34,244] {taskinstance.py:1245} INFO - 
--------------------------------------------------------------------------------
[2025-05-20 14:40:34,254] {taskinstance.py:1264} INFO - Executing <Task(_PythonDecoratedOperator): load> on 2025-05-20 14:40:31.309692+00:00
[2025-05-20 14:40:34,264] {standard_task_runner.py:52} INFO - Started process 1623 to run task
[2025-05-20 14:40:34,267] {standard_task_runner.py:76} INFO - Running: ['***', 'tasks', 'run', 'ETLWeatherPrint', 'load', 'manual__2025-05-20T14:40:31.309692+00:00', '--job-id', '54', '--raw', '--subdir', 'DAGS_FOLDER/01-ETLWeatherPrint.py', '--cfg-path', '/tmp/tmp9sv530c3', '--error-file', '/tmp/tmp75_5a7cr']
[2025-05-20 14:40:34,268] {standard_task_runner.py:77} INFO - Job 54: Subtask load
[2025-05-20 14:40:34,315] {logging_mixin.py:109} INFO - Running <TaskInstance: ETLWeatherPrint.load manual__2025-05-20T14:40:31.309692+00:00 [running]> on host fabc4724d39b
[2025-05-20 14:40:34,362] {taskinstance.py:1431} INFO - Exporting the following env vars:
AIRFLOW_CTX_DAG_OWNER=***
AIRFLOW_CTX_DAG_ID=ETLWeatherPrint
AIRFLOW_CTX_TASK_ID=load
AIRFLOW_CTX_EXECUTION_DATE=2025-05-20T14:40:31.309692+00:00
AIRFLOW_CTX_DAG_RUN_ID=manual__2025-05-20T14:40:31.309692+00:00
[2025-05-20 14:40:34,363] {logging_mixin.py:109} INFO - [{'location': 'Berlin', 'temp_c': 24.0, 'wind_kph': 12.2, 'timestamp': '2025-05-20T14:40:48+02:00'}]
[2025-05-20 14:40:34,363] {python.py:175} INFO - Done. Returned value was: None
[2025-05-20 14:40:34,374] {taskinstance.py:1282} INFO - Marking task as SUCCESS. dag_id=ETLWeatherPrint, task_id=load, execution_date=20250520T144031, start_date=20250520T144034, end_date=20250520T144034
[2025-05-20 14:40:34,399] {local_task_job.py:154} INFO - Task exited with return code 0
[2025-05-20 14:40:34,425] {local_task_job.py:264} INFO - 0 downstream tasks scheduled from follow-on schedule check
