[2025-05-20 14:24:34,348] {taskinstance.py:1037} INFO - Dependencies all met for <TaskInstance: ETLWeatherPrintAirflow2.load manual__2025-05-20T14:24:30.791887+00:00 [queued]>
[2025-05-20 14:24:34,355] {taskinstance.py:1037} INFO - Dependencies all met for <TaskInstance: ETLWeatherPrintAirflow2.load manual__2025-05-20T14:24:30.791887+00:00 [queued]>
[2025-05-20 14:24:34,355] {taskinstance.py:1243} INFO - 
--------------------------------------------------------------------------------
[2025-05-20 14:24:34,355] {taskinstance.py:1244} INFO - Starting attempt 1 of 1
[2025-05-20 14:24:34,355] {taskinstance.py:1245} INFO - 
--------------------------------------------------------------------------------
[2025-05-20 14:24:34,376] {taskinstance.py:1264} INFO - Executing <Task(PythonOperator): load> on 2025-05-20 14:24:30.791887+00:00
[2025-05-20 14:24:34,382] {standard_task_runner.py:52} INFO - Started process 932 to run task
[2025-05-20 14:24:34,384] {standard_task_runner.py:76} INFO - Running: ['***', 'tasks', 'run', 'ETLWeatherPrintAirflow2', 'load', 'manual__2025-05-20T14:24:30.791887+00:00', '--job-id', '49', '--raw', '--subdir', 'DAGS_FOLDER/00_ETLWeatherPrintAirflow2.py', '--cfg-path', '/tmp/tmpy5h8zs35', '--error-file', '/tmp/tmprgjo0b4d']
[2025-05-20 14:24:34,384] {standard_task_runner.py:77} INFO - Job 49: Subtask load
[2025-05-20 14:24:34,428] {logging_mixin.py:109} INFO - Running <TaskInstance: ETLWeatherPrintAirflow2.load manual__2025-05-20T14:24:30.791887+00:00 [running]> on host fabc4724d39b
[2025-05-20 14:24:34,470] {taskinstance.py:1431} INFO - Exporting the following env vars:
AIRFLOW_CTX_DAG_OWNER=***
AIRFLOW_CTX_DAG_ID=ETLWeatherPrintAirflow2
AIRFLOW_CTX_TASK_ID=load
AIRFLOW_CTX_EXECUTION_DATE=2025-05-20T14:24:30.791887+00:00
AIRFLOW_CTX_DAG_RUN_ID=manual__2025-05-20T14:24:30.791887+00:00
[2025-05-20 14:24:34,477] {00_ETLWeatherPrintAirflow2.py:55} INFO - [{"location":"Berlin","temp_c":23.2,"wind_kph":12.2,"timestamp":"2025-05-20T14:25:24+02:00"}]
[2025-05-20 14:24:34,477] {python.py:175} INFO - Done. Returned value was: None
[2025-05-20 14:24:34,486] {taskinstance.py:1282} INFO - Marking task as SUCCESS. dag_id=ETLWeatherPrintAirflow2, task_id=load, execution_date=20250520T142430, start_date=20250520T142434, end_date=20250520T142434
[2025-05-20 14:24:34,515] {local_task_job.py:154} INFO - Task exited with return code 0
[2025-05-20 14:24:34,538] {local_task_job.py:264} INFO - 0 downstream tasks scheduled from follow-on schedule check
