[2025-05-20 14:24:27,650] {taskinstance.py:1037} INFO - Dependencies all met for <TaskInstance: ETLWeatherPrintAirflow2.load manual__2025-05-20T14:24:17+00:00 [queued]>
[2025-05-20 14:24:27,659] {taskinstance.py:1037} INFO - Dependencies all met for <TaskInstance: ETLWeatherPrintAirflow2.load manual__2025-05-20T14:24:17+00:00 [queued]>
[2025-05-20 14:24:27,659] {taskinstance.py:1243} INFO - 
--------------------------------------------------------------------------------
[2025-05-20 14:24:27,659] {taskinstance.py:1244} INFO - Starting attempt 1 of 1
[2025-05-20 14:24:27,659] {taskinstance.py:1245} INFO - 
--------------------------------------------------------------------------------
[2025-05-20 14:24:27,669] {taskinstance.py:1264} INFO - Executing <Task(PythonOperator): load> on 2025-05-20 14:24:17+00:00
[2025-05-20 14:24:27,675] {standard_task_runner.py:52} INFO - Started process 925 to run task
[2025-05-20 14:24:27,677] {standard_task_runner.py:76} INFO - Running: ['***', 'tasks', 'run', 'ETLWeatherPrintAirflow2', 'load', 'manual__2025-05-20T14:24:17+00:00', '--job-id', '45', '--raw', '--subdir', 'DAGS_FOLDER/00_ETLWeatherPrintAirflow2.py', '--cfg-path', '/tmp/tmpiye_oo_w', '--error-file', '/tmp/tmpy99wro50']
[2025-05-20 14:24:27,678] {standard_task_runner.py:77} INFO - Job 45: Subtask load
[2025-05-20 14:24:27,718] {logging_mixin.py:109} INFO - Running <TaskInstance: ETLWeatherPrintAirflow2.load manual__2025-05-20T14:24:17+00:00 [running]> on host fabc4724d39b
[2025-05-20 14:24:27,760] {taskinstance.py:1431} INFO - Exporting the following env vars:
AIRFLOW_CTX_DAG_OWNER=***
AIRFLOW_CTX_DAG_ID=ETLWeatherPrintAirflow2
AIRFLOW_CTX_TASK_ID=load
AIRFLOW_CTX_EXECUTION_DATE=2025-05-20T14:24:17+00:00
AIRFLOW_CTX_DAG_RUN_ID=manual__2025-05-20T14:24:17+00:00
[2025-05-20 14:24:27,768] {00_ETLWeatherPrintAirflow2.py:55} INFO - [{"location":"Berlin","temp_c":23.2,"wind_kph":12.2,"timestamp":"2025-05-20T14:25:24+02:00"}]
[2025-05-20 14:24:27,768] {python.py:175} INFO - Done. Returned value was: None
[2025-05-20 14:24:27,778] {taskinstance.py:1282} INFO - Marking task as SUCCESS. dag_id=ETLWeatherPrintAirflow2, task_id=load, execution_date=20250520T142417, start_date=20250520T142427, end_date=20250520T142427
[2025-05-20 14:24:27,809] {local_task_job.py:154} INFO - Task exited with return code 0
[2025-05-20 14:24:27,830] {local_task_job.py:264} INFO - 0 downstream tasks scheduled from follow-on schedule check
