[2025-05-20 14:36:53,792] {taskinstance.py:1037} INFO - Dependencies all met for <TaskInstance: ETLWeatherPrint.extract manual__2025-05-20T14:36:52.950432+00:00 [queued]>
[2025-05-20 14:36:53,803] {taskinstance.py:1037} INFO - Dependencies all met for <TaskInstance: ETLWeatherPrint.extract manual__2025-05-20T14:36:52.950432+00:00 [queued]>
[2025-05-20 14:36:53,803] {taskinstance.py:1243} INFO - 
--------------------------------------------------------------------------------
[2025-05-20 14:36:53,803] {taskinstance.py:1244} INFO - Starting attempt 1 of 1
[2025-05-20 14:36:53,803] {taskinstance.py:1245} INFO - 
--------------------------------------------------------------------------------
[2025-05-20 14:36:53,812] {taskinstance.py:1264} INFO - Executing <Task(_PythonDecoratedOperator): extract> on 2025-05-20 14:36:52.950432+00:00
[2025-05-20 14:36:53,819] {standard_task_runner.py:52} INFO - Started process 1454 to run task
[2025-05-20 14:36:53,821] {standard_task_runner.py:76} INFO - Running: ['***', 'tasks', 'run', 'ETLWeatherPrint', 'extract', 'manual__2025-05-20T14:36:52.950432+00:00', '--job-id', '50', '--raw', '--subdir', 'DAGS_FOLDER/01-ETLWeatherPrint.py', '--cfg-path', '/tmp/tmpd1mar0rd', '--error-file', '/tmp/tmpxlqyqmq2']
[2025-05-20 14:36:53,822] {standard_task_runner.py:77} INFO - Job 50: Subtask extract
[2025-05-20 14:36:53,865] {logging_mixin.py:109} INFO - Running <TaskInstance: ETLWeatherPrint.extract manual__2025-05-20T14:36:52.950432+00:00 [running]> on host fabc4724d39b
[2025-05-20 14:36:53,907] {taskinstance.py:1431} INFO - Exporting the following env vars:
AIRFLOW_CTX_DAG_OWNER=***
AIRFLOW_CTX_DAG_ID=ETLWeatherPrint
AIRFLOW_CTX_TASK_ID=extract
AIRFLOW_CTX_EXECUTION_DATE=2025-05-20T14:36:52.950432+00:00
AIRFLOW_CTX_DAG_RUN_ID=manual__2025-05-20T14:36:52.950432+00:00
[2025-05-20 14:36:54,015] {python.py:175} INFO - Done. Returned value was: {'error': {'code': 2008, 'message': 'API key has been disabled.'}}
[2025-05-20 14:36:54,035] {taskinstance.py:1282} INFO - Marking task as SUCCESS. dag_id=ETLWeatherPrint, task_id=extract, execution_date=20250520T143652, start_date=20250520T143653, end_date=20250520T143654
[2025-05-20 14:36:54,073] {local_task_job.py:154} INFO - Task exited with return code 0
[2025-05-20 14:36:54,104] {local_task_job.py:264} INFO - 1 downstream tasks scheduled from follow-on schedule check
